[ 2015-05-03T17:02:34+08:00 ] ::1 /rrzh/index.php/Admin/Login
NOTIC: [8] Use of undefined constant SITE_ROOT - assumed 'SITE_ROOT' G:\wamp\www\rrzh\Application\Admin\Conf\config.php 第 7 行.
NOTIC: [8] Use of undefined constant SITE_ROOT - assumed 'SITE_ROOT' G:\wamp\www\rrzh\Application\Admin\Conf\config.php 第 8 行.

[ 2015-05-03T17:02:38+08:00 ] ::1 /rrzh/index.php/Admin/
NOTIC: [8] Use of undefined constant SITE_ROOT - assumed 'SITE_ROOT' G:\wamp\www\rrzh\Application\Admin\Conf\config.php 第 7 行.
NOTIC: [8] Use of undefined constant SITE_ROOT - assumed 'SITE_ROOT' G:\wamp\www\rrzh\Application\Admin\Conf\config.php 第 8 行.

[ 2015-05-03T17:02:38+08:00 ] ::1 /rrzh/index.php/Admin/Index/login.html
NOTIC: [8] Use of undefined constant SITE_ROOT - assumed 'SITE_ROOT' G:\wamp\www\rrzh\Application\Admin\Conf\config.php 第 7 行.
NOTIC: [8] Use of undefined constant SITE_ROOT - assumed 'SITE_ROOT' G:\wamp\www\rrzh\Application\Admin\Conf\config.php 第 8 行.

[ 2015-05-03T17:02:44+08:00 ] ::1 /rrzh/index.php/Admin/Index/SubmLogin
NOTIC: [8] Use of undefined constant SITE_ROOT - assumed 'SITE_ROOT' G:\wamp\www\rrzh\Application\Admin\Conf\config.php 第 7 行.
NOTIC: [8] Use of undefined constant SITE_ROOT - assumed 'SITE_ROOT' G:\wamp\www\rrzh\Application\Admin\Conf\config.php 第 8 行.
INFO: [ app_begin ] --START--
INFO: Run Behavior\ReadHtmlCache [ RunTime:0.001559s ]
INFO: [ app_begin ] --END-- [ RunTime:0.001951s ]
NOTIC: [8192] mysql_connect(): The mysql extension is deprecated and will be removed in the future: use mysqli or PDO instead G:\wamp\www\rrzh\ThinkPHP\Library\Think\Db\Driver\Mysql.class.php 第 52 行.
SQL: SHOW COLUMNS FROM `rz_admin` [ RunTime:0.091588s ]
SQL: SELECT * FROM `rz_admin` WHERE ( aname='admin' ) LIMIT 1   [ RunTime:0.001401s ]

[ 2015-05-03T17:02:44+08:00 ] ::1 /rrzh/index.php/Admin/Index/index
NOTIC: [8] Use of undefined constant SITE_ROOT - assumed 'SITE_ROOT' G:\wamp\www\rrzh\Application\Admin\Conf\config.php 第 7 行.
NOTIC: [8] Use of undefined constant SITE_ROOT - assumed 'SITE_ROOT' G:\wamp\www\rrzh\Application\Admin\Conf\config.php 第 8 行.

[ 2015-05-03T17:02:49+08:00 ] ::1 /rrzh/index.php/Admin/System/SetColumn
NOTIC: [8] Use of undefined constant SITE_ROOT - assumed 'SITE_ROOT' G:\wamp\www\rrzh\Application\Admin\Conf\config.php 第 7 行.
NOTIC: [8] Use of undefined constant SITE_ROOT - assumed 'SITE_ROOT' G:\wamp\www\rrzh\Application\Admin\Conf\config.php 第 8 行.

[ 2015-05-03T17:02:49+08:00 ] ::1 /rrzh/index.php/Admin/System/__STYLE__/editor/kindeditor-min.js
NOTIC: [8] Use of undefined constant SITE_ROOT - assumed 'SITE_ROOT' G:\wamp\www\rrzh\Application\Admin\Conf\config.php 第 7 行.
NOTIC: [8] Use of undefined constant SITE_ROOT - assumed 'SITE_ROOT' G:\wamp\www\rrzh\Application\Admin\Conf\config.php 第 8 行.
ERR: 非法操作:__style__

