[ 2015-04-27T14:22:01+08:00 ] ::1 /rrzh/index.php/Admin/Login
NOTIC: [8] Use of undefined constant SITE_ROOT - assumed 'SITE_ROOT' G:\wamp\www\rrzh\Application\Admin\Conf\config.php 第 7 行.
NOTIC: [8] Use of undefined constant SITE_ROOT - assumed 'SITE_ROOT' G:\wamp\www\rrzh\Application\Admin\Conf\config.php 第 8 行.

[ 2015-04-27T14:22:09+08:00 ] ::1 /rrzh/index.php/Admin/Index
NOTIC: [8] Use of undefined constant SITE_ROOT - assumed 'SITE_ROOT' G:\wamp\www\rrzh\Application\Admin\Conf\config.php 第 7 行.
NOTIC: [8] Use of undefined constant SITE_ROOT - assumed 'SITE_ROOT' G:\wamp\www\rrzh\Application\Admin\Conf\config.php 第 8 行.

[ 2015-04-27T14:22:12+08:00 ] ::1 /rrzh/index.php/Admin/Essay/BuildEssay
NOTIC: [8] Use of undefined constant SITE_ROOT - assumed 'SITE_ROOT' G:\wamp\www\rrzh\Application\Admin\Conf\config.php 第 7 行.
NOTIC: [8] Use of undefined constant SITE_ROOT - assumed 'SITE_ROOT' G:\wamp\www\rrzh\Application\Admin\Conf\config.php 第 8 行.

[ 2015-04-27T14:22:22+08:00 ] ::1 /rrzh/index.php/Admin/Essay/SaveEssay
NOTIC: [8] Use of undefined constant SITE_ROOT - assumed 'SITE_ROOT' G:\wamp\www\rrzh\Application\Admin\Conf\config.php 第 7 行.
NOTIC: [8] Use of undefined constant SITE_ROOT - assumed 'SITE_ROOT' G:\wamp\www\rrzh\Application\Admin\Conf\config.php 第 8 行.

[ 2015-04-27T14:23:50+08:00 ] ::1 /rrzh/index.php/Admin/Login
NOTIC: [8] Use of undefined constant SITE_ROOT - assumed 'SITE_ROOT' G:\wamp\www\rrzh\Application\Admin\Conf\config.php 第 7 行.
NOTIC: [8] Use of undefined constant SITE_ROOT - assumed 'SITE_ROOT' G:\wamp\www\rrzh\Application\Admin\Conf\config.php 第 8 行.

[ 2015-04-27T14:23:56+08:00 ] ::1 /rrzh/index.php/Admin/Index
NOTIC: [8] Use of undefined constant SITE_ROOT - assumed 'SITE_ROOT' G:\wamp\www\rrzh\Application\Admin\Conf\config.php 第 7 行.
NOTIC: [8] Use of undefined constant SITE_ROOT - assumed 'SITE_ROOT' G:\wamp\www\rrzh\Application\Admin\Conf\config.php 第 8 行.

[ 2015-04-27T14:23:56+08:00 ] ::1 /rrzh/index.php/Admin/Index/login.html
NOTIC: [8] Use of undefined constant SITE_ROOT - assumed 'SITE_ROOT' G:\wamp\www\rrzh\Application\Admin\Conf\config.php 第 7 行.
NOTIC: [8] Use of undefined constant SITE_ROOT - assumed 'SITE_ROOT' G:\wamp\www\rrzh\Application\Admin\Conf\config.php 第 8 行.

[ 2015-04-27T14:24:03+08:00 ] ::1 /rrzh/index.php/Admin/Index/SubmLogin
NOTIC: [8] Use of undefined constant SITE_ROOT - assumed 'SITE_ROOT' G:\wamp\www\rrzh\Application\Admin\Conf\config.php 第 7 行.
NOTIC: [8] Use of undefined constant SITE_ROOT - assumed 'SITE_ROOT' G:\wamp\www\rrzh\Application\Admin\Conf\config.php 第 8 行.
INFO: [ app_begin ] --START--
INFO: Run Behavior\ReadHtmlCache [ RunTime:0.002592s ]
INFO: [ app_begin ] --END-- [ RunTime:0.002940s ]
NOTIC: [8192] mysql_connect(): The mysql extension is deprecated and will be removed in the future: use mysqli or PDO instead G:\wamp\www\rrzh\ThinkPHP\Library\Think\Db\Driver\Mysql.class.php 第 52 行.
SQL: SHOW COLUMNS FROM `rz_admin` [ RunTime:0.010223s ]
SQL: SELECT * FROM `rz_admin` WHERE ( aname='admin' ) LIMIT 1   [ RunTime:0.001350s ]

[ 2015-04-27T14:24:03+08:00 ] ::1 /rrzh/index.php/Admin/Index/index
NOTIC: [8] Use of undefined constant SITE_ROOT - assumed 'SITE_ROOT' G:\wamp\www\rrzh\Application\Admin\Conf\config.php 第 7 行.
NOTIC: [8] Use of undefined constant SITE_ROOT - assumed 'SITE_ROOT' G:\wamp\www\rrzh\Application\Admin\Conf\config.php 第 8 行.

[ 2015-04-27T14:24:05+08:00 ] ::1 /rrzh/index.php/Admin/Essay/BuildEssay
NOTIC: [8] Use of undefined constant SITE_ROOT - assumed 'SITE_ROOT' G:\wamp\www\rrzh\Application\Admin\Conf\config.php 第 7 行.
NOTIC: [8] Use of undefined constant SITE_ROOT - assumed 'SITE_ROOT' G:\wamp\www\rrzh\Application\Admin\Conf\config.php 第 8 行.

[ 2015-04-27T14:24:14+08:00 ] ::1 /rrzh/index.php/Admin/Essay/SaveEssay
NOTIC: [8] Use of undefined constant SITE_ROOT - assumed 'SITE_ROOT' G:\wamp\www\rrzh\Application\Admin\Conf\config.php 第 7 行.
NOTIC: [8] Use of undefined constant SITE_ROOT - assumed 'SITE_ROOT' G:\wamp\www\rrzh\Application\Admin\Conf\config.php 第 8 行.

[ 2015-04-27T14:34:48+08:00 ] ::1 /rrzh/index.php/Admin/Essay/SaveEssay
NOTIC: [8] Use of undefined constant SITE_ROOT - assumed 'SITE_ROOT' G:\wamp\www\rrzh\Application\Admin\Conf\config.php 第 7 行.
NOTIC: [8] Use of undefined constant SITE_ROOT - assumed 'SITE_ROOT' G:\wamp\www\rrzh\Application\Admin\Conf\config.php 第 8 行.

[ 2015-04-27T14:34:51+08:00 ] ::1 /rrzh/index.php/Admin/Essay/SaveEssay
NOTIC: [8] Use of undefined constant SITE_ROOT - assumed 'SITE_ROOT' G:\wamp\www\rrzh\Application\Admin\Conf\config.php 第 7 行.
NOTIC: [8] Use of undefined constant SITE_ROOT - assumed 'SITE_ROOT' G:\wamp\www\rrzh\Application\Admin\Conf\config.php 第 8 行.

[ 2015-04-27T14:34:59+08:00 ] ::1 /rrzh/index.php/Admin/Essay/SaveEssay
NOTIC: [8] Use of undefined constant SITE_ROOT - assumed 'SITE_ROOT' G:\wamp\www\rrzh\Application\Admin\Conf\config.php 第 7 行.
NOTIC: [8] Use of undefined constant SITE_ROOT - assumed 'SITE_ROOT' G:\wamp\www\rrzh\Application\Admin\Conf\config.php 第 8 行.

[ 2015-04-27T14:35:06+08:00 ] ::1 /rrzh/index.php/Admin/Essay/SaveEssay
NOTIC: [8] Use of undefined constant SITE_ROOT - assumed 'SITE_ROOT' G:\wamp\www\rrzh\Application\Admin\Conf\config.php 第 7 行.
NOTIC: [8] Use of undefined constant SITE_ROOT - assumed 'SITE_ROOT' G:\wamp\www\rrzh\Application\Admin\Conf\config.php 第 8 行.

[ 2015-04-27T14:36:04+08:00 ] ::1 /rrzh/index.php/Admin/Essay/SaveEssay
NOTIC: [8] Use of undefined constant SITE_ROOT - assumed 'SITE_ROOT' G:\wamp\www\rrzh\Application\Admin\Conf\config.php 第 7 行.
NOTIC: [8] Use of undefined constant SITE_ROOT - assumed 'SITE_ROOT' G:\wamp\www\rrzh\Application\Admin\Conf\config.php 第 8 行.

[ 2015-04-27T14:37:29+08:00 ] ::1 /rrzh/index.php/Admin/Essay/SaveEssay
NOTIC: [8] Use of undefined constant SITE_ROOT - assumed 'SITE_ROOT' G:\wamp\www\rrzh\Application\Admin\Conf\config.php 第 7 行.
NOTIC: [8] Use of undefined constant SITE_ROOT - assumed 'SITE_ROOT' G:\wamp\www\rrzh\Application\Admin\Conf\config.php 第 8 行.

[ 2015-04-27T14:42:17+08:00 ] ::1 /rrzh/index.php/Admin/Essay/SaveEssay
NOTIC: [8] Use of undefined constant SITE_ROOT - assumed 'SITE_ROOT' G:\wamp\www\rrzh\Application\Admin\Conf\config.php 第 7 行.
NOTIC: [8] Use of undefined constant SITE_ROOT - assumed 'SITE_ROOT' G:\wamp\www\rrzh\Application\Admin\Conf\config.php 第 8 行.

[ 2015-04-27T14:42:50+08:00 ] ::1 /rrzh/index.php/Admin/Essay/SaveEssay
NOTIC: [8] Use of undefined constant SITE_ROOT - assumed 'SITE_ROOT' G:\wamp\www\rrzh\Application\Admin\Conf\config.php 第 7 行.
NOTIC: [8] Use of undefined constant SITE_ROOT - assumed 'SITE_ROOT' G:\wamp\www\rrzh\Application\Admin\Conf\config.php 第 8 行.

[ 2015-04-27T14:42:54+08:00 ] ::1 /rrzh/index.php/Admin/Essay/BuildEssay
NOTIC: [8] Use of undefined constant SITE_ROOT - assumed 'SITE_ROOT' G:\wamp\www\rrzh\Application\Admin\Conf\config.php 第 7 行.
NOTIC: [8] Use of undefined constant SITE_ROOT - assumed 'SITE_ROOT' G:\wamp\www\rrzh\Application\Admin\Conf\config.php 第 8 行.

[ 2015-04-27T14:43:01+08:00 ] ::1 /rrzh/index.php/Admin/Essay/SaveEssay
NOTIC: [8] Use of undefined constant SITE_ROOT - assumed 'SITE_ROOT' G:\wamp\www\rrzh\Application\Admin\Conf\config.php 第 7 行.
NOTIC: [8] Use of undefined constant SITE_ROOT - assumed 'SITE_ROOT' G:\wamp\www\rrzh\Application\Admin\Conf\config.php 第 8 行.

[ 2015-04-27T14:43:50+08:00 ] ::1 /rrzh/index.php/Admin/Essay/SaveEssay
NOTIC: [8] Use of undefined constant SITE_ROOT - assumed 'SITE_ROOT' G:\wamp\www\rrzh\Application\Admin\Conf\config.php 第 7 行.
NOTIC: [8] Use of undefined constant SITE_ROOT - assumed 'SITE_ROOT' G:\wamp\www\rrzh\Application\Admin\Conf\config.php 第 8 行.

[ 2015-04-27T14:43:56+08:00 ] ::1 /rrzh/index.php/Admin/Essay/BuildEssay
NOTIC: [8] Use of undefined constant SITE_ROOT - assumed 'SITE_ROOT' G:\wamp\www\rrzh\Application\Admin\Conf\config.php 第 7 行.
NOTIC: [8] Use of undefined constant SITE_ROOT - assumed 'SITE_ROOT' G:\wamp\www\rrzh\Application\Admin\Conf\config.php 第 8 行.

[ 2015-04-27T14:44:07+08:00 ] ::1 /rrzh/index.php/Admin/Essay/SaveEssay
NOTIC: [8] Use of undefined constant SITE_ROOT - assumed 'SITE_ROOT' G:\wamp\www\rrzh\Application\Admin\Conf\config.php 第 7 行.
NOTIC: [8] Use of undefined constant SITE_ROOT - assumed 'SITE_ROOT' G:\wamp\www\rrzh\Application\Admin\Conf\config.php 第 8 行.
INFO: [ app_begin ] --START--
INFO: Run Behavior\ReadHtmlCache [ RunTime:0.003068s ]
INFO: [ app_begin ] --END-- [ RunTime:0.003615s ]
NOTIC: [8192] mysql_connect(): The mysql extension is deprecated and will be removed in the future: use mysqli or PDO instead G:\wamp\www\rrzh\ThinkPHP\Library\Think\Db\Driver\Mysql.class.php 第 52 行.
SQL: SHOW COLUMNS FROM `rz_essay` [ RunTime:0.010220s ]
SQL: INSERT INTO `rz_essay` (`edetail`,`etitle`,`efrom`,`code`,`ebuild`,`aname`) VALUES ('adhfdfshj','adxgda','asdhhd','lqpx','2015-04-27 14:44:07','admin') [ RunTime:0.001417s ]

[ 2015-04-27T14:44:09+08:00 ] ::1 /rrzh/index.php/Admin/Essay/SaveEssay
NOTIC: [8] Use of undefined constant SITE_ROOT - assumed 'SITE_ROOT' G:\wamp\www\rrzh\Application\Admin\Conf\config.php 第 7 行.
NOTIC: [8] Use of undefined constant SITE_ROOT - assumed 'SITE_ROOT' G:\wamp\www\rrzh\Application\Admin\Conf\config.php 第 8 行.
INFO: [ app_begin ] --START--
INFO: Run Behavior\ReadHtmlCache [ RunTime:0.003171s ]
INFO: [ app_begin ] --END-- [ RunTime:0.003563s ]
NOTIC: [8192] mysql_connect(): The mysql extension is deprecated and will be removed in the future: use mysqli or PDO instead G:\wamp\www\rrzh\ThinkPHP\Library\Think\Db\Driver\Mysql.class.php 第 52 行.
SQL: SHOW COLUMNS FROM `rz_essay` [ RunTime:0.010410s ]
SQL: INSERT INTO `rz_essay` (`edetail`,`etitle`,`efrom`,`code`,`ebuild`,`aname`) VALUES ('adhfdfshj','adxgda','asdhhd','lqpx','2015-04-27 14:44:09','admin') [ RunTime:0.001245s ]

[ 2015-04-27T14:44:29+08:00 ] ::1 /rrzh/index.php/Admin/Essay/SaveEssay
NOTIC: [8] Use of undefined constant SITE_ROOT - assumed 'SITE_ROOT' G:\wamp\www\rrzh\Application\Admin\Conf\config.php 第 7 行.
NOTIC: [8] Use of undefined constant SITE_ROOT - assumed 'SITE_ROOT' G:\wamp\www\rrzh\Application\Admin\Conf\config.php 第 8 行.
INFO: [ app_begin ] --START--
INFO: Run Behavior\ReadHtmlCache [ RunTime:0.002815s ]
INFO: [ app_begin ] --END-- [ RunTime:0.003225s ]
NOTIC: [8192] mysql_connect(): The mysql extension is deprecated and will be removed in the future: use mysqli or PDO instead G:\wamp\www\rrzh\ThinkPHP\Library\Think\Db\Driver\Mysql.class.php 第 52 行.
SQL: SHOW COLUMNS FROM `rz_essay` [ RunTime:0.011070s ]
SQL: INSERT INTO `rz_essay` (`edetail`,`etitle`,`efrom`,`code`,`ebuild`,`aname`) VALUES ('adhfdfshj','adxgda','asdhhd','lqpx','2015-04-27 14:44:29','admin') [ RunTime:0.001243s ]

[ 2015-04-27T14:44:31+08:00 ] ::1 /rrzh/index.php/Admin/Essay/AllEssay
NOTIC: [8] Use of undefined constant SITE_ROOT - assumed 'SITE_ROOT' G:\wamp\www\rrzh\Application\Admin\Conf\config.php 第 7 行.
NOTIC: [8] Use of undefined constant SITE_ROOT - assumed 'SITE_ROOT' G:\wamp\www\rrzh\Application\Admin\Conf\config.php 第 8 行.

[ 2015-04-27T14:44:40+08:00 ] ::1 /rrzh/index.php/Admin/Essay/BuildEssay
NOTIC: [8] Use of undefined constant SITE_ROOT - assumed 'SITE_ROOT' G:\wamp\www\rrzh\Application\Admin\Conf\config.php 第 7 行.
NOTIC: [8] Use of undefined constant SITE_ROOT - assumed 'SITE_ROOT' G:\wamp\www\rrzh\Application\Admin\Conf\config.php 第 8 行.

[ 2015-04-27T14:44:52+08:00 ] ::1 /rrzh/index.php/Admin/Essay/SaveEssay
NOTIC: [8] Use of undefined constant SITE_ROOT - assumed 'SITE_ROOT' G:\wamp\www\rrzh\Application\Admin\Conf\config.php 第 7 行.
NOTIC: [8] Use of undefined constant SITE_ROOT - assumed 'SITE_ROOT' G:\wamp\www\rrzh\Application\Admin\Conf\config.php 第 8 行.
INFO: [ app_begin ] --START--
INFO: Run Behavior\ReadHtmlCache [ RunTime:0.002881s ]
INFO: [ app_begin ] --END-- [ RunTime:0.003251s ]
NOTIC: [8192] mysql_connect(): The mysql extension is deprecated and will be removed in the future: use mysqli or PDO instead G:\wamp\www\rrzh\ThinkPHP\Library\Think\Db\Driver\Mysql.class.php 第 52 行.
SQL: SHOW COLUMNS FROM `rz_essay` [ RunTime:0.009943s ]
SQL: INSERT INTO `rz_essay` (`edetail`,`etitle`,`efrom`,`code`,`ebuild`,`aname`) VALUES ('asdgdsfhjj','我校召开信息学院筹建工作会议','adgdafhhj','lqpx','2015-04-27 14:44:52','admin') [ RunTime:0.001153s ]

[ 2015-04-27T14:44:55+08:00 ] ::1 /rrzh/index.php/Admin/Essay/AllEssay
NOTIC: [8] Use of undefined constant SITE_ROOT - assumed 'SITE_ROOT' G:\wamp\www\rrzh\Application\Admin\Conf\config.php 第 7 行.
NOTIC: [8] Use of undefined constant SITE_ROOT - assumed 'SITE_ROOT' G:\wamp\www\rrzh\Application\Admin\Conf\config.php 第 8 行.

[ 2015-04-27T14:45:00+08:00 ] ::1 /rrzh/index.php/Admin/Essay/BuildEssay
NOTIC: [8] Use of undefined constant SITE_ROOT - assumed 'SITE_ROOT' G:\wamp\www\rrzh\Application\Admin\Conf\config.php 第 7 行.
NOTIC: [8] Use of undefined constant SITE_ROOT - assumed 'SITE_ROOT' G:\wamp\www\rrzh\Application\Admin\Conf\config.php 第 8 行.

[ 2015-04-27T14:45:08+08:00 ] ::1 /rrzh/index.php/Admin/Essay/SaveEssay
NOTIC: [8] Use of undefined constant SITE_ROOT - assumed 'SITE_ROOT' G:\wamp\www\rrzh\Application\Admin\Conf\config.php 第 7 行.
NOTIC: [8] Use of undefined constant SITE_ROOT - assumed 'SITE_ROOT' G:\wamp\www\rrzh\Application\Admin\Conf\config.php 第 8 行.
INFO: [ app_begin ] --START--
INFO: Run Behavior\ReadHtmlCache [ RunTime:0.003178s ]
INFO: [ app_begin ] --END-- [ RunTime:0.003818s ]
NOTIC: [8] Undefined index: cpar G:\wamp\www\rrzh\Application\Admin\Controller\EssayController.class.php 第 176 行.
NOTIC: [8192] mysql_connect(): The mysql extension is deprecated and will be removed in the future: use mysqli or PDO instead G:\wamp\www\rrzh\ThinkPHP\Library\Think\Db\Driver\Mysql.class.php 第 52 行.
SQL: SHOW COLUMNS FROM `rz_essay` [ RunTime:0.010159s ]
SQL: INSERT INTO `rz_essay` (`edetail`,`etitle`,`efrom`,`code`,`ebuild`,`aname`) VALUES ('asdetsdjtty','我校召开信息学院筹建工作会议','aweyraj',null,'2015-04-27 14:45:08','admin') [ RunTime:0.001033s ]
ERR: 1048:Column 'code' cannot be null
 [ SQL语句 ] : INSERT INTO `rz_essay` (`edetail`,`etitle`,`efrom`,`code`,`ebuild`,`aname`) VALUES ('asdetsdjtty','我校召开信息学院筹建工作会议','aweyraj',null,'2015-04-27 14:45:08','admin')

[ 2015-04-27T14:45:26+08:00 ] ::1 /rrzh/index.php/Admin/Expert/allExpert
NOTIC: [8] Use of undefined constant SITE_ROOT - assumed 'SITE_ROOT' G:\wamp\www\rrzh\Application\Admin\Conf\config.php 第 7 行.
NOTIC: [8] Use of undefined constant SITE_ROOT - assumed 'SITE_ROOT' G:\wamp\www\rrzh\Application\Admin\Conf\config.php 第 8 行.

[ 2015-04-27T14:47:30+08:00 ] ::1 /rrzh/index.php/Admin/Expert/allExpert
NOTIC: [8] Use of undefined constant SITE_ROOT - assumed 'SITE_ROOT' G:\wamp\www\rrzh\Application\Admin\Conf\config.php 第 7 行.
NOTIC: [8] Use of undefined constant SITE_ROOT - assumed 'SITE_ROOT' G:\wamp\www\rrzh\Application\Admin\Conf\config.php 第 8 行.

[ 2015-04-27T15:09:22+08:00 ] ::1 /rrzh/index.php/Admin/Expert/allExpert
NOTIC: [8] Use of undefined constant SITE_ROOT - assumed 'SITE_ROOT' G:\wamp\www\rrzh\Application\Admin\Conf\config.php 第 7 行.
NOTIC: [8] Use of undefined constant SITE_ROOT - assumed 'SITE_ROOT' G:\wamp\www\rrzh\Application\Admin\Conf\config.php 第 8 行.

[ 2015-04-27T15:09:46+08:00 ] ::1 /rrzh/index.php/Admin/Expert/allExpert
NOTIC: [8] Use of undefined constant SITE_ROOT - assumed 'SITE_ROOT' G:\wamp\www\rrzh\Application\Admin\Conf\config.php 第 7 行.
NOTIC: [8] Use of undefined constant SITE_ROOT - assumed 'SITE_ROOT' G:\wamp\www\rrzh\Application\Admin\Conf\config.php 第 8 行.

[ 2015-04-27T15:10:19+08:00 ] ::1 /rrzh/index.php/Admin/Expert/allExpert
NOTIC: [8] Use of undefined constant SITE_ROOT - assumed 'SITE_ROOT' G:\wamp\www\rrzh\Application\Admin\Conf\config.php 第 7 行.
NOTIC: [8] Use of undefined constant SITE_ROOT - assumed 'SITE_ROOT' G:\wamp\www\rrzh\Application\Admin\Conf\config.php 第 8 行.

[ 2015-04-27T15:12:05+08:00 ] ::1 /rrzh/index.php/Admin/Expert/allExpert
NOTIC: [8] Use of undefined constant SITE_ROOT - assumed 'SITE_ROOT' G:\wamp\www\rrzh\Application\Admin\Conf\config.php 第 7 行.
NOTIC: [8] Use of undefined constant SITE_ROOT - assumed 'SITE_ROOT' G:\wamp\www\rrzh\Application\Admin\Conf\config.php 第 8 行.

[ 2015-04-27T15:20:21+08:00 ] ::1 /rrzh/index.php/Admin/Expert/allExpert
NOTIC: [8] Use of undefined constant SITE_ROOT - assumed 'SITE_ROOT' G:\wamp\www\rrzh\Application\Admin\Conf\config.php 第 7 行.
NOTIC: [8] Use of undefined constant SITE_ROOT - assumed 'SITE_ROOT' G:\wamp\www\rrzh\Application\Admin\Conf\config.php 第 8 行.

[ 2015-04-27T15:21:26+08:00 ] ::1 /rrzh/index.php/Admin/Expert/allExpert
NOTIC: [8] Use of undefined constant SITE_ROOT - assumed 'SITE_ROOT' G:\wamp\www\rrzh\Application\Admin\Conf\config.php 第 7 行.
NOTIC: [8] Use of undefined constant SITE_ROOT - assumed 'SITE_ROOT' G:\wamp\www\rrzh\Application\Admin\Conf\config.php 第 8 行.

[ 2015-04-27T15:22:07+08:00 ] ::1 /rrzh/index.php/Admin/Expert/allExpert
NOTIC: [8] Use of undefined constant SITE_ROOT - assumed 'SITE_ROOT' G:\wamp\www\rrzh\Application\Admin\Conf\config.php 第 7 行.
NOTIC: [8] Use of undefined constant SITE_ROOT - assumed 'SITE_ROOT' G:\wamp\www\rrzh\Application\Admin\Conf\config.php 第 8 行.

[ 2015-04-27T15:22:43+08:00 ] ::1 /rrzh/index.php/Admin/Homepage/UpdateSlider
NOTIC: [8] Use of undefined constant SITE_ROOT - assumed 'SITE_ROOT' G:\wamp\www\rrzh\Application\Admin\Conf\config.php 第 7 行.
NOTIC: [8] Use of undefined constant SITE_ROOT - assumed 'SITE_ROOT' G:\wamp\www\rrzh\Application\Admin\Conf\config.php 第 8 行.

[ 2015-04-27T15:22:45+08:00 ] ::1 /rrzh/index.php/Admin/Homepage/SaveSlider
NOTIC: [8] Use of undefined constant SITE_ROOT - assumed 'SITE_ROOT' G:\wamp\www\rrzh\Application\Admin\Conf\config.php 第 7 行.
NOTIC: [8] Use of undefined constant SITE_ROOT - assumed 'SITE_ROOT' G:\wamp\www\rrzh\Application\Admin\Conf\config.php 第 8 行.

[ 2015-04-27T15:22:45+08:00 ] ::1 /rrzh/index.php/Admin/Homepage/UpdateSlider.html
NOTIC: [8] Use of undefined constant SITE_ROOT - assumed 'SITE_ROOT' G:\wamp\www\rrzh\Application\Admin\Conf\config.php 第 7 行.
NOTIC: [8] Use of undefined constant SITE_ROOT - assumed 'SITE_ROOT' G:\wamp\www\rrzh\Application\Admin\Conf\config.php 第 8 行.

[ 2015-04-27T15:23:53+08:00 ] ::1 /rrzh/index.php/Admin/Homepage/UpdateSlider.html
NOTIC: [8] Use of undefined constant SITE_ROOT - assumed 'SITE_ROOT' G:\wamp\www\rrzh\Application\Admin\Conf\config.php 第 7 行.
NOTIC: [8] Use of undefined constant SITE_ROOT - assumed 'SITE_ROOT' G:\wamp\www\rrzh\Application\Admin\Conf\config.php 第 8 行.

[ 2015-04-27T15:23:56+08:00 ] ::1 /rrzh/index.php/Admin/Expert/allExpert
NOTIC: [8] Use of undefined constant SITE_ROOT - assumed 'SITE_ROOT' G:\wamp\www\rrzh\Application\Admin\Conf\config.php 第 7 行.
NOTIC: [8] Use of undefined constant SITE_ROOT - assumed 'SITE_ROOT' G:\wamp\www\rrzh\Application\Admin\Conf\config.php 第 8 行.

[ 2015-04-27T15:24:06+08:00 ] ::1 /rrzh/index.php/Admin/Expert/allExpert
NOTIC: [8] Use of undefined constant SITE_ROOT - assumed 'SITE_ROOT' G:\wamp\www\rrzh\Application\Admin\Conf\config.php 第 7 行.
NOTIC: [8] Use of undefined constant SITE_ROOT - assumed 'SITE_ROOT' G:\wamp\www\rrzh\Application\Admin\Conf\config.php 第 8 行.

[ 2015-04-27T15:26:54+08:00 ] ::1 /rrzh/index.php/Admin/Expert/allExpert
NOTIC: [8] Use of undefined constant SITE_ROOT - assumed 'SITE_ROOT' G:\wamp\www\rrzh\Application\Admin\Conf\config.php 第 7 行.
NOTIC: [8] Use of undefined constant SITE_ROOT - assumed 'SITE_ROOT' G:\wamp\www\rrzh\Application\Admin\Conf\config.php 第 8 行.

[ 2015-04-27T15:27:32+08:00 ] ::1 /rrzh/index.php/Admin/Expert/allExpert
NOTIC: [8] Use of undefined constant SITE_ROOT - assumed 'SITE_ROOT' G:\wamp\www\rrzh\Application\Admin\Conf\config.php 第 7 行.
NOTIC: [8] Use of undefined constant SITE_ROOT - assumed 'SITE_ROOT' G:\wamp\www\rrzh\Application\Admin\Conf\config.php 第 8 行.

[ 2015-04-27T15:28:05+08:00 ] ::1 /rrzh/index.php/Admin/Expert/allExpert
NOTIC: [8] Use of undefined constant SITE_ROOT - assumed 'SITE_ROOT' G:\wamp\www\rrzh\Application\Admin\Conf\config.php 第 7 行.
NOTIC: [8] Use of undefined constant SITE_ROOT - assumed 'SITE_ROOT' G:\wamp\www\rrzh\Application\Admin\Conf\config.php 第 8 行.

[ 2015-04-27T15:29:21+08:00 ] ::1 /rrzh/index.php/Admin/Expert/allExpert
NOTIC: [8] Use of undefined constant SITE_ROOT - assumed 'SITE_ROOT' G:\wamp\www\rrzh\Application\Admin\Conf\config.php 第 7 行.
NOTIC: [8] Use of undefined constant SITE_ROOT - assumed 'SITE_ROOT' G:\wamp\www\rrzh\Application\Admin\Conf\config.php 第 8 行.

[ 2015-04-27T15:30:12+08:00 ] ::1 /rrzh/index.php/Admin/Expert/allExpert
NOTIC: [8] Use of undefined constant SITE_ROOT - assumed 'SITE_ROOT' G:\wamp\www\rrzh\Application\Admin\Conf\config.php 第 7 行.
NOTIC: [8] Use of undefined constant SITE_ROOT - assumed 'SITE_ROOT' G:\wamp\www\rrzh\Application\Admin\Conf\config.php 第 8 行.

[ 2015-04-27T15:30:21+08:00 ] ::1 /rrzh/index.php/Admin/Homepage/UpdateSlider
NOTIC: [8] Use of undefined constant SITE_ROOT - assumed 'SITE_ROOT' G:\wamp\www\rrzh\Application\Admin\Conf\config.php 第 7 行.
NOTIC: [8] Use of undefined constant SITE_ROOT - assumed 'SITE_ROOT' G:\wamp\www\rrzh\Application\Admin\Conf\config.php 第 8 行.

[ 2015-04-27T15:31:03+08:00 ] ::1 /rrzh/index.php/Admin/Homepage/UpdateSlider
NOTIC: [8] Use of undefined constant SITE_ROOT - assumed 'SITE_ROOT' G:\wamp\www\rrzh\Application\Admin\Conf\config.php 第 7 行.
NOTIC: [8] Use of undefined constant SITE_ROOT - assumed 'SITE_ROOT' G:\wamp\www\rrzh\Application\Admin\Conf\config.php 第 8 行.

[ 2015-04-27T15:31:05+08:00 ] ::1 /rrzh/index.php/Admin/Expert/allExpert
NOTIC: [8] Use of undefined constant SITE_ROOT - assumed 'SITE_ROOT' G:\wamp\www\rrzh\Application\Admin\Conf\config.php 第 7 行.
NOTIC: [8] Use of undefined constant SITE_ROOT - assumed 'SITE_ROOT' G:\wamp\www\rrzh\Application\Admin\Conf\config.php 第 8 行.

[ 2015-04-27T15:31:13+08:00 ] ::1 /rrzh/index.php/Admin/Homepage/UpdateSlider
NOTIC: [8] Use of undefined constant SITE_ROOT - assumed 'SITE_ROOT' G:\wamp\www\rrzh\Application\Admin\Conf\config.php 第 7 行.
NOTIC: [8] Use of undefined constant SITE_ROOT - assumed 'SITE_ROOT' G:\wamp\www\rrzh\Application\Admin\Conf\config.php 第 8 行.

[ 2015-04-27T15:31:59+08:00 ] ::1 /rrzh/index.php/Admin/Homepage/UpdateSlider
NOTIC: [8] Use of undefined constant SITE_ROOT - assumed 'SITE_ROOT' G:\wamp\www\rrzh\Application\Admin\Conf\config.php 第 7 行.
NOTIC: [8] Use of undefined constant SITE_ROOT - assumed 'SITE_ROOT' G:\wamp\www\rrzh\Application\Admin\Conf\config.php 第 8 行.

[ 2015-04-27T15:32:01+08:00 ] ::1 /rrzh/index.php/Admin/Expert/allExpert
NOTIC: [8] Use of undefined constant SITE_ROOT - assumed 'SITE_ROOT' G:\wamp\www\rrzh\Application\Admin\Conf\config.php 第 7 行.
NOTIC: [8] Use of undefined constant SITE_ROOT - assumed 'SITE_ROOT' G:\wamp\www\rrzh\Application\Admin\Conf\config.php 第 8 行.

[ 2015-04-27T15:32:11+08:00 ] ::1 /rrzh/index.php/Admin/Expert/allExpert
NOTIC: [8] Use of undefined constant SITE_ROOT - assumed 'SITE_ROOT' G:\wamp\www\rrzh\Application\Admin\Conf\config.php 第 7 行.
NOTIC: [8] Use of undefined constant SITE_ROOT - assumed 'SITE_ROOT' G:\wamp\www\rrzh\Application\Admin\Conf\config.php 第 8 行.

[ 2015-04-27T15:32:14+08:00 ] ::1 /rrzh/index.php/Admin/Expert/allExpert
NOTIC: [8] Use of undefined constant SITE_ROOT - assumed 'SITE_ROOT' G:\wamp\www\rrzh\Application\Admin\Conf\config.php 第 7 行.
NOTIC: [8] Use of undefined constant SITE_ROOT - assumed 'SITE_ROOT' G:\wamp\www\rrzh\Application\Admin\Conf\config.php 第 8 行.

[ 2015-04-27T15:44:47+08:00 ] ::1 /rrzh/index.php/Admin/Expert/allExpert
NOTIC: [8] Use of undefined constant SITE_ROOT - assumed 'SITE_ROOT' G:\wamp\www\rrzh\Application\Admin\Conf\config.php 第 7 行.
NOTIC: [8] Use of undefined constant SITE_ROOT - assumed 'SITE_ROOT' G:\wamp\www\rrzh\Application\Admin\Conf\config.php 第 8 行.

[ 2015-04-27T15:45:53+08:00 ] ::1 /rrzh/index.php/Admin/Expert/allExpert
NOTIC: [8] Use of undefined constant SITE_ROOT - assumed 'SITE_ROOT' G:\wamp\www\rrzh\Application\Admin\Conf\config.php 第 7 行.
NOTIC: [8] Use of undefined constant SITE_ROOT - assumed 'SITE_ROOT' G:\wamp\www\rrzh\Application\Admin\Conf\config.php 第 8 行.

[ 2015-04-27T15:45:56+08:00 ] ::1 /rrzh/index.php/Admin/Expert/allExpert
NOTIC: [8] Use of undefined constant SITE_ROOT - assumed 'SITE_ROOT' G:\wamp\www\rrzh\Application\Admin\Conf\config.php 第 7 行.
NOTIC: [8] Use of undefined constant SITE_ROOT - assumed 'SITE_ROOT' G:\wamp\www\rrzh\Application\Admin\Conf\config.php 第 8 行.

[ 2015-04-27T15:46:03+08:00 ] ::1 /rrzh/index.php/Admin/Expert/allExpert
NOTIC: [8] Use of undefined constant SITE_ROOT - assumed 'SITE_ROOT' G:\wamp\www\rrzh\Application\Admin\Conf\config.php 第 7 行.
NOTIC: [8] Use of undefined constant SITE_ROOT - assumed 'SITE_ROOT' G:\wamp\www\rrzh\Application\Admin\Conf\config.php 第 8 行.

[ 2015-04-27T15:46:22+08:00 ] ::1 /rrzh/index.php/Admin/Expert/allExpert
NOTIC: [8] Use of undefined constant SITE_ROOT - assumed 'SITE_ROOT' G:\wamp\www\rrzh\Application\Admin\Conf\config.php 第 7 行.
NOTIC: [8] Use of undefined constant SITE_ROOT - assumed 'SITE_ROOT' G:\wamp\www\rrzh\Application\Admin\Conf\config.php 第 8 行.

[ 2015-04-27T15:46:24+08:00 ] ::1 /rrzh/index.php/Admin/Expert/saveFile
NOTIC: [8] Use of undefined constant SITE_ROOT - assumed 'SITE_ROOT' G:\wamp\www\rrzh\Application\Admin\Conf\config.php 第 7 行.
NOTIC: [8] Use of undefined constant SITE_ROOT - assumed 'SITE_ROOT' G:\wamp\www\rrzh\Application\Admin\Conf\config.php 第 8 行.

[ 2015-04-27T15:46:38+08:00 ] ::1 /rrzh/index.php/Admin/Expert/saveFile
NOTIC: [8] Use of undefined constant SITE_ROOT - assumed 'SITE_ROOT' G:\wamp\www\rrzh\Application\Admin\Conf\config.php 第 7 行.
NOTIC: [8] Use of undefined constant SITE_ROOT - assumed 'SITE_ROOT' G:\wamp\www\rrzh\Application\Admin\Conf\config.php 第 8 行.

[ 2015-04-27T15:46:38+08:00 ] ::1 /rrzh/index.php/Admin/Expert/allExpert.html
NOTIC: [8] Use of undefined constant SITE_ROOT - assumed 'SITE_ROOT' G:\wamp\www\rrzh\Application\Admin\Conf\config.php 第 7 行.
NOTIC: [8] Use of undefined constant SITE_ROOT - assumed 'SITE_ROOT' G:\wamp\www\rrzh\Application\Admin\Conf\config.php 第 8 行.

[ 2015-04-27T15:46:45+08:00 ] ::1 /rrzh/index.php/Admin/Expert/allExpert.html
NOTIC: [8] Use of undefined constant SITE_ROOT - assumed 'SITE_ROOT' G:\wamp\www\rrzh\Application\Admin\Conf\config.php 第 7 行.
NOTIC: [8] Use of undefined constant SITE_ROOT - assumed 'SITE_ROOT' G:\wamp\www\rrzh\Application\Admin\Conf\config.php 第 8 行.

[ 2015-04-27T15:46:55+08:00 ] ::1 /rrzh/index.php/Admin/Expert/allExpert.html
NOTIC: [8] Use of undefined constant SITE_ROOT - assumed 'SITE_ROOT' G:\wamp\www\rrzh\Application\Admin\Conf\config.php 第 7 行.
NOTIC: [8] Use of undefined constant SITE_ROOT - assumed 'SITE_ROOT' G:\wamp\www\rrzh\Application\Admin\Conf\config.php 第 8 行.

[ 2015-04-27T15:48:23+08:00 ] ::1 /rrzh/index.php/Admin/Expert/allExpert.html
NOTIC: [8] Use of undefined constant SITE_ROOT - assumed 'SITE_ROOT' G:\wamp\www\rrzh\Application\Admin\Conf\config.php 第 7 行.
NOTIC: [8] Use of undefined constant SITE_ROOT - assumed 'SITE_ROOT' G:\wamp\www\rrzh\Application\Admin\Conf\config.php 第 8 行.

[ 2015-04-27T15:50:20+08:00 ] ::1 /rrzh/index.php/Admin/Expert/allExpert.html
NOTIC: [8] Use of undefined constant SITE_ROOT - assumed 'SITE_ROOT' G:\wamp\www\rrzh\Application\Admin\Conf\config.php 第 7 行.
NOTIC: [8] Use of undefined constant SITE_ROOT - assumed 'SITE_ROOT' G:\wamp\www\rrzh\Application\Admin\Conf\config.php 第 8 行.

[ 2015-04-27T15:50:22+08:00 ] ::1 /rrzh/index.php/Admin/Expert/saveFile
NOTIC: [8] Use of undefined constant SITE_ROOT - assumed 'SITE_ROOT' G:\wamp\www\rrzh\Application\Admin\Conf\config.php 第 7 行.
NOTIC: [8] Use of undefined constant SITE_ROOT - assumed 'SITE_ROOT' G:\wamp\www\rrzh\Application\Admin\Conf\config.php 第 8 行.

[ 2015-04-27T15:50:22+08:00 ] ::1 /rrzh/index.php/Admin/Expert/allExpert.html
NOTIC: [8] Use of undefined constant SITE_ROOT - assumed 'SITE_ROOT' G:\wamp\www\rrzh\Application\Admin\Conf\config.php 第 7 行.
NOTIC: [8] Use of undefined constant SITE_ROOT - assumed 'SITE_ROOT' G:\wamp\www\rrzh\Application\Admin\Conf\config.php 第 8 行.

[ 2015-04-27T15:50:27+08:00 ] ::1 /rrzh/index.php/Admin/Expert/saveFile
NOTIC: [8] Use of undefined constant SITE_ROOT - assumed 'SITE_ROOT' G:\wamp\www\rrzh\Application\Admin\Conf\config.php 第 7 行.
NOTIC: [8] Use of undefined constant SITE_ROOT - assumed 'SITE_ROOT' G:\wamp\www\rrzh\Application\Admin\Conf\config.php 第 8 行.

[ 2015-04-27T15:51:19+08:00 ] ::1 /rrzh/index.php/Admin/Expert/allExpert.html
NOTIC: [8] Use of undefined constant SITE_ROOT - assumed 'SITE_ROOT' G:\wamp\www\rrzh\Application\Admin\Conf\config.php 第 7 行.
NOTIC: [8] Use of undefined constant SITE_ROOT - assumed 'SITE_ROOT' G:\wamp\www\rrzh\Application\Admin\Conf\config.php 第 8 行.

[ 2015-04-27T15:51:25+08:00 ] ::1 /rrzh/index.php/Admin/Expert/allExpert.html
NOTIC: [8] Use of undefined constant SITE_ROOT - assumed 'SITE_ROOT' G:\wamp\www\rrzh\Application\Admin\Conf\config.php 第 7 行.
NOTIC: [8] Use of undefined constant SITE_ROOT - assumed 'SITE_ROOT' G:\wamp\www\rrzh\Application\Admin\Conf\config.php 第 8 行.

[ 2015-04-27T15:51:30+08:00 ] ::1 /rrzh/index.php/Admin/Expert/saveFile
NOTIC: [8] Use of undefined constant SITE_ROOT - assumed 'SITE_ROOT' G:\wamp\www\rrzh\Application\Admin\Conf\config.php 第 7 行.
NOTIC: [8] Use of undefined constant SITE_ROOT - assumed 'SITE_ROOT' G:\wamp\www\rrzh\Application\Admin\Conf\config.php 第 8 行.

[ 2015-04-27T15:51:30+08:00 ] ::1 /rrzh/index.php/Admin/Expert/allExpert.html
NOTIC: [8] Use of undefined constant SITE_ROOT - assumed 'SITE_ROOT' G:\wamp\www\rrzh\Application\Admin\Conf\config.php 第 7 行.
NOTIC: [8] Use of undefined constant SITE_ROOT - assumed 'SITE_ROOT' G:\wamp\www\rrzh\Application\Admin\Conf\config.php 第 8 行.

[ 2015-04-27T15:52:33+08:00 ] ::1 /rrzh/index.php/Admin/Expert/allExpert.html
NOTIC: [8] Use of undefined constant SITE_ROOT - assumed 'SITE_ROOT' G:\wamp\www\rrzh\Application\Admin\Conf\config.php 第 7 行.
NOTIC: [8] Use of undefined constant SITE_ROOT - assumed 'SITE_ROOT' G:\wamp\www\rrzh\Application\Admin\Conf\config.php 第 8 行.

[ 2015-04-27T15:52:35+08:00 ] ::1 /rrzh/index.php/Admin/Expert/saveFile
NOTIC: [8] Use of undefined constant SITE_ROOT - assumed 'SITE_ROOT' G:\wamp\www\rrzh\Application\Admin\Conf\config.php 第 7 行.
NOTIC: [8] Use of undefined constant SITE_ROOT - assumed 'SITE_ROOT' G:\wamp\www\rrzh\Application\Admin\Conf\config.php 第 8 行.

[ 2015-04-27T15:52:35+08:00 ] ::1 /rrzh/index.php/Admin/Expert/allExpert.html
NOTIC: [8] Use of undefined constant SITE_ROOT - assumed 'SITE_ROOT' G:\wamp\www\rrzh\Application\Admin\Conf\config.php 第 7 行.
NOTIC: [8] Use of undefined constant SITE_ROOT - assumed 'SITE_ROOT' G:\wamp\www\rrzh\Application\Admin\Conf\config.php 第 8 行.

[ 2015-04-27T15:52:38+08:00 ] ::1 /rrzh/index.php/Admin/Expert/saveFile
NOTIC: [8] Use of undefined constant SITE_ROOT - assumed 'SITE_ROOT' G:\wamp\www\rrzh\Application\Admin\Conf\config.php 第 7 行.
NOTIC: [8] Use of undefined constant SITE_ROOT - assumed 'SITE_ROOT' G:\wamp\www\rrzh\Application\Admin\Conf\config.php 第 8 行.

[ 2015-04-27T15:52:39+08:00 ] ::1 /rrzh/index.php/Admin/Expert/allExpert.html
NOTIC: [8] Use of undefined constant SITE_ROOT - assumed 'SITE_ROOT' G:\wamp\www\rrzh\Application\Admin\Conf\config.php 第 7 行.
NOTIC: [8] Use of undefined constant SITE_ROOT - assumed 'SITE_ROOT' G:\wamp\www\rrzh\Application\Admin\Conf\config.php 第 8 行.

[ 2015-04-27T15:52:46+08:00 ] ::1 /rrzh/index.php/Admin/Expert/saveFile
NOTIC: [8] Use of undefined constant SITE_ROOT - assumed 'SITE_ROOT' G:\wamp\www\rrzh\Application\Admin\Conf\config.php 第 7 行.
NOTIC: [8] Use of undefined constant SITE_ROOT - assumed 'SITE_ROOT' G:\wamp\www\rrzh\Application\Admin\Conf\config.php 第 8 行.

[ 2015-04-27T15:52:46+08:00 ] ::1 /rrzh/index.php/Admin/Expert/allExpert.html
NOTIC: [8] Use of undefined constant SITE_ROOT - assumed 'SITE_ROOT' G:\wamp\www\rrzh\Application\Admin\Conf\config.php 第 7 行.
NOTIC: [8] Use of undefined constant SITE_ROOT - assumed 'SITE_ROOT' G:\wamp\www\rrzh\Application\Admin\Conf\config.php 第 8 行.

[ 2015-04-27T15:52:50+08:00 ] ::1 /rrzh/index.php/Admin/Expert/saveFile
NOTIC: [8] Use of undefined constant SITE_ROOT - assumed 'SITE_ROOT' G:\wamp\www\rrzh\Application\Admin\Conf\config.php 第 7 行.
NOTIC: [8] Use of undefined constant SITE_ROOT - assumed 'SITE_ROOT' G:\wamp\www\rrzh\Application\Admin\Conf\config.php 第 8 行.

[ 2015-04-27T15:52:50+08:00 ] ::1 /rrzh/index.php/Admin/Expert/allExpert.html
NOTIC: [8] Use of undefined constant SITE_ROOT - assumed 'SITE_ROOT' G:\wamp\www\rrzh\Application\Admin\Conf\config.php 第 7 行.
NOTIC: [8] Use of undefined constant SITE_ROOT - assumed 'SITE_ROOT' G:\wamp\www\rrzh\Application\Admin\Conf\config.php 第 8 行.

[ 2015-04-27T15:52:55+08:00 ] ::1 /rrzh/index.php/Admin/Expert/saveFile
NOTIC: [8] Use of undefined constant SITE_ROOT - assumed 'SITE_ROOT' G:\wamp\www\rrzh\Application\Admin\Conf\config.php 第 7 行.
NOTIC: [8] Use of undefined constant SITE_ROOT - assumed 'SITE_ROOT' G:\wamp\www\rrzh\Application\Admin\Conf\config.php 第 8 行.

[ 2015-04-27T15:52:55+08:00 ] ::1 /rrzh/index.php/Admin/Expert/allExpert.html
NOTIC: [8] Use of undefined constant SITE_ROOT - assumed 'SITE_ROOT' G:\wamp\www\rrzh\Application\Admin\Conf\config.php 第 7 行.
NOTIC: [8] Use of undefined constant SITE_ROOT - assumed 'SITE_ROOT' G:\wamp\www\rrzh\Application\Admin\Conf\config.php 第 8 行.

[ 2015-04-27T15:53:03+08:00 ] ::1 /rrzh/index.php/Admin/Expert/saveFile
NOTIC: [8] Use of undefined constant SITE_ROOT - assumed 'SITE_ROOT' G:\wamp\www\rrzh\Application\Admin\Conf\config.php 第 7 行.
NOTIC: [8] Use of undefined constant SITE_ROOT - assumed 'SITE_ROOT' G:\wamp\www\rrzh\Application\Admin\Conf\config.php 第 8 行.

[ 2015-04-27T15:53:03+08:00 ] ::1 /rrzh/index.php/Admin/Expert/allExpert.html
NOTIC: [8] Use of undefined constant SITE_ROOT - assumed 'SITE_ROOT' G:\wamp\www\rrzh\Application\Admin\Conf\config.php 第 7 行.
NOTIC: [8] Use of undefined constant SITE_ROOT - assumed 'SITE_ROOT' G:\wamp\www\rrzh\Application\Admin\Conf\config.php 第 8 行.

[ 2015-04-27T15:54:03+08:00 ] ::1 /rrzh/index.php/Admin/Expert/allExpert.html
NOTIC: [8] Use of undefined constant SITE_ROOT - assumed 'SITE_ROOT' G:\wamp\www\rrzh\Application\Admin\Conf\config.php 第 7 行.
NOTIC: [8] Use of undefined constant SITE_ROOT - assumed 'SITE_ROOT' G:\wamp\www\rrzh\Application\Admin\Conf\config.php 第 8 行.

[ 2015-04-27T15:54:51+08:00 ] ::1 /rrzh/index.php/Admin/Essay/BuildEssay
NOTIC: [8] Use of undefined constant SITE_ROOT - assumed 'SITE_ROOT' G:\wamp\www\rrzh\Application\Admin\Conf\config.php 第 7 行.
NOTIC: [8] Use of undefined constant SITE_ROOT - assumed 'SITE_ROOT' G:\wamp\www\rrzh\Application\Admin\Conf\config.php 第 8 行.

[ 2015-04-27T15:55:04+08:00 ] ::1 /rrzh/index.php/Admin/Essay/BuildEssay
NOTIC: [8] Use of undefined constant SITE_ROOT - assumed 'SITE_ROOT' G:\wamp\www\rrzh\Application\Admin\Conf\config.php 第 7 行.
NOTIC: [8] Use of undefined constant SITE_ROOT - assumed 'SITE_ROOT' G:\wamp\www\rrzh\Application\Admin\Conf\config.php 第 8 行.

[ 2015-04-27T15:55:14+08:00 ] ::1 /rrzh/index.php/Admin/Essay/SaveEssay
NOTIC: [8] Use of undefined constant SITE_ROOT - assumed 'SITE_ROOT' G:\wamp\www\rrzh\Application\Admin\Conf\config.php 第 7 行.
NOTIC: [8] Use of undefined constant SITE_ROOT - assumed 'SITE_ROOT' G:\wamp\www\rrzh\Application\Admin\Conf\config.php 第 8 行.
INFO: [ app_begin ] --START--
INFO: Run Behavior\ReadHtmlCache [ RunTime:0.002218s ]
INFO: [ app_begin ] --END-- [ RunTime:0.002570s ]
NOTIC: [8192] mysql_connect(): The mysql extension is deprecated and will be removed in the future: use mysqli or PDO instead G:\wamp\www\rrzh\ThinkPHP\Library\Think\Db\Driver\Mysql.class.php 第 52 行.
SQL: SHOW COLUMNS FROM `rz_essay` [ RunTime:0.009695s ]
SQL: INSERT INTO `rz_essay` (`edetail`,`etitle`,`efrom`,`code`,`ebuild`,`aname`) VALUES ('asdgdafh','王元芳','阿大使馆','gsjj','2015-04-27 15:55:14','admin') [ RunTime:0.001333s ]

[ 2015-04-27T15:55:16+08:00 ] ::1 /rrzh/index.php/Admin/Essay/AllEssay
NOTIC: [8] Use of undefined constant SITE_ROOT - assumed 'SITE_ROOT' G:\wamp\www\rrzh\Application\Admin\Conf\config.php 第 7 行.
NOTIC: [8] Use of undefined constant SITE_ROOT - assumed 'SITE_ROOT' G:\wamp\www\rrzh\Application\Admin\Conf\config.php 第 8 行.

[ 2015-04-27T15:55:18+08:00 ] ::1 /rrzh/index.php/Admin/Essay/BuildEssay
NOTIC: [8] Use of undefined constant SITE_ROOT - assumed 'SITE_ROOT' G:\wamp\www\rrzh\Application\Admin\Conf\config.php 第 7 行.
NOTIC: [8] Use of undefined constant SITE_ROOT - assumed 'SITE_ROOT' G:\wamp\www\rrzh\Application\Admin\Conf\config.php 第 8 行.

[ 2015-04-27T15:55:28+08:00 ] ::1 /rrzh/index.php/Admin/Essay/SaveEssay
NOTIC: [8] Use of undefined constant SITE_ROOT - assumed 'SITE_ROOT' G:\wamp\www\rrzh\Application\Admin\Conf\config.php 第 7 行.
NOTIC: [8] Use of undefined constant SITE_ROOT - assumed 'SITE_ROOT' G:\wamp\www\rrzh\Application\Admin\Conf\config.php 第 8 行.
INFO: [ app_begin ] --START--
INFO: Run Behavior\ReadHtmlCache [ RunTime:0.002487s ]
INFO: [ app_begin ] --END-- [ RunTime:0.002861s ]
NOTIC: [8] Undefined index: cpar G:\wamp\www\rrzh\Application\Admin\Controller\EssayController.class.php 第 176 行.
NOTIC: [8192] mysql_connect(): The mysql extension is deprecated and will be removed in the future: use mysqli or PDO instead G:\wamp\www\rrzh\ThinkPHP\Library\Think\Db\Driver\Mysql.class.php 第 52 行.
SQL: SHOW COLUMNS FROM `rz_essay` [ RunTime:0.009956s ]
SQL: INSERT INTO `rz_essay` (`edetail`,`etitle`,`efrom`,`code`,`ebuild`,`aname`) VALUES ('asdhfdh','王元芳','信息学院',null,'2015-04-27 15:55:28','admin') [ RunTime:0.001056s ]
ERR: 1048:Column 'code' cannot be null
 [ SQL语句 ] : INSERT INTO `rz_essay` (`edetail`,`etitle`,`efrom`,`code`,`ebuild`,`aname`) VALUES ('asdhfdh','王元芳','信息学院',null,'2015-04-27 15:55:28','admin')

[ 2015-04-27T15:56:01+08:00 ] ::1 /rrzh/index.php/Admin/Essay/BuildEssay
NOTIC: [8] Use of undefined constant SITE_ROOT - assumed 'SITE_ROOT' G:\wamp\www\rrzh\Application\Admin\Conf\config.php 第 7 行.
NOTIC: [8] Use of undefined constant SITE_ROOT - assumed 'SITE_ROOT' G:\wamp\www\rrzh\Application\Admin\Conf\config.php 第 8 行.

[ 2015-04-27T15:56:09+08:00 ] ::1 /rrzh/index.php/Admin/Essay/SaveEssay
NOTIC: [8] Use of undefined constant SITE_ROOT - assumed 'SITE_ROOT' G:\wamp\www\rrzh\Application\Admin\Conf\config.php 第 7 行.
NOTIC: [8] Use of undefined constant SITE_ROOT - assumed 'SITE_ROOT' G:\wamp\www\rrzh\Application\Admin\Conf\config.php 第 8 行.
INFO: [ app_begin ] --START--
INFO: Run Behavior\ReadHtmlCache [ RunTime:0.002542s ]
INFO: [ app_begin ] --END-- [ RunTime:0.002924s ]
NOTIC: [8] Undefined index: cpar G:\wamp\www\rrzh\Application\Admin\Controller\EssayController.class.php 第 177 行.
NOTIC: [8192] mysql_connect(): The mysql extension is deprecated and will be removed in the future: use mysqli or PDO instead G:\wamp\www\rrzh\ThinkPHP\Library\Think\Db\Driver\Mysql.class.php 第 52 行.
SQL: SHOW COLUMNS FROM `rz_essay` [ RunTime:0.010789s ]
SQL: INSERT INTO `rz_essay` (`edetail`,`etitle`,`efrom`,`code`,`ebuild`,`aname`) VALUES ('rgykoyu','rtyi','tyri',null,'2015-04-27 15:56:09','admin') [ RunTime:0.001067s ]
ERR: 1048:Column 'code' cannot be null
 [ SQL语句 ] : INSERT INTO `rz_essay` (`edetail`,`etitle`,`efrom`,`code`,`ebuild`,`aname`) VALUES ('rgykoyu','rtyi','tyri',null,'2015-04-27 15:56:09','admin')

[ 2015-04-27T15:56:32+08:00 ] ::1 /rrzh/index.php/Admin/Essay/BuildEssay
NOTIC: [8] Use of undefined constant SITE_ROOT - assumed 'SITE_ROOT' G:\wamp\www\rrzh\Application\Admin\Conf\config.php 第 7 行.
NOTIC: [8] Use of undefined constant SITE_ROOT - assumed 'SITE_ROOT' G:\wamp\www\rrzh\Application\Admin\Conf\config.php 第 8 行.

[ 2015-04-27T15:56:40+08:00 ] ::1 /rrzh/index.php/Admin/Essay/SaveEssay
NOTIC: [8] Use of undefined constant SITE_ROOT - assumed 'SITE_ROOT' G:\wamp\www\rrzh\Application\Admin\Conf\config.php 第 7 行.
NOTIC: [8] Use of undefined constant SITE_ROOT - assumed 'SITE_ROOT' G:\wamp\www\rrzh\Application\Admin\Conf\config.php 第 8 行.

[ 2015-04-27T15:57:47+08:00 ] ::1 /rrzh/index.php/Admin/Expert/allExpert
NOTIC: [8] Use of undefined constant SITE_ROOT - assumed 'SITE_ROOT' G:\wamp\www\rrzh\Application\Admin\Conf\config.php 第 7 行.
NOTIC: [8] Use of undefined constant SITE_ROOT - assumed 'SITE_ROOT' G:\wamp\www\rrzh\Application\Admin\Conf\config.php 第 8 行.

[ 2015-04-27T15:58:10+08:00 ] ::1 /rrzh/index.php/Admin/Expert/allExpert
NOTIC: [8] Use of undefined constant SITE_ROOT - assumed 'SITE_ROOT' G:\wamp\www\rrzh\Application\Admin\Conf\config.php 第 7 行.
NOTIC: [8] Use of undefined constant SITE_ROOT - assumed 'SITE_ROOT' G:\wamp\www\rrzh\Application\Admin\Conf\config.php 第 8 行.

[ 2015-04-27T15:58:11+08:00 ] ::1 /rrzh/index.php/Admin/Expert/saveFile
NOTIC: [8] Use of undefined constant SITE_ROOT - assumed 'SITE_ROOT' G:\wamp\www\rrzh\Application\Admin\Conf\config.php 第 7 行.
NOTIC: [8] Use of undefined constant SITE_ROOT - assumed 'SITE_ROOT' G:\wamp\www\rrzh\Application\Admin\Conf\config.php 第 8 行.

[ 2015-04-27T15:58:11+08:00 ] ::1 /rrzh/index.php/Admin/Expert/allExpert.html
NOTIC: [8] Use of undefined constant SITE_ROOT - assumed 'SITE_ROOT' G:\wamp\www\rrzh\Application\Admin\Conf\config.php 第 7 行.
NOTIC: [8] Use of undefined constant SITE_ROOT - assumed 'SITE_ROOT' G:\wamp\www\rrzh\Application\Admin\Conf\config.php 第 8 行.

[ 2015-04-27T15:58:17+08:00 ] ::1 /rrzh/index.php/Admin/Expert/saveFile
NOTIC: [8] Use of undefined constant SITE_ROOT - assumed 'SITE_ROOT' G:\wamp\www\rrzh\Application\Admin\Conf\config.php 第 7 行.
NOTIC: [8] Use of undefined constant SITE_ROOT - assumed 'SITE_ROOT' G:\wamp\www\rrzh\Application\Admin\Conf\config.php 第 8 行.

[ 2015-04-27T15:58:17+08:00 ] ::1 /rrzh/index.php/Admin/Expert/allExpert.html
NOTIC: [8] Use of undefined constant SITE_ROOT - assumed 'SITE_ROOT' G:\wamp\www\rrzh\Application\Admin\Conf\config.php 第 7 行.
NOTIC: [8] Use of undefined constant SITE_ROOT - assumed 'SITE_ROOT' G:\wamp\www\rrzh\Application\Admin\Conf\config.php 第 8 行.

[ 2015-04-27T16:00:38+08:00 ] ::1 /rrzh/index.php/Admin/Expert/allExpert.html
NOTIC: [8] Use of undefined constant SITE_ROOT - assumed 'SITE_ROOT' G:\wamp\www\rrzh\Application\Admin\Conf\config.php 第 7 行.
NOTIC: [8] Use of undefined constant SITE_ROOT - assumed 'SITE_ROOT' G:\wamp\www\rrzh\Application\Admin\Conf\config.php 第 8 行.

[ 2015-04-27T16:00:41+08:00 ] ::1 /rrzh/index.php/Admin/Expert/saveFile
NOTIC: [8] Use of undefined constant SITE_ROOT - assumed 'SITE_ROOT' G:\wamp\www\rrzh\Application\Admin\Conf\config.php 第 7 行.
NOTIC: [8] Use of undefined constant SITE_ROOT - assumed 'SITE_ROOT' G:\wamp\www\rrzh\Application\Admin\Conf\config.php 第 8 行.

[ 2015-04-27T16:00:41+08:00 ] ::1 /rrzh/index.php/Admin/Expert/allExpert.html
NOTIC: [8] Use of undefined constant SITE_ROOT - assumed 'SITE_ROOT' G:\wamp\www\rrzh\Application\Admin\Conf\config.php 第 7 行.
NOTIC: [8] Use of undefined constant SITE_ROOT - assumed 'SITE_ROOT' G:\wamp\www\rrzh\Application\Admin\Conf\config.php 第 8 行.

[ 2015-04-27T16:00:46+08:00 ] ::1 /rrzh/index.php/Admin/Expert/saveFile
NOTIC: [8] Use of undefined constant SITE_ROOT - assumed 'SITE_ROOT' G:\wamp\www\rrzh\Application\Admin\Conf\config.php 第 7 行.
NOTIC: [8] Use of undefined constant SITE_ROOT - assumed 'SITE_ROOT' G:\wamp\www\rrzh\Application\Admin\Conf\config.php 第 8 行.

[ 2015-04-27T16:00:46+08:00 ] ::1 /rrzh/index.php/Admin/Expert/allExpert.html
NOTIC: [8] Use of undefined constant SITE_ROOT - assumed 'SITE_ROOT' G:\wamp\www\rrzh\Application\Admin\Conf\config.php 第 7 行.
NOTIC: [8] Use of undefined constant SITE_ROOT - assumed 'SITE_ROOT' G:\wamp\www\rrzh\Application\Admin\Conf\config.php 第 8 行.

[ 2015-04-27T16:01:05+08:00 ] ::1 /rrzh/index.php/Admin/Expert/allExpert.html
NOTIC: [8] Use of undefined constant SITE_ROOT - assumed 'SITE_ROOT' G:\wamp\www\rrzh\Application\Admin\Conf\config.php 第 7 行.
NOTIC: [8] Use of undefined constant SITE_ROOT - assumed 'SITE_ROOT' G:\wamp\www\rrzh\Application\Admin\Conf\config.php 第 8 行.

[ 2015-04-27T16:02:58+08:00 ] ::1 /rrzh/index.php/Admin/Expert/allExpert.html
NOTIC: [8] Use of undefined constant SITE_ROOT - assumed 'SITE_ROOT' G:\wamp\www\rrzh\Application\Admin\Conf\config.php 第 7 行.
NOTIC: [8] Use of undefined constant SITE_ROOT - assumed 'SITE_ROOT' G:\wamp\www\rrzh\Application\Admin\Conf\config.php 第 8 行.

[ 2015-04-27T16:03:09+08:00 ] ::1 /rrzh/index.php/Admin/Expert/allExpert.html
NOTIC: [8] Use of undefined constant SITE_ROOT - assumed 'SITE_ROOT' G:\wamp\www\rrzh\Application\Admin\Conf\config.php 第 7 行.
NOTIC: [8] Use of undefined constant SITE_ROOT - assumed 'SITE_ROOT' G:\wamp\www\rrzh\Application\Admin\Conf\config.php 第 8 行.

[ 2015-04-27T16:03:30+08:00 ] ::1 /rrzh/index.php/Admin/Expert/allExpert.html
NOTIC: [8] Use of undefined constant SITE_ROOT - assumed 'SITE_ROOT' G:\wamp\www\rrzh\Application\Admin\Conf\config.php 第 7 行.
NOTIC: [8] Use of undefined constant SITE_ROOT - assumed 'SITE_ROOT' G:\wamp\www\rrzh\Application\Admin\Conf\config.php 第 8 行.

[ 2015-04-27T16:04:28+08:00 ] ::1 /rrzh/index.php/Admin/Expert/allExpert.html
NOTIC: [8] Use of undefined constant SITE_ROOT - assumed 'SITE_ROOT' G:\wamp\www\rrzh\Application\Admin\Conf\config.php 第 7 行.
NOTIC: [8] Use of undefined constant SITE_ROOT - assumed 'SITE_ROOT' G:\wamp\www\rrzh\Application\Admin\Conf\config.php 第 8 行.

[ 2015-04-27T16:04:55+08:00 ] ::1 /rrzh/index.php/Admin/Expert/allExpert.html
NOTIC: [8] Use of undefined constant SITE_ROOT - assumed 'SITE_ROOT' G:\wamp\www\rrzh\Application\Admin\Conf\config.php 第 7 行.
NOTIC: [8] Use of undefined constant SITE_ROOT - assumed 'SITE_ROOT' G:\wamp\www\rrzh\Application\Admin\Conf\config.php 第 8 行.

[ 2015-04-27T16:05:23+08:00 ] ::1 /rrzh/index.php/Admin/Expert/allExpert.html
NOTIC: [8] Use of undefined constant SITE_ROOT - assumed 'SITE_ROOT' G:\wamp\www\rrzh\Application\Admin\Conf\config.php 第 7 行.
NOTIC: [8] Use of undefined constant SITE_ROOT - assumed 'SITE_ROOT' G:\wamp\www\rrzh\Application\Admin\Conf\config.php 第 8 行.

[ 2015-04-27T16:05:25+08:00 ] ::1 /rrzh/index.php/Admin/Expert/saveFile
NOTIC: [8] Use of undefined constant SITE_ROOT - assumed 'SITE_ROOT' G:\wamp\www\rrzh\Application\Admin\Conf\config.php 第 7 行.
NOTIC: [8] Use of undefined constant SITE_ROOT - assumed 'SITE_ROOT' G:\wamp\www\rrzh\Application\Admin\Conf\config.php 第 8 行.

[ 2015-04-27T16:05:25+08:00 ] ::1 /rrzh/index.php/Admin/Expert/allExpert.html
NOTIC: [8] Use of undefined constant SITE_ROOT - assumed 'SITE_ROOT' G:\wamp\www\rrzh\Application\Admin\Conf\config.php 第 7 行.
NOTIC: [8] Use of undefined constant SITE_ROOT - assumed 'SITE_ROOT' G:\wamp\www\rrzh\Application\Admin\Conf\config.php 第 8 行.

[ 2015-04-27T16:05:29+08:00 ] ::1 /rrzh/index.php/Admin/Expert/saveFile
NOTIC: [8] Use of undefined constant SITE_ROOT - assumed 'SITE_ROOT' G:\wamp\www\rrzh\Application\Admin\Conf\config.php 第 7 行.
NOTIC: [8] Use of undefined constant SITE_ROOT - assumed 'SITE_ROOT' G:\wamp\www\rrzh\Application\Admin\Conf\config.php 第 8 行.

[ 2015-04-27T16:05:30+08:00 ] ::1 /rrzh/index.php/Admin/Expert/allExpert.html
NOTIC: [8] Use of undefined constant SITE_ROOT - assumed 'SITE_ROOT' G:\wamp\www\rrzh\Application\Admin\Conf\config.php 第 7 行.
NOTIC: [8] Use of undefined constant SITE_ROOT - assumed 'SITE_ROOT' G:\wamp\www\rrzh\Application\Admin\Conf\config.php 第 8 行.

[ 2015-04-27T16:05:42+08:00 ] ::1 /rrzh/index.php/Admin/Expert/saveFile
NOTIC: [8] Use of undefined constant SITE_ROOT - assumed 'SITE_ROOT' G:\wamp\www\rrzh\Application\Admin\Conf\config.php 第 7 行.
NOTIC: [8] Use of undefined constant SITE_ROOT - assumed 'SITE_ROOT' G:\wamp\www\rrzh\Application\Admin\Conf\config.php 第 8 行.

[ 2015-04-27T16:05:42+08:00 ] ::1 /rrzh/index.php/Admin/Expert/allExpert.html
NOTIC: [8] Use of undefined constant SITE_ROOT - assumed 'SITE_ROOT' G:\wamp\www\rrzh\Application\Admin\Conf\config.php 第 7 行.
NOTIC: [8] Use of undefined constant SITE_ROOT - assumed 'SITE_ROOT' G:\wamp\www\rrzh\Application\Admin\Conf\config.php 第 8 行.

[ 2015-04-27T16:07:18+08:00 ] ::1 /rrzh/index.php/Admin/Expert/allExpert.html
NOTIC: [8] Use of undefined constant SITE_ROOT - assumed 'SITE_ROOT' G:\wamp\www\rrzh\Application\Admin\Conf\config.php 第 7 行.
NOTIC: [8] Use of undefined constant SITE_ROOT - assumed 'SITE_ROOT' G:\wamp\www\rrzh\Application\Admin\Conf\config.php 第 8 行.

[ 2015-04-27T16:07:25+08:00 ] ::1 /rrzh/index.php/Admin/Expert/saveFile
NOTIC: [8] Use of undefined constant SITE_ROOT - assumed 'SITE_ROOT' G:\wamp\www\rrzh\Application\Admin\Conf\config.php 第 7 行.
NOTIC: [8] Use of undefined constant SITE_ROOT - assumed 'SITE_ROOT' G:\wamp\www\rrzh\Application\Admin\Conf\config.php 第 8 行.

[ 2015-04-27T16:07:25+08:00 ] ::1 /rrzh/index.php/Admin/Expert/allExpert.html
NOTIC: [8] Use of undefined constant SITE_ROOT - assumed 'SITE_ROOT' G:\wamp\www\rrzh\Application\Admin\Conf\config.php 第 7 行.
NOTIC: [8] Use of undefined constant SITE_ROOT - assumed 'SITE_ROOT' G:\wamp\www\rrzh\Application\Admin\Conf\config.php 第 8 行.

[ 2015-04-27T16:08:55+08:00 ] ::1 /rrzh/index.php/Admin/Expert/allExpert.html
NOTIC: [8] Use of undefined constant SITE_ROOT - assumed 'SITE_ROOT' G:\wamp\www\rrzh\Application\Admin\Conf\config.php 第 7 行.
NOTIC: [8] Use of undefined constant SITE_ROOT - assumed 'SITE_ROOT' G:\wamp\www\rrzh\Application\Admin\Conf\config.php 第 8 行.

[ 2015-04-27T16:09:31+08:00 ] ::1 /rrzh/index.php/Admin/Expert/allExpert.html
NOTIC: [8] Use of undefined constant SITE_ROOT - assumed 'SITE_ROOT' G:\wamp\www\rrzh\Application\Admin\Conf\config.php 第 7 行.
NOTIC: [8] Use of undefined constant SITE_ROOT - assumed 'SITE_ROOT' G:\wamp\www\rrzh\Application\Admin\Conf\config.php 第 8 行.

[ 2015-04-27T16:09:52+08:00 ] ::1 /rrzh/index.php/Admin/Expert/allExpert.html
NOTIC: [8] Use of undefined constant SITE_ROOT - assumed 'SITE_ROOT' G:\wamp\www\rrzh\Application\Admin\Conf\config.php 第 7 行.
NOTIC: [8] Use of undefined constant SITE_ROOT - assumed 'SITE_ROOT' G:\wamp\www\rrzh\Application\Admin\Conf\config.php 第 8 行.

[ 2015-04-27T16:10:11+08:00 ] ::1 /rrzh/index.php/Admin/Expert/allExpert.html
NOTIC: [8] Use of undefined constant SITE_ROOT - assumed 'SITE_ROOT' G:\wamp\www\rrzh\Application\Admin\Conf\config.php 第 7 行.
NOTIC: [8] Use of undefined constant SITE_ROOT - assumed 'SITE_ROOT' G:\wamp\www\rrzh\Application\Admin\Conf\config.php 第 8 行.

[ 2015-04-27T16:11:23+08:00 ] ::1 /rrzh/index.php/Admin/Expert/allExpert.html
NOTIC: [8] Use of undefined constant SITE_ROOT - assumed 'SITE_ROOT' G:\wamp\www\rrzh\Application\Admin\Conf\config.php 第 7 行.
NOTIC: [8] Use of undefined constant SITE_ROOT - assumed 'SITE_ROOT' G:\wamp\www\rrzh\Application\Admin\Conf\config.php 第 8 行.

[ 2015-04-27T16:11:30+08:00 ] ::1 /rrzh/index.php/Admin/Expert/allExpert.html
NOTIC: [8] Use of undefined constant SITE_ROOT - assumed 'SITE_ROOT' G:\wamp\www\rrzh\Application\Admin\Conf\config.php 第 7 行.
NOTIC: [8] Use of undefined constant SITE_ROOT - assumed 'SITE_ROOT' G:\wamp\www\rrzh\Application\Admin\Conf\config.php 第 8 行.

[ 2015-04-27T16:12:22+08:00 ] ::1 /rrzh/index.php/Admin/Expert/allExpert.html
NOTIC: [8] Use of undefined constant SITE_ROOT - assumed 'SITE_ROOT' G:\wamp\www\rrzh\Application\Admin\Conf\config.php 第 7 行.
NOTIC: [8] Use of undefined constant SITE_ROOT - assumed 'SITE_ROOT' G:\wamp\www\rrzh\Application\Admin\Conf\config.php 第 8 行.

[ 2015-04-27T16:12:42+08:00 ] ::1 /rrzh/index.php/Admin/Expert/allExpert.html
NOTIC: [8] Use of undefined constant SITE_ROOT - assumed 'SITE_ROOT' G:\wamp\www\rrzh\Application\Admin\Conf\config.php 第 7 行.
NOTIC: [8] Use of undefined constant SITE_ROOT - assumed 'SITE_ROOT' G:\wamp\www\rrzh\Application\Admin\Conf\config.php 第 8 行.

[ 2015-04-27T16:12:47+08:00 ] ::1 /rrzh/index.php/Admin/Expert/DeleteExpert/id/1
NOTIC: [8] Use of undefined constant SITE_ROOT - assumed 'SITE_ROOT' G:\wamp\www\rrzh\Application\Admin\Conf\config.php 第 7 行.
NOTIC: [8] Use of undefined constant SITE_ROOT - assumed 'SITE_ROOT' G:\wamp\www\rrzh\Application\Admin\Conf\config.php 第 8 行.
ERR: 非法操作:deleteexpert

[ 2015-04-27T16:16:42+08:00 ] ::1 /rrzh/index.php/Admin/Expert/DeleteExpert/id/1
NOTIC: [8] Use of undefined constant SITE_ROOT - assumed 'SITE_ROOT' G:\wamp\www\rrzh\Application\Admin\Conf\config.php 第 7 行.
NOTIC: [8] Use of undefined constant SITE_ROOT - assumed 'SITE_ROOT' G:\wamp\www\rrzh\Application\Admin\Conf\config.php 第 8 行.

[ 2015-04-27T16:17:32+08:00 ] ::1 /rrzh/index.php/Admin/Expert/DeleteExpert/id/1
NOTIC: [8] Use of undefined constant SITE_ROOT - assumed 'SITE_ROOT' G:\wamp\www\rrzh\Application\Admin\Conf\config.php 第 7 行.
NOTIC: [8] Use of undefined constant SITE_ROOT - assumed 'SITE_ROOT' G:\wamp\www\rrzh\Application\Admin\Conf\config.php 第 8 行.

[ 2015-04-27T16:17:58+08:00 ] ::1 /rrzh/index.php/Admin/Expert/DeleteExpert/id/1
NOTIC: [8] Use of undefined constant SITE_ROOT - assumed 'SITE_ROOT' G:\wamp\www\rrzh\Application\Admin\Conf\config.php 第 7 行.
NOTIC: [8] Use of undefined constant SITE_ROOT - assumed 'SITE_ROOT' G:\wamp\www\rrzh\Application\Admin\Conf\config.php 第 8 行.

[ 2015-04-27T16:17:58+08:00 ] ::1 /rrzh/index.php/Admin/Expert/allExpert.html
NOTIC: [8] Use of undefined constant SITE_ROOT - assumed 'SITE_ROOT' G:\wamp\www\rrzh\Application\Admin\Conf\config.php 第 7 行.
NOTIC: [8] Use of undefined constant SITE_ROOT - assumed 'SITE_ROOT' G:\wamp\www\rrzh\Application\Admin\Conf\config.php 第 8 行.

[ 2015-04-27T16:18:25+08:00 ] ::1 /rrzh/index.php/Admin/Expert/allExpert.html
NOTIC: [8] Use of undefined constant SITE_ROOT - assumed 'SITE_ROOT' G:\wamp\www\rrzh\Application\Admin\Conf\config.php 第 7 行.
NOTIC: [8] Use of undefined constant SITE_ROOT - assumed 'SITE_ROOT' G:\wamp\www\rrzh\Application\Admin\Conf\config.php 第 8 行.

[ 2015-04-27T16:18:27+08:00 ] ::1 /rrzh/index.php/Admin/Expert/DeleteExpert/id/1
NOTIC: [8] Use of undefined constant SITE_ROOT - assumed 'SITE_ROOT' G:\wamp\www\rrzh\Application\Admin\Conf\config.php 第 7 行.
NOTIC: [8] Use of undefined constant SITE_ROOT - assumed 'SITE_ROOT' G:\wamp\www\rrzh\Application\Admin\Conf\config.php 第 8 行.

[ 2015-04-27T16:18:27+08:00 ] ::1 /rrzh/index.php/Admin/Expert/allExpert.html
NOTIC: [8] Use of undefined constant SITE_ROOT - assumed 'SITE_ROOT' G:\wamp\www\rrzh\Application\Admin\Conf\config.php 第 7 行.
NOTIC: [8] Use of undefined constant SITE_ROOT - assumed 'SITE_ROOT' G:\wamp\www\rrzh\Application\Admin\Conf\config.php 第 8 行.

[ 2015-04-27T16:18:40+08:00 ] ::1 /rrzh/index.php/Admin/Expert/allExpert.html
NOTIC: [8] Use of undefined constant SITE_ROOT - assumed 'SITE_ROOT' G:\wamp\www\rrzh\Application\Admin\Conf\config.php 第 7 行.
NOTIC: [8] Use of undefined constant SITE_ROOT - assumed 'SITE_ROOT' G:\wamp\www\rrzh\Application\Admin\Conf\config.php 第 8 行.

[ 2015-04-27T16:18:43+08:00 ] ::1 /rrzh/index.php/Admin/Expert/DeleteExpert/id/1
NOTIC: [8] Use of undefined constant SITE_ROOT - assumed 'SITE_ROOT' G:\wamp\www\rrzh\Application\Admin\Conf\config.php 第 7 行.
NOTIC: [8] Use of undefined constant SITE_ROOT - assumed 'SITE_ROOT' G:\wamp\www\rrzh\Application\Admin\Conf\config.php 第 8 行.

[ 2015-04-27T16:18:43+08:00 ] ::1 /rrzh/index.php/Admin/Expert/allExpert.html
NOTIC: [8] Use of undefined constant SITE_ROOT - assumed 'SITE_ROOT' G:\wamp\www\rrzh\Application\Admin\Conf\config.php 第 7 行.
NOTIC: [8] Use of undefined constant SITE_ROOT - assumed 'SITE_ROOT' G:\wamp\www\rrzh\Application\Admin\Conf\config.php 第 8 行.

[ 2015-04-27T16:19:43+08:00 ] ::1 /rrzh/index.php/Admin/Expert/allExpert.html
NOTIC: [8] Use of undefined constant SITE_ROOT - assumed 'SITE_ROOT' G:\wamp\www\rrzh\Application\Admin\Conf\config.php 第 7 行.
NOTIC: [8] Use of undefined constant SITE_ROOT - assumed 'SITE_ROOT' G:\wamp\www\rrzh\Application\Admin\Conf\config.php 第 8 行.

[ 2015-04-27T16:19:47+08:00 ] ::1 /rrzh/index.php/Admin/Expert/DeleteExpert/id/1
NOTIC: [8] Use of undefined constant SITE_ROOT - assumed 'SITE_ROOT' G:\wamp\www\rrzh\Application\Admin\Conf\config.php 第 7 行.
NOTIC: [8] Use of undefined constant SITE_ROOT - assumed 'SITE_ROOT' G:\wamp\www\rrzh\Application\Admin\Conf\config.php 第 8 行.

[ 2015-04-27T16:19:47+08:00 ] ::1 /rrzh/index.php/Admin/Expert/allExpert.html
NOTIC: [8] Use of undefined constant SITE_ROOT - assumed 'SITE_ROOT' G:\wamp\www\rrzh\Application\Admin\Conf\config.php 第 7 行.
NOTIC: [8] Use of undefined constant SITE_ROOT - assumed 'SITE_ROOT' G:\wamp\www\rrzh\Application\Admin\Conf\config.php 第 8 行.

[ 2015-04-27T16:19:50+08:00 ] ::1 /rrzh/index.php/Admin/Expert/DeleteExpert/id/2
NOTIC: [8] Use of undefined constant SITE_ROOT - assumed 'SITE_ROOT' G:\wamp\www\rrzh\Application\Admin\Conf\config.php 第 7 行.
NOTIC: [8] Use of undefined constant SITE_ROOT - assumed 'SITE_ROOT' G:\wamp\www\rrzh\Application\Admin\Conf\config.php 第 8 行.

[ 2015-04-27T16:19:50+08:00 ] ::1 /rrzh/index.php/Admin/Expert/allExpert.html
NOTIC: [8] Use of undefined constant SITE_ROOT - assumed 'SITE_ROOT' G:\wamp\www\rrzh\Application\Admin\Conf\config.php 第 7 行.
NOTIC: [8] Use of undefined constant SITE_ROOT - assumed 'SITE_ROOT' G:\wamp\www\rrzh\Application\Admin\Conf\config.php 第 8 行.

[ 2015-04-27T16:19:52+08:00 ] ::1 /rrzh/index.php/Admin/Expert/DeleteExpert/id/4
NOTIC: [8] Use of undefined constant SITE_ROOT - assumed 'SITE_ROOT' G:\wamp\www\rrzh\Application\Admin\Conf\config.php 第 7 行.
NOTIC: [8] Use of undefined constant SITE_ROOT - assumed 'SITE_ROOT' G:\wamp\www\rrzh\Application\Admin\Conf\config.php 第 8 行.

[ 2015-04-27T16:19:52+08:00 ] ::1 /rrzh/index.php/Admin/Expert/allExpert.html
NOTIC: [8] Use of undefined constant SITE_ROOT - assumed 'SITE_ROOT' G:\wamp\www\rrzh\Application\Admin\Conf\config.php 第 7 行.
NOTIC: [8] Use of undefined constant SITE_ROOT - assumed 'SITE_ROOT' G:\wamp\www\rrzh\Application\Admin\Conf\config.php 第 8 行.

[ 2015-04-27T16:19:54+08:00 ] ::1 /rrzh/index.php/Admin/Expert/DeleteExpert/id/3
NOTIC: [8] Use of undefined constant SITE_ROOT - assumed 'SITE_ROOT' G:\wamp\www\rrzh\Application\Admin\Conf\config.php 第 7 行.
NOTIC: [8] Use of undefined constant SITE_ROOT - assumed 'SITE_ROOT' G:\wamp\www\rrzh\Application\Admin\Conf\config.php 第 8 行.

[ 2015-04-27T16:19:54+08:00 ] ::1 /rrzh/index.php/Admin/Expert/allExpert.html
NOTIC: [8] Use of undefined constant SITE_ROOT - assumed 'SITE_ROOT' G:\wamp\www\rrzh\Application\Admin\Conf\config.php 第 7 行.
NOTIC: [8] Use of undefined constant SITE_ROOT - assumed 'SITE_ROOT' G:\wamp\www\rrzh\Application\Admin\Conf\config.php 第 8 行.

[ 2015-04-27T16:19:56+08:00 ] ::1 /rrzh/index.php/Admin/Expert/DeleteExpert/id/5
NOTIC: [8] Use of undefined constant SITE_ROOT - assumed 'SITE_ROOT' G:\wamp\www\rrzh\Application\Admin\Conf\config.php 第 7 行.
NOTIC: [8] Use of undefined constant SITE_ROOT - assumed 'SITE_ROOT' G:\wamp\www\rrzh\Application\Admin\Conf\config.php 第 8 行.

[ 2015-04-27T16:19:56+08:00 ] ::1 /rrzh/index.php/Admin/Expert/allExpert.html
NOTIC: [8] Use of undefined constant SITE_ROOT - assumed 'SITE_ROOT' G:\wamp\www\rrzh\Application\Admin\Conf\config.php 第 7 行.
NOTIC: [8] Use of undefined constant SITE_ROOT - assumed 'SITE_ROOT' G:\wamp\www\rrzh\Application\Admin\Conf\config.php 第 8 行.

[ 2015-04-27T16:19:58+08:00 ] ::1 /rrzh/index.php/Admin/Expert/DeleteExpert/id/6
NOTIC: [8] Use of undefined constant SITE_ROOT - assumed 'SITE_ROOT' G:\wamp\www\rrzh\Application\Admin\Conf\config.php 第 7 行.
NOTIC: [8] Use of undefined constant SITE_ROOT - assumed 'SITE_ROOT' G:\wamp\www\rrzh\Application\Admin\Conf\config.php 第 8 行.

[ 2015-04-27T16:19:58+08:00 ] ::1 /rrzh/index.php/Admin/Expert/allExpert.html
NOTIC: [8] Use of undefined constant SITE_ROOT - assumed 'SITE_ROOT' G:\wamp\www\rrzh\Application\Admin\Conf\config.php 第 7 行.
NOTIC: [8] Use of undefined constant SITE_ROOT - assumed 'SITE_ROOT' G:\wamp\www\rrzh\Application\Admin\Conf\config.php 第 8 行.

[ 2015-04-27T16:21:04+08:00 ] ::1 /rrzh/index.php/Admin/Expert/saveFile
NOTIC: [8] Use of undefined constant SITE_ROOT - assumed 'SITE_ROOT' G:\wamp\www\rrzh\Application\Admin\Conf\config.php 第 7 行.
NOTIC: [8] Use of undefined constant SITE_ROOT - assumed 'SITE_ROOT' G:\wamp\www\rrzh\Application\Admin\Conf\config.php 第 8 行.

[ 2015-04-27T16:21:04+08:00 ] ::1 /rrzh/index.php/Admin/Expert/allExpert.html
NOTIC: [8] Use of undefined constant SITE_ROOT - assumed 'SITE_ROOT' G:\wamp\www\rrzh\Application\Admin\Conf\config.php 第 7 行.
NOTIC: [8] Use of undefined constant SITE_ROOT - assumed 'SITE_ROOT' G:\wamp\www\rrzh\Application\Admin\Conf\config.php 第 8 行.

[ 2015-04-27T16:21:56+08:00 ] ::1 /rrzh/index.php/Admin/Expert/saveFile
NOTIC: [8] Use of undefined constant SITE_ROOT - assumed 'SITE_ROOT' G:\wamp\www\rrzh\Application\Admin\Conf\config.php 第 7 行.
NOTIC: [8] Use of undefined constant SITE_ROOT - assumed 'SITE_ROOT' G:\wamp\www\rrzh\Application\Admin\Conf\config.php 第 8 行.

[ 2015-04-27T16:22:54+08:00 ] ::1 /rrzh/index.php/Admin/Expert/saveFile
NOTIC: [8] Use of undefined constant SITE_ROOT - assumed 'SITE_ROOT' G:\wamp\www\rrzh\Application\Admin\Conf\config.php 第 7 行.
NOTIC: [8] Use of undefined constant SITE_ROOT - assumed 'SITE_ROOT' G:\wamp\www\rrzh\Application\Admin\Conf\config.php 第 8 行.

[ 2015-04-27T16:23:07+08:00 ] ::1 /rrzh/index.php/Admin/Expert/saveFile
NOTIC: [8] Use of undefined constant SITE_ROOT - assumed 'SITE_ROOT' G:\wamp\www\rrzh\Application\Admin\Conf\config.php 第 7 行.
NOTIC: [8] Use of undefined constant SITE_ROOT - assumed 'SITE_ROOT' G:\wamp\www\rrzh\Application\Admin\Conf\config.php 第 8 行.

[ 2015-04-27T16:23:07+08:00 ] ::1 /rrzh/index.php/Admin/Expert/allExpert.html
NOTIC: [8] Use of undefined constant SITE_ROOT - assumed 'SITE_ROOT' G:\wamp\www\rrzh\Application\Admin\Conf\config.php 第 7 行.
NOTIC: [8] Use of undefined constant SITE_ROOT - assumed 'SITE_ROOT' G:\wamp\www\rrzh\Application\Admin\Conf\config.php 第 8 行.

[ 2015-04-27T16:24:00+08:00 ] ::1 /rrzh/index.php/Admin/Expert/allExpert.html
NOTIC: [8] Use of undefined constant SITE_ROOT - assumed 'SITE_ROOT' G:\wamp\www\rrzh\Application\Admin\Conf\config.php 第 7 行.
NOTIC: [8] Use of undefined constant SITE_ROOT - assumed 'SITE_ROOT' G:\wamp\www\rrzh\Application\Admin\Conf\config.php 第 8 行.

[ 2015-04-27T16:24:09+08:00 ] ::1 /rrzh/index.php/Admin/Expert/allExpert.html
NOTIC: [8] Use of undefined constant SITE_ROOT - assumed 'SITE_ROOT' G:\wamp\www\rrzh\Application\Admin\Conf\config.php 第 7 行.
NOTIC: [8] Use of undefined constant SITE_ROOT - assumed 'SITE_ROOT' G:\wamp\www\rrzh\Application\Admin\Conf\config.php 第 8 行.

[ 2015-04-27T16:24:13+08:00 ] ::1 /rrzh/index.php/Admin/Expert/DeleteExpert/id/7
NOTIC: [8] Use of undefined constant SITE_ROOT - assumed 'SITE_ROOT' G:\wamp\www\rrzh\Application\Admin\Conf\config.php 第 7 行.
NOTIC: [8] Use of undefined constant SITE_ROOT - assumed 'SITE_ROOT' G:\wamp\www\rrzh\Application\Admin\Conf\config.php 第 8 行.

[ 2015-04-27T16:24:48+08:00 ] ::1 /rrzh/index.php/Admin/Expert/DeleteExpert/id/7
NOTIC: [8] Use of undefined constant SITE_ROOT - assumed 'SITE_ROOT' G:\wamp\www\rrzh\Application\Admin\Conf\config.php 第 7 行.
NOTIC: [8] Use of undefined constant SITE_ROOT - assumed 'SITE_ROOT' G:\wamp\www\rrzh\Application\Admin\Conf\config.php 第 8 行.

[ 2015-04-27T16:24:48+08:00 ] ::1 /rrzh/index.php/Admin/Expert/allExpert.html
NOTIC: [8] Use of undefined constant SITE_ROOT - assumed 'SITE_ROOT' G:\wamp\www\rrzh\Application\Admin\Conf\config.php 第 7 行.
NOTIC: [8] Use of undefined constant SITE_ROOT - assumed 'SITE_ROOT' G:\wamp\www\rrzh\Application\Admin\Conf\config.php 第 8 行.

[ 2015-04-27T16:25:02+08:00 ] ::1 /rrzh/index.php/Admin/Expert/DeleteExpert/id/8
NOTIC: [8] Use of undefined constant SITE_ROOT - assumed 'SITE_ROOT' G:\wamp\www\rrzh\Application\Admin\Conf\config.php 第 7 行.
NOTIC: [8] Use of undefined constant SITE_ROOT - assumed 'SITE_ROOT' G:\wamp\www\rrzh\Application\Admin\Conf\config.php 第 8 行.

[ 2015-04-27T16:25:02+08:00 ] ::1 /rrzh/index.php/Admin/Expert/allExpert.html
NOTIC: [8] Use of undefined constant SITE_ROOT - assumed 'SITE_ROOT' G:\wamp\www\rrzh\Application\Admin\Conf\config.php 第 7 行.
NOTIC: [8] Use of undefined constant SITE_ROOT - assumed 'SITE_ROOT' G:\wamp\www\rrzh\Application\Admin\Conf\config.php 第 8 行.

[ 2015-04-27T16:25:13+08:00 ] ::1 /rrzh/index.php/Admin/Expert/saveFile
NOTIC: [8] Use of undefined constant SITE_ROOT - assumed 'SITE_ROOT' G:\wamp\www\rrzh\Application\Admin\Conf\config.php 第 7 行.
NOTIC: [8] Use of undefined constant SITE_ROOT - assumed 'SITE_ROOT' G:\wamp\www\rrzh\Application\Admin\Conf\config.php 第 8 行.

[ 2015-04-27T16:25:13+08:00 ] ::1 /rrzh/index.php/Admin/Expert/allExpert.html
NOTIC: [8] Use of undefined constant SITE_ROOT - assumed 'SITE_ROOT' G:\wamp\www\rrzh\Application\Admin\Conf\config.php 第 7 行.
NOTIC: [8] Use of undefined constant SITE_ROOT - assumed 'SITE_ROOT' G:\wamp\www\rrzh\Application\Admin\Conf\config.php 第 8 行.

[ 2015-04-27T16:25:17+08:00 ] ::1 /rrzh/index.php/Admin/Expert/DeleteExpert/id/9
NOTIC: [8] Use of undefined constant SITE_ROOT - assumed 'SITE_ROOT' G:\wamp\www\rrzh\Application\Admin\Conf\config.php 第 7 行.
NOTIC: [8] Use of undefined constant SITE_ROOT - assumed 'SITE_ROOT' G:\wamp\www\rrzh\Application\Admin\Conf\config.php 第 8 行.

[ 2015-04-27T16:25:17+08:00 ] ::1 /rrzh/index.php/Admin/Expert/allExpert.html
NOTIC: [8] Use of undefined constant SITE_ROOT - assumed 'SITE_ROOT' G:\wamp\www\rrzh\Application\Admin\Conf\config.php 第 7 行.
NOTIC: [8] Use of undefined constant SITE_ROOT - assumed 'SITE_ROOT' G:\wamp\www\rrzh\Application\Admin\Conf\config.php 第 8 行.

[ 2015-04-27T16:25:35+08:00 ] ::1 /rrzh/index.php/Admin/Expert/allExpert.html
NOTIC: [8] Use of undefined constant SITE_ROOT - assumed 'SITE_ROOT' G:\wamp\www\rrzh\Application\Admin\Conf\config.php 第 7 行.
NOTIC: [8] Use of undefined constant SITE_ROOT - assumed 'SITE_ROOT' G:\wamp\www\rrzh\Application\Admin\Conf\config.php 第 8 行.

[ 2015-04-27T16:25:42+08:00 ] ::1 /rrzh/index.php/Admin/Expert/saveFile
NOTIC: [8] Use of undefined constant SITE_ROOT - assumed 'SITE_ROOT' G:\wamp\www\rrzh\Application\Admin\Conf\config.php 第 7 行.
NOTIC: [8] Use of undefined constant SITE_ROOT - assumed 'SITE_ROOT' G:\wamp\www\rrzh\Application\Admin\Conf\config.php 第 8 行.

[ 2015-04-27T16:25:42+08:00 ] ::1 /rrzh/index.php/Admin/Expert/allExpert.html
NOTIC: [8] Use of undefined constant SITE_ROOT - assumed 'SITE_ROOT' G:\wamp\www\rrzh\Application\Admin\Conf\config.php 第 7 行.
NOTIC: [8] Use of undefined constant SITE_ROOT - assumed 'SITE_ROOT' G:\wamp\www\rrzh\Application\Admin\Conf\config.php 第 8 行.

[ 2015-04-27T16:25:49+08:00 ] ::1 /rrzh/index.php/Admin/Expert/DeleteExpert/id/10
NOTIC: [8] Use of undefined constant SITE_ROOT - assumed 'SITE_ROOT' G:\wamp\www\rrzh\Application\Admin\Conf\config.php 第 7 行.
NOTIC: [8] Use of undefined constant SITE_ROOT - assumed 'SITE_ROOT' G:\wamp\www\rrzh\Application\Admin\Conf\config.php 第 8 行.

[ 2015-04-27T16:25:50+08:00 ] ::1 /rrzh/index.php/Admin/Expert/allExpert.html
NOTIC: [8] Use of undefined constant SITE_ROOT - assumed 'SITE_ROOT' G:\wamp\www\rrzh\Application\Admin\Conf\config.php 第 7 行.
NOTIC: [8] Use of undefined constant SITE_ROOT - assumed 'SITE_ROOT' G:\wamp\www\rrzh\Application\Admin\Conf\config.php 第 8 行.

[ 2015-04-27T16:26:51+08:00 ] ::1 /rrzh/index.php/Admin/Expert/allExpert.html
NOTIC: [8] Use of undefined constant SITE_ROOT - assumed 'SITE_ROOT' G:\wamp\www\rrzh\Application\Admin\Conf\config.php 第 7 行.
NOTIC: [8] Use of undefined constant SITE_ROOT - assumed 'SITE_ROOT' G:\wamp\www\rrzh\Application\Admin\Conf\config.php 第 8 行.

[ 2015-04-27T16:26:57+08:00 ] ::1 /rrzh/index.php/Admin/Expert/saveFile
NOTIC: [8] Use of undefined constant SITE_ROOT - assumed 'SITE_ROOT' G:\wamp\www\rrzh\Application\Admin\Conf\config.php 第 7 行.
NOTIC: [8] Use of undefined constant SITE_ROOT - assumed 'SITE_ROOT' G:\wamp\www\rrzh\Application\Admin\Conf\config.php 第 8 行.

[ 2015-04-27T16:26:57+08:00 ] ::1 /rrzh/index.php/Admin/Expert/allExpert.html
NOTIC: [8] Use of undefined constant SITE_ROOT - assumed 'SITE_ROOT' G:\wamp\www\rrzh\Application\Admin\Conf\config.php 第 7 行.
NOTIC: [8] Use of undefined constant SITE_ROOT - assumed 'SITE_ROOT' G:\wamp\www\rrzh\Application\Admin\Conf\config.php 第 8 行.

[ 2015-04-27T16:27:03+08:00 ] ::1 /rrzh/index.php/Admin/Expert/DeleteExpert/id/11
NOTIC: [8] Use of undefined constant SITE_ROOT - assumed 'SITE_ROOT' G:\wamp\www\rrzh\Application\Admin\Conf\config.php 第 7 行.
NOTIC: [8] Use of undefined constant SITE_ROOT - assumed 'SITE_ROOT' G:\wamp\www\rrzh\Application\Admin\Conf\config.php 第 8 行.

[ 2015-04-27T16:27:03+08:00 ] ::1 /rrzh/index.php/Admin/Expert/allExpert.html
NOTIC: [8] Use of undefined constant SITE_ROOT - assumed 'SITE_ROOT' G:\wamp\www\rrzh\Application\Admin\Conf\config.php 第 7 行.
NOTIC: [8] Use of undefined constant SITE_ROOT - assumed 'SITE_ROOT' G:\wamp\www\rrzh\Application\Admin\Conf\config.php 第 8 行.

[ 2015-04-27T16:29:00+08:00 ] ::1 /rrzh/index.php/Admin/System/AdminList
NOTIC: [8] Use of undefined constant SITE_ROOT - assumed 'SITE_ROOT' G:\wamp\www\rrzh\Application\Admin\Conf\config.php 第 7 行.
NOTIC: [8] Use of undefined constant SITE_ROOT - assumed 'SITE_ROOT' G:\wamp\www\rrzh\Application\Admin\Conf\config.php 第 8 行.

[ 2015-04-27T16:29:01+08:00 ] ::1 /rrzh/index.php/Admin/System/AdminList
NOTIC: [8] Use of undefined constant SITE_ROOT - assumed 'SITE_ROOT' G:\wamp\www\rrzh\Application\Admin\Conf\config.php 第 7 行.
NOTIC: [8] Use of undefined constant SITE_ROOT - assumed 'SITE_ROOT' G:\wamp\www\rrzh\Application\Admin\Conf\config.php 第 8 行.

[ 2015-04-27T16:36:03+08:00 ] ::1 /rrzh/index.php/Admin/System/AdminList
NOTIC: [8] Use of undefined constant SITE_ROOT - assumed 'SITE_ROOT' G:\wamp\www\rrzh\Application\Admin\Conf\config.php 第 7 行.
NOTIC: [8] Use of undefined constant SITE_ROOT - assumed 'SITE_ROOT' G:\wamp\www\rrzh\Application\Admin\Conf\config.php 第 8 行.

[ 2015-04-27T16:36:05+08:00 ] ::1 /rrzh/index.php/Admin/Link/allLink
NOTIC: [8] Use of undefined constant SITE_ROOT - assumed 'SITE_ROOT' G:\wamp\www\rrzh\Application\Admin\Conf\config.php 第 7 行.
NOTIC: [8] Use of undefined constant SITE_ROOT - assumed 'SITE_ROOT' G:\wamp\www\rrzh\Application\Admin\Conf\config.php 第 8 行.
ERR: 非法操作:alllink

[ 2015-04-27T16:37:16+08:00 ] ::1 /rrzh/index.php/Admin/Link/allLink
NOTIC: [8] Use of undefined constant SITE_ROOT - assumed 'SITE_ROOT' G:\wamp\www\rrzh\Application\Admin\Conf\config.php 第 7 行.
NOTIC: [8] Use of undefined constant SITE_ROOT - assumed 'SITE_ROOT' G:\wamp\www\rrzh\Application\Admin\Conf\config.php 第 8 行.
ERR: 非法操作:alllink

[ 2015-04-27T16:37:20+08:00 ] ::1 /rrzh/index.php/Admin
NOTIC: [8] Use of undefined constant SITE_ROOT - assumed 'SITE_ROOT' G:\wamp\www\rrzh\Application\Admin\Conf\config.php 第 7 行.
NOTIC: [8] Use of undefined constant SITE_ROOT - assumed 'SITE_ROOT' G:\wamp\www\rrzh\Application\Admin\Conf\config.php 第 8 行.

[ 2015-04-27T16:37:23+08:00 ] ::1 /rrzh/index.php/Admin/Other/allLink
NOTIC: [8] Use of undefined constant SITE_ROOT - assumed 'SITE_ROOT' G:\wamp\www\rrzh\Application\Admin\Conf\config.php 第 7 行.
NOTIC: [8] Use of undefined constant SITE_ROOT - assumed 'SITE_ROOT' G:\wamp\www\rrzh\Application\Admin\Conf\config.php 第 8 行.
ERR: 模板不存在:./Application/Admin/View/Other/alllink.html

[ 2015-04-27T16:37:54+08:00 ] ::1 /rrzh/index.php/Admin/Other/allLink
NOTIC: [8] Use of undefined constant SITE_ROOT - assumed 'SITE_ROOT' G:\wamp\www\rrzh\Application\Admin\Conf\config.php 第 7 行.
NOTIC: [8] Use of undefined constant SITE_ROOT - assumed 'SITE_ROOT' G:\wamp\www\rrzh\Application\Admin\Conf\config.php 第 8 行.
ERR: 模板不存在:./Application/Admin/View/Other/alllink.html

[ 2015-04-27T16:38:00+08:00 ] ::1 /rrzh/index.php/Admin/Other/allLink
NOTIC: [8] Use of undefined constant SITE_ROOT - assumed 'SITE_ROOT' G:\wamp\www\rrzh\Application\Admin\Conf\config.php 第 7 行.
NOTIC: [8] Use of undefined constant SITE_ROOT - assumed 'SITE_ROOT' G:\wamp\www\rrzh\Application\Admin\Conf\config.php 第 8 行.
ERR: 模板不存在:./Application/Admin/View/Other/alllink.html

[ 2015-04-27T16:38:16+08:00 ] ::1 /rrzh/index.php/Admin/Other/allLink
NOTIC: [8] Use of undefined constant SITE_ROOT - assumed 'SITE_ROOT' G:\wamp\www\rrzh\Application\Admin\Conf\config.php 第 7 行.
NOTIC: [8] Use of undefined constant SITE_ROOT - assumed 'SITE_ROOT' G:\wamp\www\rrzh\Application\Admin\Conf\config.php 第 8 行.

[ 2015-04-27T16:39:24+08:00 ] ::1 /rrzh/index.php/Admin/Other/allLink
NOTIC: [8] Use of undefined constant SITE_ROOT - assumed 'SITE_ROOT' G:\wamp\www\rrzh\Application\Admin\Conf\config.php 第 7 行.
NOTIC: [8] Use of undefined constant SITE_ROOT - assumed 'SITE_ROOT' G:\wamp\www\rrzh\Application\Admin\Conf\config.php 第 8 行.

[ 2015-04-27T16:39:32+08:00 ] ::1 /rrzh/index.php/Admin/Other/allLink
NOTIC: [8] Use of undefined constant SITE_ROOT - assumed 'SITE_ROOT' G:\wamp\www\rrzh\Application\Admin\Conf\config.php 第 7 行.
NOTIC: [8] Use of undefined constant SITE_ROOT - assumed 'SITE_ROOT' G:\wamp\www\rrzh\Application\Admin\Conf\config.php 第 8 行.

[ 2015-04-27T16:39:56+08:00 ] ::1 /rrzh/index.php/Admin/Other/allLink
NOTIC: [8] Use of undefined constant SITE_ROOT - assumed 'SITE_ROOT' G:\wamp\www\rrzh\Application\Admin\Conf\config.php 第 7 行.
NOTIC: [8] Use of undefined constant SITE_ROOT - assumed 'SITE_ROOT' G:\wamp\www\rrzh\Application\Admin\Conf\config.php 第 8 行.

[ 2015-04-27T16:40:53+08:00 ] ::1 /rrzh/index.php/Admin/Other/allLink
NOTIC: [8] Use of undefined constant SITE_ROOT - assumed 'SITE_ROOT' G:\wamp\www\rrzh\Application\Admin\Conf\config.php 第 7 行.
NOTIC: [8] Use of undefined constant SITE_ROOT - assumed 'SITE_ROOT' G:\wamp\www\rrzh\Application\Admin\Conf\config.php 第 8 行.

[ 2015-04-27T16:41:56+08:00 ] ::1 /rrzh/index.php/Admin/Other/allLink
NOTIC: [8] Use of undefined constant SITE_ROOT - assumed 'SITE_ROOT' G:\wamp\www\rrzh\Application\Admin\Conf\config.php 第 7 行.
NOTIC: [8] Use of undefined constant SITE_ROOT - assumed 'SITE_ROOT' G:\wamp\www\rrzh\Application\Admin\Conf\config.php 第 8 行.

[ 2015-04-27T16:41:59+08:00 ] ::1 /rrzh/index.php/Admin/Other/allLink
NOTIC: [8] Use of undefined constant SITE_ROOT - assumed 'SITE_ROOT' G:\wamp\www\rrzh\Application\Admin\Conf\config.php 第 7 行.
NOTIC: [8] Use of undefined constant SITE_ROOT - assumed 'SITE_ROOT' G:\wamp\www\rrzh\Application\Admin\Conf\config.php 第 8 行.

[ 2015-04-27T16:42:32+08:00 ] ::1 /rrzh/index.php/Admin/Other/allLink
NOTIC: [8] Use of undefined constant SITE_ROOT - assumed 'SITE_ROOT' G:\wamp\www\rrzh\Application\Admin\Conf\config.php 第 7 行.
NOTIC: [8] Use of undefined constant SITE_ROOT - assumed 'SITE_ROOT' G:\wamp\www\rrzh\Application\Admin\Conf\config.php 第 8 行.

[ 2015-04-27T16:44:02+08:00 ] ::1 /rrzh/index.php/Admin/Other/allLink
NOTIC: [8] Use of undefined constant SITE_ROOT - assumed 'SITE_ROOT' G:\wamp\www\rrzh\Application\Admin\Conf\config.php 第 7 行.
NOTIC: [8] Use of undefined constant SITE_ROOT - assumed 'SITE_ROOT' G:\wamp\www\rrzh\Application\Admin\Conf\config.php 第 8 行.

[ 2015-04-27T16:44:22+08:00 ] ::1 /rrzh/index.php/Admin/Other/allLink
NOTIC: [8] Use of undefined constant SITE_ROOT - assumed 'SITE_ROOT' G:\wamp\www\rrzh\Application\Admin\Conf\config.php 第 7 行.
NOTIC: [8] Use of undefined constant SITE_ROOT - assumed 'SITE_ROOT' G:\wamp\www\rrzh\Application\Admin\Conf\config.php 第 8 行.

[ 2015-04-27T16:44:56+08:00 ] ::1 /rrzh/index.php/Admin/Other/SaveLink
NOTIC: [8] Use of undefined constant SITE_ROOT - assumed 'SITE_ROOT' G:\wamp\www\rrzh\Application\Admin\Conf\config.php 第 7 行.
NOTIC: [8] Use of undefined constant SITE_ROOT - assumed 'SITE_ROOT' G:\wamp\www\rrzh\Application\Admin\Conf\config.php 第 8 行.
ERR: 非法操作:savelink

[ 2015-04-27T16:54:36+08:00 ] ::1 /rrzh/index.php/Admin/Other/allLink
NOTIC: [8] Use of undefined constant SITE_ROOT - assumed 'SITE_ROOT' G:\wamp\www\rrzh\Application\Admin\Conf\config.php 第 7 行.
NOTIC: [8] Use of undefined constant SITE_ROOT - assumed 'SITE_ROOT' G:\wamp\www\rrzh\Application\Admin\Conf\config.php 第 8 行.

[ 2015-04-27T16:55:44+08:00 ] ::1 /rrzh/index.php/Admin/Other/allLink
NOTIC: [8] Use of undefined constant SITE_ROOT - assumed 'SITE_ROOT' G:\wamp\www\rrzh\Application\Admin\Conf\config.php 第 7 行.
NOTIC: [8] Use of undefined constant SITE_ROOT - assumed 'SITE_ROOT' G:\wamp\www\rrzh\Application\Admin\Conf\config.php 第 8 行.

[ 2015-04-27T16:55:45+08:00 ] ::1 /rrzh/index.php/Admin/Other/SaveLink
NOTIC: [8] Use of undefined constant SITE_ROOT - assumed 'SITE_ROOT' G:\wamp\www\rrzh\Application\Admin\Conf\config.php 第 7 行.
NOTIC: [8] Use of undefined constant SITE_ROOT - assumed 'SITE_ROOT' G:\wamp\www\rrzh\Application\Admin\Conf\config.php 第 8 行.
ERR: 非法操作:savelink

[ 2015-04-27T16:56:39+08:00 ] ::1 /rrzh/index.php/Admin/Other/SaveLink
NOTIC: [8] Use of undefined constant SITE_ROOT - assumed 'SITE_ROOT' G:\wamp\www\rrzh\Application\Admin\Conf\config.php 第 7 行.
NOTIC: [8] Use of undefined constant SITE_ROOT - assumed 'SITE_ROOT' G:\wamp\www\rrzh\Application\Admin\Conf\config.php 第 8 行.
ERR: 非法操作:savelink

[ 2015-04-27T16:56:52+08:00 ] ::1 /rrzh/index.php/Admin/Other/SaveLink
NOTIC: [8] Use of undefined constant SITE_ROOT - assumed 'SITE_ROOT' G:\wamp\www\rrzh\Application\Admin\Conf\config.php 第 7 行.
NOTIC: [8] Use of undefined constant SITE_ROOT - assumed 'SITE_ROOT' G:\wamp\www\rrzh\Application\Admin\Conf\config.php 第 8 行.
ERR: 非法操作:savelink

[ 2015-04-27T16:56:55+08:00 ] ::1 /rrzh/index.php/Admin/Other/allLink
NOTIC: [8] Use of undefined constant SITE_ROOT - assumed 'SITE_ROOT' G:\wamp\www\rrzh\Application\Admin\Conf\config.php 第 7 行.
NOTIC: [8] Use of undefined constant SITE_ROOT - assumed 'SITE_ROOT' G:\wamp\www\rrzh\Application\Admin\Conf\config.php 第 8 行.

[ 2015-04-27T16:57:44+08:00 ] ::1 /rrzh/index.php/Admin/Other/allLink
NOTIC: [8] Use of undefined constant SITE_ROOT - assumed 'SITE_ROOT' G:\wamp\www\rrzh\Application\Admin\Conf\config.php 第 7 行.
NOTIC: [8] Use of undefined constant SITE_ROOT - assumed 'SITE_ROOT' G:\wamp\www\rrzh\Application\Admin\Conf\config.php 第 8 行.

[ 2015-04-27T16:57:46+08:00 ] ::1 /rrzh/index.php/Admin/Other/SaveLink
NOTIC: [8] Use of undefined constant SITE_ROOT - assumed 'SITE_ROOT' G:\wamp\www\rrzh\Application\Admin\Conf\config.php 第 7 行.
NOTIC: [8] Use of undefined constant SITE_ROOT - assumed 'SITE_ROOT' G:\wamp\www\rrzh\Application\Admin\Conf\config.php 第 8 行.
ERR: 非法操作:savelink

[ 2015-04-27T16:58:03+08:00 ] ::1 /rrzh/index.php/Admin/Other/allLink
NOTIC: [8] Use of undefined constant SITE_ROOT - assumed 'SITE_ROOT' G:\wamp\www\rrzh\Application\Admin\Conf\config.php 第 7 行.
NOTIC: [8] Use of undefined constant SITE_ROOT - assumed 'SITE_ROOT' G:\wamp\www\rrzh\Application\Admin\Conf\config.php 第 8 行.

[ 2015-04-27T16:58:05+08:00 ] ::1 /rrzh/index.php/Admin/Other/SaveLink
NOTIC: [8] Use of undefined constant SITE_ROOT - assumed 'SITE_ROOT' G:\wamp\www\rrzh\Application\Admin\Conf\config.php 第 7 行.
NOTIC: [8] Use of undefined constant SITE_ROOT - assumed 'SITE_ROOT' G:\wamp\www\rrzh\Application\Admin\Conf\config.php 第 8 行.
ERR: 非法操作:savelink

[ 2015-04-27T16:58:50+08:00 ] ::1 /rrzh/index.php/Admin/Other/allLink
NOTIC: [8] Use of undefined constant SITE_ROOT - assumed 'SITE_ROOT' G:\wamp\www\rrzh\Application\Admin\Conf\config.php 第 7 行.
NOTIC: [8] Use of undefined constant SITE_ROOT - assumed 'SITE_ROOT' G:\wamp\www\rrzh\Application\Admin\Conf\config.php 第 8 行.

[ 2015-04-27T16:58:51+08:00 ] ::1 /rrzh/index.php/Admin/Other/SaveLink
NOTIC: [8] Use of undefined constant SITE_ROOT - assumed 'SITE_ROOT' G:\wamp\www\rrzh\Application\Admin\Conf\config.php 第 7 行.
NOTIC: [8] Use of undefined constant SITE_ROOT - assumed 'SITE_ROOT' G:\wamp\www\rrzh\Application\Admin\Conf\config.php 第 8 行.
ERR: 非法操作:savelink

[ 2015-04-27T16:59:49+08:00 ] ::1 /rrzh/index.php/Admin/Other/allLink
NOTIC: [8] Use of undefined constant SITE_ROOT - assumed 'SITE_ROOT' G:\wamp\www\rrzh\Application\Admin\Conf\config.php 第 7 行.
NOTIC: [8] Use of undefined constant SITE_ROOT - assumed 'SITE_ROOT' G:\wamp\www\rrzh\Application\Admin\Conf\config.php 第 8 行.

[ 2015-04-27T16:59:50+08:00 ] ::1 /rrzh/index.php/Admin/Other/SaveLink
NOTIC: [8] Use of undefined constant SITE_ROOT - assumed 'SITE_ROOT' G:\wamp\www\rrzh\Application\Admin\Conf\config.php 第 7 行.
NOTIC: [8] Use of undefined constant SITE_ROOT - assumed 'SITE_ROOT' G:\wamp\www\rrzh\Application\Admin\Conf\config.php 第 8 行.
ERR: 非法操作:savelink

[ 2015-04-27T17:00:20+08:00 ] ::1 /rrzh/index.php/Admin/Other/allLink
NOTIC: [8] Use of undefined constant SITE_ROOT - assumed 'SITE_ROOT' G:\wamp\www\rrzh\Application\Admin\Conf\config.php 第 7 行.
NOTIC: [8] Use of undefined constant SITE_ROOT - assumed 'SITE_ROOT' G:\wamp\www\rrzh\Application\Admin\Conf\config.php 第 8 行.

[ 2015-04-27T17:00:21+08:00 ] ::1 /rrzh/index.php/Admin/Other/SaveLink
NOTIC: [8] Use of undefined constant SITE_ROOT - assumed 'SITE_ROOT' G:\wamp\www\rrzh\Application\Admin\Conf\config.php 第 7 行.
NOTIC: [8] Use of undefined constant SITE_ROOT - assumed 'SITE_ROOT' G:\wamp\www\rrzh\Application\Admin\Conf\config.php 第 8 行.
ERR: 非法操作:savelink

[ 2015-04-27T17:02:26+08:00 ] ::1 /rrzh/index.php/Admin/Other/SaveLink
NOTIC: [8] Use of undefined constant SITE_ROOT - assumed 'SITE_ROOT' G:\wamp\www\rrzh\Application\Admin\Conf\config.php 第 7 行.
NOTIC: [8] Use of undefined constant SITE_ROOT - assumed 'SITE_ROOT' G:\wamp\www\rrzh\Application\Admin\Conf\config.php 第 8 行.
ERR: 非法操作:savelink

[ 2015-04-27T17:02:29+08:00 ] ::1 /rrzh/index.php/Admin/Other/allLink
NOTIC: [8] Use of undefined constant SITE_ROOT - assumed 'SITE_ROOT' G:\wamp\www\rrzh\Application\Admin\Conf\config.php 第 7 行.
NOTIC: [8] Use of undefined constant SITE_ROOT - assumed 'SITE_ROOT' G:\wamp\www\rrzh\Application\Admin\Conf\config.php 第 8 行.

[ 2015-04-27T17:02:31+08:00 ] ::1 /rrzh/index.php/Admin/Other/SaveLink
NOTIC: [8] Use of undefined constant SITE_ROOT - assumed 'SITE_ROOT' G:\wamp\www\rrzh\Application\Admin\Conf\config.php 第 7 行.
NOTIC: [8] Use of undefined constant SITE_ROOT - assumed 'SITE_ROOT' G:\wamp\www\rrzh\Application\Admin\Conf\config.php 第 8 行.
ERR: 非法操作:savelink

[ 2015-04-27T17:03:25+08:00 ] ::1 /rrzh/index.php/Admin/Other/allLink
NOTIC: [8] Use of undefined constant SITE_ROOT - assumed 'SITE_ROOT' G:\wamp\www\rrzh\Application\Admin\Conf\config.php 第 7 行.
NOTIC: [8] Use of undefined constant SITE_ROOT - assumed 'SITE_ROOT' G:\wamp\www\rrzh\Application\Admin\Conf\config.php 第 8 行.

[ 2015-04-27T17:03:27+08:00 ] ::1 /rrzh/index.php/Admin/Other/SaveLink
NOTIC: [8] Use of undefined constant SITE_ROOT - assumed 'SITE_ROOT' G:\wamp\www\rrzh\Application\Admin\Conf\config.php 第 7 行.
NOTIC: [8] Use of undefined constant SITE_ROOT - assumed 'SITE_ROOT' G:\wamp\www\rrzh\Application\Admin\Conf\config.php 第 8 行.
ERR: 非法操作:savelink

[ 2015-04-27T17:04:01+08:00 ] ::1 /rrzh/index.php/Admin/Other/allLink
NOTIC: [8] Use of undefined constant SITE_ROOT - assumed 'SITE_ROOT' G:\wamp\www\rrzh\Application\Admin\Conf\config.php 第 7 行.
NOTIC: [8] Use of undefined constant SITE_ROOT - assumed 'SITE_ROOT' G:\wamp\www\rrzh\Application\Admin\Conf\config.php 第 8 行.

[ 2015-04-27T17:04:02+08:00 ] ::1 /rrzh/index.php/Admin/Other/SaveLink
NOTIC: [8] Use of undefined constant SITE_ROOT - assumed 'SITE_ROOT' G:\wamp\www\rrzh\Application\Admin\Conf\config.php 第 7 行.
NOTIC: [8] Use of undefined constant SITE_ROOT - assumed 'SITE_ROOT' G:\wamp\www\rrzh\Application\Admin\Conf\config.php 第 8 行.
ERR: 非法操作:savelink

[ 2015-04-27T17:04:36+08:00 ] ::1 /rrzh/index.php/Admin/Other/SaveLink
NOTIC: [8] Use of undefined constant SITE_ROOT - assumed 'SITE_ROOT' G:\wamp\www\rrzh\Application\Admin\Conf\config.php 第 7 行.
NOTIC: [8] Use of undefined constant SITE_ROOT - assumed 'SITE_ROOT' G:\wamp\www\rrzh\Application\Admin\Conf\config.php 第 8 行.
ERR: 非法操作:savelink

[ 2015-04-27T17:04:39+08:00 ] ::1 /rrzh/index.php/Admin/Other
NOTIC: [8] Use of undefined constant SITE_ROOT - assumed 'SITE_ROOT' G:\wamp\www\rrzh\Application\Admin\Conf\config.php 第 7 行.
NOTIC: [8] Use of undefined constant SITE_ROOT - assumed 'SITE_ROOT' G:\wamp\www\rrzh\Application\Admin\Conf\config.php 第 8 行.
ERR: 非法操作:index

[ 2015-04-27T17:04:42+08:00 ] ::1 /rrzh/index.php/Admin/
NOTIC: [8] Use of undefined constant SITE_ROOT - assumed 'SITE_ROOT' G:\wamp\www\rrzh\Application\Admin\Conf\config.php 第 7 行.
NOTIC: [8] Use of undefined constant SITE_ROOT - assumed 'SITE_ROOT' G:\wamp\www\rrzh\Application\Admin\Conf\config.php 第 8 行.

[ 2015-04-27T17:04:43+08:00 ] ::1 /rrzh/index.php/Admin/Other/allLink
NOTIC: [8] Use of undefined constant SITE_ROOT - assumed 'SITE_ROOT' G:\wamp\www\rrzh\Application\Admin\Conf\config.php 第 7 行.
NOTIC: [8] Use of undefined constant SITE_ROOT - assumed 'SITE_ROOT' G:\wamp\www\rrzh\Application\Admin\Conf\config.php 第 8 行.

[ 2015-04-27T17:04:45+08:00 ] ::1 /rrzh/index.php/Admin/Other/SaveLink
NOTIC: [8] Use of undefined constant SITE_ROOT - assumed 'SITE_ROOT' G:\wamp\www\rrzh\Application\Admin\Conf\config.php 第 7 行.
NOTIC: [8] Use of undefined constant SITE_ROOT - assumed 'SITE_ROOT' G:\wamp\www\rrzh\Application\Admin\Conf\config.php 第 8 行.
ERR: 非法操作:savelink

[ 2015-04-27T17:05:03+08:00 ] ::1 /rrzh/index.php/Admin/Other/SaveLink
NOTIC: [8] Use of undefined constant SITE_ROOT - assumed 'SITE_ROOT' G:\wamp\www\rrzh\Application\Admin\Conf\config.php 第 7 行.
NOTIC: [8] Use of undefined constant SITE_ROOT - assumed 'SITE_ROOT' G:\wamp\www\rrzh\Application\Admin\Conf\config.php 第 8 行.
ERR: 非法操作:savelink

[ 2015-04-27T17:05:07+08:00 ] ::1 /rrzh/index.php/Admin/Other/allLink
NOTIC: [8] Use of undefined constant SITE_ROOT - assumed 'SITE_ROOT' G:\wamp\www\rrzh\Application\Admin\Conf\config.php 第 7 行.
NOTIC: [8] Use of undefined constant SITE_ROOT - assumed 'SITE_ROOT' G:\wamp\www\rrzh\Application\Admin\Conf\config.php 第 8 行.

[ 2015-04-27T17:05:08+08:00 ] ::1 /rrzh/index.php/Admin/Other/SaveLink
NOTIC: [8] Use of undefined constant SITE_ROOT - assumed 'SITE_ROOT' G:\wamp\www\rrzh\Application\Admin\Conf\config.php 第 7 行.
NOTIC: [8] Use of undefined constant SITE_ROOT - assumed 'SITE_ROOT' G:\wamp\www\rrzh\Application\Admin\Conf\config.php 第 8 行.
ERR: 非法操作:savelink

[ 2015-04-27T17:06:11+08:00 ] ::1 /rrzh/index.php/Admin/Other/allLink
NOTIC: [8] Use of undefined constant SITE_ROOT - assumed 'SITE_ROOT' G:\wamp\www\rrzh\Application\Admin\Conf\config.php 第 7 行.
NOTIC: [8] Use of undefined constant SITE_ROOT - assumed 'SITE_ROOT' G:\wamp\www\rrzh\Application\Admin\Conf\config.php 第 8 行.

[ 2015-04-27T17:06:12+08:00 ] ::1 /rrzh/index.php/Admin/Other/SaveLink
NOTIC: [8] Use of undefined constant SITE_ROOT - assumed 'SITE_ROOT' G:\wamp\www\rrzh\Application\Admin\Conf\config.php 第 7 行.
NOTIC: [8] Use of undefined constant SITE_ROOT - assumed 'SITE_ROOT' G:\wamp\www\rrzh\Application\Admin\Conf\config.php 第 8 行.
ERR: 非法操作:savelink

[ 2015-04-27T17:06:43+08:00 ] ::1 /rrzh/index.php/Admin/Other/allLink
NOTIC: [8] Use of undefined constant SITE_ROOT - assumed 'SITE_ROOT' G:\wamp\www\rrzh\Application\Admin\Conf\config.php 第 7 行.
NOTIC: [8] Use of undefined constant SITE_ROOT - assumed 'SITE_ROOT' G:\wamp\www\rrzh\Application\Admin\Conf\config.php 第 8 行.

[ 2015-04-27T17:06:45+08:00 ] ::1 /rrzh/index.php/Admin/Other/SaveLink
NOTIC: [8] Use of undefined constant SITE_ROOT - assumed 'SITE_ROOT' G:\wamp\www\rrzh\Application\Admin\Conf\config.php 第 7 行.
NOTIC: [8] Use of undefined constant SITE_ROOT - assumed 'SITE_ROOT' G:\wamp\www\rrzh\Application\Admin\Conf\config.php 第 8 行.
ERR: 非法操作:savelink

[ 2015-04-27T17:06:59+08:00 ] ::1 /rrzh/index.php/Admin/Other/SaveLink
NOTIC: [8] Use of undefined constant SITE_ROOT - assumed 'SITE_ROOT' G:\wamp\www\rrzh\Application\Admin\Conf\config.php 第 7 行.
NOTIC: [8] Use of undefined constant SITE_ROOT - assumed 'SITE_ROOT' G:\wamp\www\rrzh\Application\Admin\Conf\config.php 第 8 行.

[ 2015-04-27T17:11:34+08:00 ] ::1 /rrzh/index.php/Admin/Other/allLink
NOTIC: [8] Use of undefined constant SITE_ROOT - assumed 'SITE_ROOT' G:\wamp\www\rrzh\Application\Admin\Conf\config.php 第 7 行.
NOTIC: [8] Use of undefined constant SITE_ROOT - assumed 'SITE_ROOT' G:\wamp\www\rrzh\Application\Admin\Conf\config.php 第 8 行.

[ 2015-04-27T17:11:37+08:00 ] ::1 /rrzh/index.php/Admin/Other/SaveLink
NOTIC: [8] Use of undefined constant SITE_ROOT - assumed 'SITE_ROOT' G:\wamp\www\rrzh\Application\Admin\Conf\config.php 第 7 行.
NOTIC: [8] Use of undefined constant SITE_ROOT - assumed 'SITE_ROOT' G:\wamp\www\rrzh\Application\Admin\Conf\config.php 第 8 行.

[ 2015-04-27T17:12:05+08:00 ] ::1 /rrzh/index.php/Admin/Other/allLink
NOTIC: [8] Use of undefined constant SITE_ROOT - assumed 'SITE_ROOT' G:\wamp\www\rrzh\Application\Admin\Conf\config.php 第 7 行.
NOTIC: [8] Use of undefined constant SITE_ROOT - assumed 'SITE_ROOT' G:\wamp\www\rrzh\Application\Admin\Conf\config.php 第 8 行.

[ 2015-04-27T17:12:07+08:00 ] ::1 /rrzh/index.php/Admin/Other/SaveLink
NOTIC: [8] Use of undefined constant SITE_ROOT - assumed 'SITE_ROOT' G:\wamp\www\rrzh\Application\Admin\Conf\config.php 第 7 行.
NOTIC: [8] Use of undefined constant SITE_ROOT - assumed 'SITE_ROOT' G:\wamp\www\rrzh\Application\Admin\Conf\config.php 第 8 行.

[ 2015-04-27T17:12:48+08:00 ] ::1 /rrzh/index.php/Admin/Other/allLink
NOTIC: [8] Use of undefined constant SITE_ROOT - assumed 'SITE_ROOT' G:\wamp\www\rrzh\Application\Admin\Conf\config.php 第 7 行.
NOTIC: [8] Use of undefined constant SITE_ROOT - assumed 'SITE_ROOT' G:\wamp\www\rrzh\Application\Admin\Conf\config.php 第 8 行.

[ 2015-04-27T17:13:12+08:00 ] ::1 /rrzh/index.php/Admin/Other/allLink
NOTIC: [8] Use of undefined constant SITE_ROOT - assumed 'SITE_ROOT' G:\wamp\www\rrzh\Application\Admin\Conf\config.php 第 7 行.
NOTIC: [8] Use of undefined constant SITE_ROOT - assumed 'SITE_ROOT' G:\wamp\www\rrzh\Application\Admin\Conf\config.php 第 8 行.

[ 2015-04-27T17:13:18+08:00 ] ::1 /rrzh/index.php/Admin/Other/SaveLink
NOTIC: [8] Use of undefined constant SITE_ROOT - assumed 'SITE_ROOT' G:\wamp\www\rrzh\Application\Admin\Conf\config.php 第 7 行.
NOTIC: [8] Use of undefined constant SITE_ROOT - assumed 'SITE_ROOT' G:\wamp\www\rrzh\Application\Admin\Conf\config.php 第 8 行.

[ 2015-04-27T17:24:49+08:00 ] ::1 /rrzh/index.php/Admin/Other/SaveLink
NOTIC: [8] Use of undefined constant SITE_ROOT - assumed 'SITE_ROOT' G:\wamp\www\rrzh\Application\Admin\Conf\config.php 第 7 行.
NOTIC: [8] Use of undefined constant SITE_ROOT - assumed 'SITE_ROOT' G:\wamp\www\rrzh\Application\Admin\Conf\config.php 第 8 行.

[ 2015-04-27T17:24:54+08:00 ] ::1 /rrzh/index.php/Admin/Expert/allExpert
NOTIC: [8] Use of undefined constant SITE_ROOT - assumed 'SITE_ROOT' G:\wamp\www\rrzh\Application\Admin\Conf\config.php 第 7 行.
NOTIC: [8] Use of undefined constant SITE_ROOT - assumed 'SITE_ROOT' G:\wamp\www\rrzh\Application\Admin\Conf\config.php 第 8 行.

[ 2015-04-27T17:25:08+08:00 ] ::1 /rrzh/index.php/Admin/Other/allLink
NOTIC: [8] Use of undefined constant SITE_ROOT - assumed 'SITE_ROOT' G:\wamp\www\rrzh\Application\Admin\Conf\config.php 第 7 行.
NOTIC: [8] Use of undefined constant SITE_ROOT - assumed 'SITE_ROOT' G:\wamp\www\rrzh\Application\Admin\Conf\config.php 第 8 行.

[ 2015-04-27T19:03:53+08:00 ] ::1 /rrzh/index.php/Admin/Other/allLink
NOTIC: [8] Use of undefined constant SITE_ROOT - assumed 'SITE_ROOT' G:\wamp\www\rrzh\Application\Admin\Conf\config.php 第 7 行.
NOTIC: [8] Use of undefined constant SITE_ROOT - assumed 'SITE_ROOT' G:\wamp\www\rrzh\Application\Admin\Conf\config.php 第 8 行.

[ 2015-04-27T19:03:57+08:00 ] ::1 /rrzh/index.php/Admin/Other/allLink
NOTIC: [8] Use of undefined constant SITE_ROOT - assumed 'SITE_ROOT' G:\wamp\www\rrzh\Application\Admin\Conf\config.php 第 7 行.
NOTIC: [8] Use of undefined constant SITE_ROOT - assumed 'SITE_ROOT' G:\wamp\www\rrzh\Application\Admin\Conf\config.php 第 8 行.

