[ 2015-05-05T14:02:23+08:00 ] ::1 /rrzh/index.php/Admin
NOTIC: [8] Use of undefined constant SITE_ROOT - assumed 'SITE_ROOT' G:\wamp\www\rrzh\Application\Admin\Conf\config.php 第 7 行.
NOTIC: [8] Use of undefined constant SITE_ROOT - assumed 'SITE_ROOT' G:\wamp\www\rrzh\Application\Admin\Conf\config.php 第 8 行.

[ 2015-05-05T14:02:23+08:00 ] ::1 /rrzh/index.php/Admin/Index/login.html
NOTIC: [8] Use of undefined constant SITE_ROOT - assumed 'SITE_ROOT' G:\wamp\www\rrzh\Application\Admin\Conf\config.php 第 7 行.
NOTIC: [8] Use of undefined constant SITE_ROOT - assumed 'SITE_ROOT' G:\wamp\www\rrzh\Application\Admin\Conf\config.php 第 8 行.

[ 2015-05-05T14:02:29+08:00 ] ::1 /rrzh/index.php/Admin/Index/SubmLogin
NOTIC: [8] Use of undefined constant SITE_ROOT - assumed 'SITE_ROOT' G:\wamp\www\rrzh\Application\Admin\Conf\config.php 第 7 行.
NOTIC: [8] Use of undefined constant SITE_ROOT - assumed 'SITE_ROOT' G:\wamp\www\rrzh\Application\Admin\Conf\config.php 第 8 行.
INFO: [ app_begin ] --START--
INFO: Run Behavior\ReadHtmlCache [ RunTime:0.001572s ]
INFO: [ app_begin ] --END-- [ RunTime:0.001970s ]
NOTIC: [8192] mysql_connect(): The mysql extension is deprecated and will be removed in the future: use mysqli or PDO instead G:\wamp\www\rrzh\ThinkPHP\Library\Think\Db\Driver\Mysql.class.php 第 52 行.
SQL: SHOW COLUMNS FROM `rz_admin` [ RunTime:0.086142s ]
SQL: SELECT * FROM `rz_admin` WHERE ( aname='st001' ) LIMIT 1   [ RunTime:0.001354s ]

[ 2015-05-05T14:02:29+08:00 ] ::1 /rrzh/index.php/Admin/Index/index
NOTIC: [8] Use of undefined constant SITE_ROOT - assumed 'SITE_ROOT' G:\wamp\www\rrzh\Application\Admin\Conf\config.php 第 7 行.
NOTIC: [8] Use of undefined constant SITE_ROOT - assumed 'SITE_ROOT' G:\wamp\www\rrzh\Application\Admin\Conf\config.php 第 8 行.

[ 2015-05-05T14:02:47+08:00 ] ::1 /rrzh/index.php/Admin/System/SetColumn
NOTIC: [8] Use of undefined constant SITE_ROOT - assumed 'SITE_ROOT' G:\wamp\www\rrzh\Application\Admin\Conf\config.php 第 7 行.
NOTIC: [8] Use of undefined constant SITE_ROOT - assumed 'SITE_ROOT' G:\wamp\www\rrzh\Application\Admin\Conf\config.php 第 8 行.

[ 2015-05-05T14:02:47+08:00 ] ::1 /rrzh/index.php/Admin/System/__STYLE__/editor/kindeditor-min.js
NOTIC: [8] Use of undefined constant SITE_ROOT - assumed 'SITE_ROOT' G:\wamp\www\rrzh\Application\Admin\Conf\config.php 第 7 行.
NOTIC: [8] Use of undefined constant SITE_ROOT - assumed 'SITE_ROOT' G:\wamp\www\rrzh\Application\Admin\Conf\config.php 第 8 行.
ERR: 非法操作:__style__

[ 2015-05-05T14:02:54+08:00 ] ::1 /rrzh/index.php/Admin/Homepage/UpdateSlider
NOTIC: [8] Use of undefined constant SITE_ROOT - assumed 'SITE_ROOT' G:\wamp\www\rrzh\Application\Admin\Conf\config.php 第 7 行.
NOTIC: [8] Use of undefined constant SITE_ROOT - assumed 'SITE_ROOT' G:\wamp\www\rrzh\Application\Admin\Conf\config.php 第 8 行.

[ 2015-05-05T14:02:58+08:00 ] ::1 /rrzh/index.php/Admin/System/AdminList
NOTIC: [8] Use of undefined constant SITE_ROOT - assumed 'SITE_ROOT' G:\wamp\www\rrzh\Application\Admin\Conf\config.php 第 7 行.
NOTIC: [8] Use of undefined constant SITE_ROOT - assumed 'SITE_ROOT' G:\wamp\www\rrzh\Application\Admin\Conf\config.php 第 8 行.

[ 2015-05-05T14:03:04+08:00 ] ::1 /rrzh/index.php/Admin/Homepage/UpdateSlider
NOTIC: [8] Use of undefined constant SITE_ROOT - assumed 'SITE_ROOT' G:\wamp\www\rrzh\Application\Admin\Conf\config.php 第 7 行.
NOTIC: [8] Use of undefined constant SITE_ROOT - assumed 'SITE_ROOT' G:\wamp\www\rrzh\Application\Admin\Conf\config.php 第 8 行.

[ 2015-05-05T14:03:08+08:00 ] ::1 /rrzh/index.php/Admin/System/SetColumn
NOTIC: [8] Use of undefined constant SITE_ROOT - assumed 'SITE_ROOT' G:\wamp\www\rrzh\Application\Admin\Conf\config.php 第 7 行.
NOTIC: [8] Use of undefined constant SITE_ROOT - assumed 'SITE_ROOT' G:\wamp\www\rrzh\Application\Admin\Conf\config.php 第 8 行.

[ 2015-05-05T14:03:09+08:00 ] ::1 /rrzh/index.php/Admin/System/__STYLE__/editor/kindeditor-min.js
NOTIC: [8] Use of undefined constant SITE_ROOT - assumed 'SITE_ROOT' G:\wamp\www\rrzh\Application\Admin\Conf\config.php 第 7 行.
NOTIC: [8] Use of undefined constant SITE_ROOT - assumed 'SITE_ROOT' G:\wamp\www\rrzh\Application\Admin\Conf\config.php 第 8 行.
ERR: 非法操作:__style__

[ 2015-05-05T14:03:15+08:00 ] ::1 /rrzh/index.php/Admin/System/getDescribeByCode/code/qwhd
NOTIC: [8] Use of undefined constant SITE_ROOT - assumed 'SITE_ROOT' G:\wamp\www\rrzh\Application\Admin\Conf\config.php 第 7 行.
NOTIC: [8] Use of undefined constant SITE_ROOT - assumed 'SITE_ROOT' G:\wamp\www\rrzh\Application\Admin\Conf\config.php 第 8 行.
INFO: [ app_begin ] --START--
INFO: Run Behavior\ReadHtmlCache [ RunTime:0.002571s ]
INFO: [ app_begin ] --END-- [ RunTime:0.003270s ]
NOTIC: [8192] mysql_connect(): The mysql extension is deprecated and will be removed in the future: use mysqli or PDO instead G:\wamp\www\rrzh\ThinkPHP\Library\Think\Db\Driver\Mysql.class.php 第 52 行.
SQL: SHOW COLUMNS FROM `rz_column` [ RunTime:0.013059s ]
SQL: SELECT `cname`,`cdescribe` FROM `rz_column` WHERE ( `code`= 'qwhd' ) LIMIT 1   [ RunTime:0.001512s ]

[ 2015-05-05T14:03:16+08:00 ] ::1 /rrzh/index.php/Admin/System/delete/code/qwhd
NOTIC: [8] Use of undefined constant SITE_ROOT - assumed 'SITE_ROOT' G:\wamp\www\rrzh\Application\Admin\Conf\config.php 第 7 行.
NOTIC: [8] Use of undefined constant SITE_ROOT - assumed 'SITE_ROOT' G:\wamp\www\rrzh\Application\Admin\Conf\config.php 第 8 行.

[ 2015-05-05T14:03:16+08:00 ] ::1 /rrzh/index.php/Admin/System/SetColumn.html
NOTIC: [8] Use of undefined constant SITE_ROOT - assumed 'SITE_ROOT' G:\wamp\www\rrzh\Application\Admin\Conf\config.php 第 7 行.
NOTIC: [8] Use of undefined constant SITE_ROOT - assumed 'SITE_ROOT' G:\wamp\www\rrzh\Application\Admin\Conf\config.php 第 8 行.

[ 2015-05-05T14:03:16+08:00 ] ::1 /rrzh/index.php/Admin/System/__STYLE__/editor/kindeditor-min.js
NOTIC: [8] Use of undefined constant SITE_ROOT - assumed 'SITE_ROOT' G:\wamp\www\rrzh\Application\Admin\Conf\config.php 第 7 行.
NOTIC: [8] Use of undefined constant SITE_ROOT - assumed 'SITE_ROOT' G:\wamp\www\rrzh\Application\Admin\Conf\config.php 第 8 行.
ERR: 非法操作:__style__

[ 2015-05-05T14:03:20+08:00 ] ::1 /rrzh/index.php/Admin/System/getDescribeByCode/code/gsgk
NOTIC: [8] Use of undefined constant SITE_ROOT - assumed 'SITE_ROOT' G:\wamp\www\rrzh\Application\Admin\Conf\config.php 第 7 行.
NOTIC: [8] Use of undefined constant SITE_ROOT - assumed 'SITE_ROOT' G:\wamp\www\rrzh\Application\Admin\Conf\config.php 第 8 行.
INFO: [ app_begin ] --START--
INFO: Run Behavior\ReadHtmlCache [ RunTime:0.002380s ]
INFO: [ app_begin ] --END-- [ RunTime:0.003091s ]
NOTIC: [8192] mysql_connect(): The mysql extension is deprecated and will be removed in the future: use mysqli or PDO instead G:\wamp\www\rrzh\ThinkPHP\Library\Think\Db\Driver\Mysql.class.php 第 52 行.
SQL: SHOW COLUMNS FROM `rz_column` [ RunTime:0.013706s ]
SQL: SELECT `cname`,`cdescribe` FROM `rz_column` WHERE ( `code`= 'gsgk' ) LIMIT 1   [ RunTime:0.001238s ]

[ 2015-05-05T14:03:20+08:00 ] ::1 /rrzh/index.php/Admin/System/delete/code/gsgk
NOTIC: [8] Use of undefined constant SITE_ROOT - assumed 'SITE_ROOT' G:\wamp\www\rrzh\Application\Admin\Conf\config.php 第 7 行.
NOTIC: [8] Use of undefined constant SITE_ROOT - assumed 'SITE_ROOT' G:\wamp\www\rrzh\Application\Admin\Conf\config.php 第 8 行.

[ 2015-05-05T14:03:21+08:00 ] ::1 /rrzh/index.php/Admin/System/SetColumn.html
NOTIC: [8] Use of undefined constant SITE_ROOT - assumed 'SITE_ROOT' G:\wamp\www\rrzh\Application\Admin\Conf\config.php 第 7 行.
NOTIC: [8] Use of undefined constant SITE_ROOT - assumed 'SITE_ROOT' G:\wamp\www\rrzh\Application\Admin\Conf\config.php 第 8 行.

[ 2015-05-05T14:03:21+08:00 ] ::1 /rrzh/index.php/Admin/System/__STYLE__/editor/kindeditor-min.js
NOTIC: [8] Use of undefined constant SITE_ROOT - assumed 'SITE_ROOT' G:\wamp\www\rrzh\Application\Admin\Conf\config.php 第 7 行.
NOTIC: [8] Use of undefined constant SITE_ROOT - assumed 'SITE_ROOT' G:\wamp\www\rrzh\Application\Admin\Conf\config.php 第 8 行.
ERR: 非法操作:__style__

[ 2015-05-05T14:03:31+08:00 ] ::1 /rrzh/index.php/Admin/System/SaveColumn
NOTIC: [8] Use of undefined constant SITE_ROOT - assumed 'SITE_ROOT' G:\wamp\www\rrzh\Application\Admin\Conf\config.php 第 7 行.
NOTIC: [8] Use of undefined constant SITE_ROOT - assumed 'SITE_ROOT' G:\wamp\www\rrzh\Application\Admin\Conf\config.php 第 8 行.

[ 2015-05-05T14:03:31+08:00 ] ::1 /rrzh/index.php/Admin/System/SetColumn.html
NOTIC: [8] Use of undefined constant SITE_ROOT - assumed 'SITE_ROOT' G:\wamp\www\rrzh\Application\Admin\Conf\config.php 第 7 行.
NOTIC: [8] Use of undefined constant SITE_ROOT - assumed 'SITE_ROOT' G:\wamp\www\rrzh\Application\Admin\Conf\config.php 第 8 行.

[ 2015-05-05T14:03:31+08:00 ] ::1 /rrzh/index.php/Admin/System/__STYLE__/editor/kindeditor-min.js
NOTIC: [8] Use of undefined constant SITE_ROOT - assumed 'SITE_ROOT' G:\wamp\www\rrzh\Application\Admin\Conf\config.php 第 7 行.
NOTIC: [8] Use of undefined constant SITE_ROOT - assumed 'SITE_ROOT' G:\wamp\www\rrzh\Application\Admin\Conf\config.php 第 8 行.
ERR: 非法操作:__style__

[ 2015-05-05T14:03:52+08:00 ] ::1 /rrzh/index.php/Admin/System/SaveColumn
NOTIC: [8] Use of undefined constant SITE_ROOT - assumed 'SITE_ROOT' G:\wamp\www\rrzh\Application\Admin\Conf\config.php 第 7 行.
NOTIC: [8] Use of undefined constant SITE_ROOT - assumed 'SITE_ROOT' G:\wamp\www\rrzh\Application\Admin\Conf\config.php 第 8 行.

[ 2015-05-05T14:03:52+08:00 ] ::1 /rrzh/index.php/Admin/System/SetColumn.html
NOTIC: [8] Use of undefined constant SITE_ROOT - assumed 'SITE_ROOT' G:\wamp\www\rrzh\Application\Admin\Conf\config.php 第 7 行.
NOTIC: [8] Use of undefined constant SITE_ROOT - assumed 'SITE_ROOT' G:\wamp\www\rrzh\Application\Admin\Conf\config.php 第 8 行.

[ 2015-05-05T14:03:52+08:00 ] ::1 /rrzh/index.php/Admin/System/__STYLE__/editor/kindeditor-min.js
NOTIC: [8] Use of undefined constant SITE_ROOT - assumed 'SITE_ROOT' G:\wamp\www\rrzh\Application\Admin\Conf\config.php 第 7 行.
NOTIC: [8] Use of undefined constant SITE_ROOT - assumed 'SITE_ROOT' G:\wamp\www\rrzh\Application\Admin\Conf\config.php 第 8 行.
ERR: 非法操作:__style__

[ 2015-05-05T14:04:14+08:00 ] ::1 /rrzh/index.php/Admin/System/SaveColumn
NOTIC: [8] Use of undefined constant SITE_ROOT - assumed 'SITE_ROOT' G:\wamp\www\rrzh\Application\Admin\Conf\config.php 第 7 行.
NOTIC: [8] Use of undefined constant SITE_ROOT - assumed 'SITE_ROOT' G:\wamp\www\rrzh\Application\Admin\Conf\config.php 第 8 行.

[ 2015-05-05T14:04:15+08:00 ] ::1 /rrzh/index.php/Admin/System/SetColumn.html
NOTIC: [8] Use of undefined constant SITE_ROOT - assumed 'SITE_ROOT' G:\wamp\www\rrzh\Application\Admin\Conf\config.php 第 7 行.
NOTIC: [8] Use of undefined constant SITE_ROOT - assumed 'SITE_ROOT' G:\wamp\www\rrzh\Application\Admin\Conf\config.php 第 8 行.

[ 2015-05-05T14:04:15+08:00 ] ::1 /rrzh/index.php/Admin/System/__STYLE__/editor/kindeditor-min.js
NOTIC: [8] Use of undefined constant SITE_ROOT - assumed 'SITE_ROOT' G:\wamp\www\rrzh\Application\Admin\Conf\config.php 第 7 行.
NOTIC: [8] Use of undefined constant SITE_ROOT - assumed 'SITE_ROOT' G:\wamp\www\rrzh\Application\Admin\Conf\config.php 第 8 行.
ERR: 非法操作:__style__

[ 2015-05-05T14:04:38+08:00 ] ::1 /rrzh/index.php/Admin/System/SaveColumn
NOTIC: [8] Use of undefined constant SITE_ROOT - assumed 'SITE_ROOT' G:\wamp\www\rrzh\Application\Admin\Conf\config.php 第 7 行.
NOTIC: [8] Use of undefined constant SITE_ROOT - assumed 'SITE_ROOT' G:\wamp\www\rrzh\Application\Admin\Conf\config.php 第 8 行.

[ 2015-05-05T14:04:38+08:00 ] ::1 /rrzh/index.php/Admin/System/SetColumn.html
NOTIC: [8] Use of undefined constant SITE_ROOT - assumed 'SITE_ROOT' G:\wamp\www\rrzh\Application\Admin\Conf\config.php 第 7 行.
NOTIC: [8] Use of undefined constant SITE_ROOT - assumed 'SITE_ROOT' G:\wamp\www\rrzh\Application\Admin\Conf\config.php 第 8 行.

[ 2015-05-05T14:04:39+08:00 ] ::1 /rrzh/index.php/Admin/System/__STYLE__/editor/kindeditor-min.js
NOTIC: [8] Use of undefined constant SITE_ROOT - assumed 'SITE_ROOT' G:\wamp\www\rrzh\Application\Admin\Conf\config.php 第 7 行.
NOTIC: [8] Use of undefined constant SITE_ROOT - assumed 'SITE_ROOT' G:\wamp\www\rrzh\Application\Admin\Conf\config.php 第 8 行.
ERR: 非法操作:__style__

[ 2015-05-05T14:26:11+08:00 ] ::1 /rrzh/index.php/Admin/System/SetColumn.html
NOTIC: [8] Use of undefined constant SITE_ROOT - assumed 'SITE_ROOT' G:\wamp\www\rrzh\Application\Admin\Conf\config.php 第 7 行.
NOTIC: [8] Use of undefined constant SITE_ROOT - assumed 'SITE_ROOT' G:\wamp\www\rrzh\Application\Admin\Conf\config.php 第 8 行.

[ 2015-05-05T14:26:11+08:00 ] ::1 /rrzh/index.php/Admin/System/__STYLE__/editor/kindeditor-min.js
NOTIC: [8] Use of undefined constant SITE_ROOT - assumed 'SITE_ROOT' G:\wamp\www\rrzh\Application\Admin\Conf\config.php 第 7 行.
NOTIC: [8] Use of undefined constant SITE_ROOT - assumed 'SITE_ROOT' G:\wamp\www\rrzh\Application\Admin\Conf\config.php 第 8 行.
ERR: 非法操作:__style__

[ 2015-05-05T14:26:14+08:00 ] ::1 /rrzh/index.php/Admin/System/getDescribeByCode/code/gsjj
NOTIC: [8] Use of undefined constant SITE_ROOT - assumed 'SITE_ROOT' G:\wamp\www\rrzh\Application\Admin\Conf\config.php 第 7 行.
NOTIC: [8] Use of undefined constant SITE_ROOT - assumed 'SITE_ROOT' G:\wamp\www\rrzh\Application\Admin\Conf\config.php 第 8 行.
INFO: [ app_begin ] --START--
INFO: Run Behavior\ReadHtmlCache [ RunTime:0.003952s ]
INFO: [ app_begin ] --END-- [ RunTime:0.004423s ]
NOTIC: [8192] mysql_connect(): The mysql extension is deprecated and will be removed in the future: use mysqli or PDO instead G:\wamp\www\rrzh\ThinkPHP\Library\Think\Db\Driver\Mysql.class.php 第 52 行.
SQL: SHOW COLUMNS FROM `rz_column` [ RunTime:0.011005s ]
SQL: SELECT `cname`,`cdescribe` FROM `rz_column` WHERE ( `code`= 'gsjj' ) LIMIT 1   [ RunTime:0.001311s ]

[ 2015-05-05T14:26:14+08:00 ] ::1 /rrzh/index.php/Admin/System/delete/code/gsjj
NOTIC: [8] Use of undefined constant SITE_ROOT - assumed 'SITE_ROOT' G:\wamp\www\rrzh\Application\Admin\Conf\config.php 第 7 行.
NOTIC: [8] Use of undefined constant SITE_ROOT - assumed 'SITE_ROOT' G:\wamp\www\rrzh\Application\Admin\Conf\config.php 第 8 行.

[ 2015-05-05T14:26:14+08:00 ] ::1 /rrzh/index.php/Admin/System/SetColumn.html
NOTIC: [8] Use of undefined constant SITE_ROOT - assumed 'SITE_ROOT' G:\wamp\www\rrzh\Application\Admin\Conf\config.php 第 7 行.
NOTIC: [8] Use of undefined constant SITE_ROOT - assumed 'SITE_ROOT' G:\wamp\www\rrzh\Application\Admin\Conf\config.php 第 8 行.

[ 2015-05-05T14:26:15+08:00 ] ::1 /rrzh/index.php/Admin/System/__STYLE__/editor/kindeditor-min.js
NOTIC: [8] Use of undefined constant SITE_ROOT - assumed 'SITE_ROOT' G:\wamp\www\rrzh\Application\Admin\Conf\config.php 第 7 行.
NOTIC: [8] Use of undefined constant SITE_ROOT - assumed 'SITE_ROOT' G:\wamp\www\rrzh\Application\Admin\Conf\config.php 第 8 行.
ERR: 非法操作:__style__

[ 2015-05-05T14:26:26+08:00 ] ::1 /rrzh/index.php/Admin/System/getDescribeByCode/code/gsjg
NOTIC: [8] Use of undefined constant SITE_ROOT - assumed 'SITE_ROOT' G:\wamp\www\rrzh\Application\Admin\Conf\config.php 第 7 行.
NOTIC: [8] Use of undefined constant SITE_ROOT - assumed 'SITE_ROOT' G:\wamp\www\rrzh\Application\Admin\Conf\config.php 第 8 行.
INFO: [ app_begin ] --START--
INFO: Run Behavior\ReadHtmlCache [ RunTime:0.002970s ]
INFO: [ app_begin ] --END-- [ RunTime:0.003523s ]
NOTIC: [8192] mysql_connect(): The mysql extension is deprecated and will be removed in the future: use mysqli or PDO instead G:\wamp\www\rrzh\ThinkPHP\Library\Think\Db\Driver\Mysql.class.php 第 52 行.
SQL: SHOW COLUMNS FROM `rz_column` [ RunTime:0.013706s ]
SQL: SELECT `cname`,`cdescribe` FROM `rz_column` WHERE ( `code`= 'gsjg' ) LIMIT 1   [ RunTime:0.001489s ]

[ 2015-05-05T14:26:27+08:00 ] ::1 /rrzh/index.php/Admin/System/delete/code/gsjg
NOTIC: [8] Use of undefined constant SITE_ROOT - assumed 'SITE_ROOT' G:\wamp\www\rrzh\Application\Admin\Conf\config.php 第 7 行.
NOTIC: [8] Use of undefined constant SITE_ROOT - assumed 'SITE_ROOT' G:\wamp\www\rrzh\Application\Admin\Conf\config.php 第 8 行.

[ 2015-05-05T14:26:27+08:00 ] ::1 /rrzh/index.php/Admin/System/SetColumn.html
NOTIC: [8] Use of undefined constant SITE_ROOT - assumed 'SITE_ROOT' G:\wamp\www\rrzh\Application\Admin\Conf\config.php 第 7 行.
NOTIC: [8] Use of undefined constant SITE_ROOT - assumed 'SITE_ROOT' G:\wamp\www\rrzh\Application\Admin\Conf\config.php 第 8 行.

[ 2015-05-05T14:26:27+08:00 ] ::1 /rrzh/index.php/Admin/System/__STYLE__/editor/kindeditor-min.js
NOTIC: [8] Use of undefined constant SITE_ROOT - assumed 'SITE_ROOT' G:\wamp\www\rrzh\Application\Admin\Conf\config.php 第 7 行.
NOTIC: [8] Use of undefined constant SITE_ROOT - assumed 'SITE_ROOT' G:\wamp\www\rrzh\Application\Admin\Conf\config.php 第 8 行.
ERR: 非法操作:__style__

[ 2015-05-05T14:26:55+08:00 ] ::1 /rrzh/index.php/Admin/System/SaveColumn
NOTIC: [8] Use of undefined constant SITE_ROOT - assumed 'SITE_ROOT' G:\wamp\www\rrzh\Application\Admin\Conf\config.php 第 7 行.
NOTIC: [8] Use of undefined constant SITE_ROOT - assumed 'SITE_ROOT' G:\wamp\www\rrzh\Application\Admin\Conf\config.php 第 8 行.

[ 2015-05-05T14:26:55+08:00 ] ::1 /rrzh/index.php/Admin/System/SetColumn.html
NOTIC: [8] Use of undefined constant SITE_ROOT - assumed 'SITE_ROOT' G:\wamp\www\rrzh\Application\Admin\Conf\config.php 第 7 行.
NOTIC: [8] Use of undefined constant SITE_ROOT - assumed 'SITE_ROOT' G:\wamp\www\rrzh\Application\Admin\Conf\config.php 第 8 行.

[ 2015-05-05T14:26:56+08:00 ] ::1 /rrzh/index.php/Admin/System/__STYLE__/editor/kindeditor-min.js
NOTIC: [8] Use of undefined constant SITE_ROOT - assumed 'SITE_ROOT' G:\wamp\www\rrzh\Application\Admin\Conf\config.php 第 7 行.
NOTIC: [8] Use of undefined constant SITE_ROOT - assumed 'SITE_ROOT' G:\wamp\www\rrzh\Application\Admin\Conf\config.php 第 8 行.
ERR: 非法操作:__style__

[ 2015-05-05T14:27:09+08:00 ] ::1 /rrzh/index.php/Admin/System/SaveColumn
NOTIC: [8] Use of undefined constant SITE_ROOT - assumed 'SITE_ROOT' G:\wamp\www\rrzh\Application\Admin\Conf\config.php 第 7 行.
NOTIC: [8] Use of undefined constant SITE_ROOT - assumed 'SITE_ROOT' G:\wamp\www\rrzh\Application\Admin\Conf\config.php 第 8 行.

[ 2015-05-05T14:27:09+08:00 ] ::1 /rrzh/index.php/Admin/System/SetColumn.html
NOTIC: [8] Use of undefined constant SITE_ROOT - assumed 'SITE_ROOT' G:\wamp\www\rrzh\Application\Admin\Conf\config.php 第 7 行.
NOTIC: [8] Use of undefined constant SITE_ROOT - assumed 'SITE_ROOT' G:\wamp\www\rrzh\Application\Admin\Conf\config.php 第 8 行.

[ 2015-05-05T14:27:09+08:00 ] ::1 /rrzh/index.php/Admin/System/__STYLE__/editor/kindeditor-min.js
NOTIC: [8] Use of undefined constant SITE_ROOT - assumed 'SITE_ROOT' G:\wamp\www\rrzh\Application\Admin\Conf\config.php 第 7 行.
NOTIC: [8] Use of undefined constant SITE_ROOT - assumed 'SITE_ROOT' G:\wamp\www\rrzh\Application\Admin\Conf\config.php 第 8 行.
ERR: 非法操作:__style__

[ 2015-05-05T14:27:12+08:00 ] ::1 /rrzh/index.php/Admin/System/getDescribeByCode/code/gsjj
NOTIC: [8] Use of undefined constant SITE_ROOT - assumed 'SITE_ROOT' G:\wamp\www\rrzh\Application\Admin\Conf\config.php 第 7 行.
NOTIC: [8] Use of undefined constant SITE_ROOT - assumed 'SITE_ROOT' G:\wamp\www\rrzh\Application\Admin\Conf\config.php 第 8 行.
INFO: [ app_begin ] --START--
INFO: Run Behavior\ReadHtmlCache [ RunTime:0.004333s ]
INFO: [ app_begin ] --END-- [ RunTime:0.005246s ]
NOTIC: [8192] mysql_connect(): The mysql extension is deprecated and will be removed in the future: use mysqli or PDO instead G:\wamp\www\rrzh\ThinkPHP\Library\Think\Db\Driver\Mysql.class.php 第 52 行.
SQL: SHOW COLUMNS FROM `rz_column` [ RunTime:0.011936s ]
SQL: SELECT `cname`,`cdescribe` FROM `rz_column` WHERE ( `code`= 'gsjj' ) LIMIT 1   [ RunTime:0.001277s ]

[ 2015-05-05T14:27:12+08:00 ] ::1 /rrzh/index.php/Admin/System/delete/code/gsjj
NOTIC: [8] Use of undefined constant SITE_ROOT - assumed 'SITE_ROOT' G:\wamp\www\rrzh\Application\Admin\Conf\config.php 第 7 行.
NOTIC: [8] Use of undefined constant SITE_ROOT - assumed 'SITE_ROOT' G:\wamp\www\rrzh\Application\Admin\Conf\config.php 第 8 行.

[ 2015-05-05T14:27:13+08:00 ] ::1 /rrzh/index.php/Admin/System/SetColumn.html
NOTIC: [8] Use of undefined constant SITE_ROOT - assumed 'SITE_ROOT' G:\wamp\www\rrzh\Application\Admin\Conf\config.php 第 7 行.
NOTIC: [8] Use of undefined constant SITE_ROOT - assumed 'SITE_ROOT' G:\wamp\www\rrzh\Application\Admin\Conf\config.php 第 8 行.

[ 2015-05-05T14:27:13+08:00 ] ::1 /rrzh/index.php/Admin/System/__STYLE__/editor/kindeditor-min.js
NOTIC: [8] Use of undefined constant SITE_ROOT - assumed 'SITE_ROOT' G:\wamp\www\rrzh\Application\Admin\Conf\config.php 第 7 行.
NOTIC: [8] Use of undefined constant SITE_ROOT - assumed 'SITE_ROOT' G:\wamp\www\rrzh\Application\Admin\Conf\config.php 第 8 行.
ERR: 非法操作:__style__

[ 2015-05-05T14:27:21+08:00 ] ::1 /rrzh/index.php/Admin/System/getDescribeByCode/code/gsjg
NOTIC: [8] Use of undefined constant SITE_ROOT - assumed 'SITE_ROOT' G:\wamp\www\rrzh\Application\Admin\Conf\config.php 第 7 行.
NOTIC: [8] Use of undefined constant SITE_ROOT - assumed 'SITE_ROOT' G:\wamp\www\rrzh\Application\Admin\Conf\config.php 第 8 行.
INFO: [ app_begin ] --START--
INFO: Run Behavior\ReadHtmlCache [ RunTime:0.002450s ]
INFO: [ app_begin ] --END-- [ RunTime:0.002963s ]
NOTIC: [8192] mysql_connect(): The mysql extension is deprecated and will be removed in the future: use mysqli or PDO instead G:\wamp\www\rrzh\ThinkPHP\Library\Think\Db\Driver\Mysql.class.php 第 52 行.
SQL: SHOW COLUMNS FROM `rz_column` [ RunTime:0.011675s ]
SQL: SELECT `cname`,`cdescribe` FROM `rz_column` WHERE ( `code`= 'gsjg' ) LIMIT 1   [ RunTime:0.001329s ]

[ 2015-05-05T14:27:21+08:00 ] ::1 /rrzh/index.php/Admin/System/delete/code/gsjg
NOTIC: [8] Use of undefined constant SITE_ROOT - assumed 'SITE_ROOT' G:\wamp\www\rrzh\Application\Admin\Conf\config.php 第 7 行.
NOTIC: [8] Use of undefined constant SITE_ROOT - assumed 'SITE_ROOT' G:\wamp\www\rrzh\Application\Admin\Conf\config.php 第 8 行.

[ 2015-05-05T14:27:21+08:00 ] ::1 /rrzh/index.php/Admin/System/SetColumn.html
NOTIC: [8] Use of undefined constant SITE_ROOT - assumed 'SITE_ROOT' G:\wamp\www\rrzh\Application\Admin\Conf\config.php 第 7 行.
NOTIC: [8] Use of undefined constant SITE_ROOT - assumed 'SITE_ROOT' G:\wamp\www\rrzh\Application\Admin\Conf\config.php 第 8 行.

[ 2015-05-05T14:27:21+08:00 ] ::1 /rrzh/index.php/Admin/System/__STYLE__/editor/kindeditor-min.js
NOTIC: [8] Use of undefined constant SITE_ROOT - assumed 'SITE_ROOT' G:\wamp\www\rrzh\Application\Admin\Conf\config.php 第 7 行.
NOTIC: [8] Use of undefined constant SITE_ROOT - assumed 'SITE_ROOT' G:\wamp\www\rrzh\Application\Admin\Conf\config.php 第 8 行.
ERR: 非法操作:__style__

[ 2015-05-05T14:30:38+08:00 ] ::1 /rrzh/index.php/Admin/System/SaveColumn
NOTIC: [8] Use of undefined constant SITE_ROOT - assumed 'SITE_ROOT' G:\wamp\www\rrzh\Application\Admin\Conf\config.php 第 7 行.
NOTIC: [8] Use of undefined constant SITE_ROOT - assumed 'SITE_ROOT' G:\wamp\www\rrzh\Application\Admin\Conf\config.php 第 8 行.

[ 2015-05-05T14:30:38+08:00 ] ::1 /rrzh/index.php/Admin/System/SetColumn.html
NOTIC: [8] Use of undefined constant SITE_ROOT - assumed 'SITE_ROOT' G:\wamp\www\rrzh\Application\Admin\Conf\config.php 第 7 行.
NOTIC: [8] Use of undefined constant SITE_ROOT - assumed 'SITE_ROOT' G:\wamp\www\rrzh\Application\Admin\Conf\config.php 第 8 行.

[ 2015-05-05T14:30:38+08:00 ] ::1 /rrzh/index.php/Admin/System/__STYLE__/editor/kindeditor-min.js
NOTIC: [8] Use of undefined constant SITE_ROOT - assumed 'SITE_ROOT' G:\wamp\www\rrzh\Application\Admin\Conf\config.php 第 7 行.
NOTIC: [8] Use of undefined constant SITE_ROOT - assumed 'SITE_ROOT' G:\wamp\www\rrzh\Application\Admin\Conf\config.php 第 8 行.
ERR: 非法操作:__style__

[ 2015-05-05T14:30:45+08:00 ] ::1 /rrzh/index.php/Admin/System/SaveColumn
NOTIC: [8] Use of undefined constant SITE_ROOT - assumed 'SITE_ROOT' G:\wamp\www\rrzh\Application\Admin\Conf\config.php 第 7 行.
NOTIC: [8] Use of undefined constant SITE_ROOT - assumed 'SITE_ROOT' G:\wamp\www\rrzh\Application\Admin\Conf\config.php 第 8 行.

[ 2015-05-05T14:30:46+08:00 ] ::1 /rrzh/index.php/Admin/System/SetColumn.html
NOTIC: [8] Use of undefined constant SITE_ROOT - assumed 'SITE_ROOT' G:\wamp\www\rrzh\Application\Admin\Conf\config.php 第 7 行.
NOTIC: [8] Use of undefined constant SITE_ROOT - assumed 'SITE_ROOT' G:\wamp\www\rrzh\Application\Admin\Conf\config.php 第 8 行.

[ 2015-05-05T14:30:46+08:00 ] ::1 /rrzh/index.php/Admin/System/__STYLE__/editor/kindeditor-min.js
NOTIC: [8] Use of undefined constant SITE_ROOT - assumed 'SITE_ROOT' G:\wamp\www\rrzh\Application\Admin\Conf\config.php 第 7 行.
NOTIC: [8] Use of undefined constant SITE_ROOT - assumed 'SITE_ROOT' G:\wamp\www\rrzh\Application\Admin\Conf\config.php 第 8 行.
ERR: 非法操作:__style__

[ 2015-05-05T14:32:21+08:00 ] ::1 /rrzh/index.php/Admin/System/AdminList
NOTIC: [8] Use of undefined constant SITE_ROOT - assumed 'SITE_ROOT' G:\wamp\www\rrzh\Application\Admin\Conf\config.php 第 7 行.
NOTIC: [8] Use of undefined constant SITE_ROOT - assumed 'SITE_ROOT' G:\wamp\www\rrzh\Application\Admin\Conf\config.php 第 8 行.

[ 2015-05-05T14:49:54+08:00 ] ::1 /rrzh/index.php/Admin/System/AdminList
NOTIC: [8] Use of undefined constant SITE_ROOT - assumed 'SITE_ROOT' G:\wamp\www\rrzh\Application\Admin\Conf\config.php 第 7 行.
NOTIC: [8] Use of undefined constant SITE_ROOT - assumed 'SITE_ROOT' G:\wamp\www\rrzh\Application\Admin\Conf\config.php 第 8 行.

[ 2015-05-05T14:49:54+08:00 ] ::1 /rrzh/index.php/Admin/Index/noAuth.html
NOTIC: [8] Use of undefined constant SITE_ROOT - assumed 'SITE_ROOT' G:\wamp\www\rrzh\Application\Admin\Conf\config.php 第 7 行.
NOTIC: [8] Use of undefined constant SITE_ROOT - assumed 'SITE_ROOT' G:\wamp\www\rrzh\Application\Admin\Conf\config.php 第 8 行.

[ 2015-05-05T14:50:06+08:00 ] ::1 /rrzh/index.php/Admin/System/AdminList
NOTIC: [8] Use of undefined constant SITE_ROOT - assumed 'SITE_ROOT' G:\wamp\www\rrzh\Application\Admin\Conf\config.php 第 7 行.
NOTIC: [8] Use of undefined constant SITE_ROOT - assumed 'SITE_ROOT' G:\wamp\www\rrzh\Application\Admin\Conf\config.php 第 8 行.

[ 2015-05-05T14:50:06+08:00 ] ::1 /rrzh/index.php/Admin/Index/noAuth.html
NOTIC: [8] Use of undefined constant SITE_ROOT - assumed 'SITE_ROOT' G:\wamp\www\rrzh\Application\Admin\Conf\config.php 第 7 行.
NOTIC: [8] Use of undefined constant SITE_ROOT - assumed 'SITE_ROOT' G:\wamp\www\rrzh\Application\Admin\Conf\config.php 第 8 行.

[ 2015-05-05T14:50:19+08:00 ] ::1 /rrzh/index.php/Admin/Index/noAuth.html
NOTIC: [8] Use of undefined constant SITE_ROOT - assumed 'SITE_ROOT' G:\wamp\www\rrzh\Application\Admin\Conf\config.php 第 7 行.
NOTIC: [8] Use of undefined constant SITE_ROOT - assumed 'SITE_ROOT' G:\wamp\www\rrzh\Application\Admin\Conf\config.php 第 8 行.

[ 2015-05-05T14:50:21+08:00 ] ::1 /rrzh/index.php/Admin/Index/noAuth.html
NOTIC: [8] Use of undefined constant SITE_ROOT - assumed 'SITE_ROOT' G:\wamp\www\rrzh\Application\Admin\Conf\config.php 第 7 行.
NOTIC: [8] Use of undefined constant SITE_ROOT - assumed 'SITE_ROOT' G:\wamp\www\rrzh\Application\Admin\Conf\config.php 第 8 行.

[ 2015-05-05T14:52:21+08:00 ] ::1 /rrzh/index.php/Admin/Index/noAuth.html
NOTIC: [8] Use of undefined constant SITE_ROOT - assumed 'SITE_ROOT' G:\wamp\www\rrzh\Application\Admin\Conf\config.php 第 7 行.
NOTIC: [8] Use of undefined constant SITE_ROOT - assumed 'SITE_ROOT' G:\wamp\www\rrzh\Application\Admin\Conf\config.php 第 8 行.

[ 2015-05-05T14:52:50+08:00 ] ::1 /rrzh/index.php/Admin/Index/noAuth.html
NOTIC: [8] Use of undefined constant SITE_ROOT - assumed 'SITE_ROOT' G:\wamp\www\rrzh\Application\Admin\Conf\config.php 第 7 行.
NOTIC: [8] Use of undefined constant SITE_ROOT - assumed 'SITE_ROOT' G:\wamp\www\rrzh\Application\Admin\Conf\config.php 第 8 行.

[ 2015-05-05T14:53:04+08:00 ] ::1 /rrzh/index.php/Admin/Index/noAuth.html
NOTIC: [8] Use of undefined constant SITE_ROOT - assumed 'SITE_ROOT' G:\wamp\www\rrzh\Application\Admin\Conf\config.php 第 7 行.
NOTIC: [8] Use of undefined constant SITE_ROOT - assumed 'SITE_ROOT' G:\wamp\www\rrzh\Application\Admin\Conf\config.php 第 8 行.

[ 2015-05-05T14:54:17+08:00 ] ::1 /rrzh/index.php/Admin/System/AdminList
NOTIC: [8] Use of undefined constant SITE_ROOT - assumed 'SITE_ROOT' G:\wamp\www\rrzh\Application\Admin\Conf\config.php 第 7 行.
NOTIC: [8] Use of undefined constant SITE_ROOT - assumed 'SITE_ROOT' G:\wamp\www\rrzh\Application\Admin\Conf\config.php 第 8 行.

[ 2015-05-05T14:54:30+08:00 ] ::1 /rrzh/index.php/Admin/System/BuildAdmin
NOTIC: [8] Use of undefined constant SITE_ROOT - assumed 'SITE_ROOT' G:\wamp\www\rrzh\Application\Admin\Conf\config.php 第 7 行.
NOTIC: [8] Use of undefined constant SITE_ROOT - assumed 'SITE_ROOT' G:\wamp\www\rrzh\Application\Admin\Conf\config.php 第 8 行.

[ 2015-05-05T14:55:48+08:00 ] ::1 /rrzh/index.php/Admin/System/BuildAdmin
NOTIC: [8] Use of undefined constant SITE_ROOT - assumed 'SITE_ROOT' G:\wamp\www\rrzh\Application\Admin\Conf\config.php 第 7 行.
NOTIC: [8] Use of undefined constant SITE_ROOT - assumed 'SITE_ROOT' G:\wamp\www\rrzh\Application\Admin\Conf\config.php 第 8 行.

[ 2015-05-05T14:55:49+08:00 ] ::1 /rrzh/index.php/Admin/System/AdminList.html
NOTIC: [8] Use of undefined constant SITE_ROOT - assumed 'SITE_ROOT' G:\wamp\www\rrzh\Application\Admin\Conf\config.php 第 7 行.
NOTIC: [8] Use of undefined constant SITE_ROOT - assumed 'SITE_ROOT' G:\wamp\www\rrzh\Application\Admin\Conf\config.php 第 8 行.

[ 2015-05-05T14:55:59+08:00 ] ::1 /rrzh/index.php/Admin/System/DeleteAdmin/id/3
NOTIC: [8] Use of undefined constant SITE_ROOT - assumed 'SITE_ROOT' G:\wamp\www\rrzh\Application\Admin\Conf\config.php 第 7 行.
NOTIC: [8] Use of undefined constant SITE_ROOT - assumed 'SITE_ROOT' G:\wamp\www\rrzh\Application\Admin\Conf\config.php 第 8 行.

[ 2015-05-05T14:55:59+08:00 ] ::1 /rrzh/index.php/Admin/System/AdminList.html
NOTIC: [8] Use of undefined constant SITE_ROOT - assumed 'SITE_ROOT' G:\wamp\www\rrzh\Application\Admin\Conf\config.php 第 7 行.
NOTIC: [8] Use of undefined constant SITE_ROOT - assumed 'SITE_ROOT' G:\wamp\www\rrzh\Application\Admin\Conf\config.php 第 8 行.

[ 2015-05-05T14:56:49+08:00 ] ::1 /rrzh/index.php/Admin/System/AdminList.html
NOTIC: [8] Use of undefined constant SITE_ROOT - assumed 'SITE_ROOT' G:\wamp\www\rrzh\Application\Admin\Conf\config.php 第 7 行.
NOTIC: [8] Use of undefined constant SITE_ROOT - assumed 'SITE_ROOT' G:\wamp\www\rrzh\Application\Admin\Conf\config.php 第 8 行.

[ 2015-05-05T14:56:58+08:00 ] ::1 /rrzh/index.php/Admin/System/BuildAdmin
NOTIC: [8] Use of undefined constant SITE_ROOT - assumed 'SITE_ROOT' G:\wamp\www\rrzh\Application\Admin\Conf\config.php 第 7 行.
NOTIC: [8] Use of undefined constant SITE_ROOT - assumed 'SITE_ROOT' G:\wamp\www\rrzh\Application\Admin\Conf\config.php 第 8 行.

[ 2015-05-05T14:56:58+08:00 ] ::1 /rrzh/index.php/Admin/System/AdminList.html
NOTIC: [8] Use of undefined constant SITE_ROOT - assumed 'SITE_ROOT' G:\wamp\www\rrzh\Application\Admin\Conf\config.php 第 7 行.
NOTIC: [8] Use of undefined constant SITE_ROOT - assumed 'SITE_ROOT' G:\wamp\www\rrzh\Application\Admin\Conf\config.php 第 8 行.

[ 2015-05-05T14:59:18+08:00 ] ::1 /rrzh/index.php/Admin/Index/index
NOTIC: [8] Use of undefined constant SITE_ROOT - assumed 'SITE_ROOT' G:\wamp\www\rrzh\Application\Admin\Conf\config.php 第 7 行.
NOTIC: [8] Use of undefined constant SITE_ROOT - assumed 'SITE_ROOT' G:\wamp\www\rrzh\Application\Admin\Conf\config.php 第 8 行.

[ 2015-05-05T15:00:53+08:00 ] ::1 /rrzh/index.php/Admin/System/AdminList
NOTIC: [8] Use of undefined constant SITE_ROOT - assumed 'SITE_ROOT' G:\wamp\www\rrzh\Application\Admin\Conf\config.php 第 7 行.
NOTIC: [8] Use of undefined constant SITE_ROOT - assumed 'SITE_ROOT' G:\wamp\www\rrzh\Application\Admin\Conf\config.php 第 8 行.

[ 2015-05-05T15:01:28+08:00 ] ::1 /rrzh/index.php/Admin/System/AdminList
NOTIC: [8] Use of undefined constant SITE_ROOT - assumed 'SITE_ROOT' G:\wamp\www\rrzh\Application\Admin\Conf\config.php 第 7 行.
NOTIC: [8] Use of undefined constant SITE_ROOT - assumed 'SITE_ROOT' G:\wamp\www\rrzh\Application\Admin\Conf\config.php 第 8 行.

[ 2015-05-05T15:03:21+08:00 ] ::1 /rrzh/index.php/Admin/System/BuildAdmin
NOTIC: [8] Use of undefined constant SITE_ROOT - assumed 'SITE_ROOT' G:\wamp\www\rrzh\Application\Admin\Conf\config.php 第 7 行.
NOTIC: [8] Use of undefined constant SITE_ROOT - assumed 'SITE_ROOT' G:\wamp\www\rrzh\Application\Admin\Conf\config.php 第 8 行.

[ 2015-05-05T15:03:21+08:00 ] ::1 /rrzh/index.php/Admin/System/AdminList.html
NOTIC: [8] Use of undefined constant SITE_ROOT - assumed 'SITE_ROOT' G:\wamp\www\rrzh\Application\Admin\Conf\config.php 第 7 行.
NOTIC: [8] Use of undefined constant SITE_ROOT - assumed 'SITE_ROOT' G:\wamp\www\rrzh\Application\Admin\Conf\config.php 第 8 行.

[ 2015-05-05T15:03:32+08:00 ] ::1 /rrzh/index.php/Admin/Index/logout
NOTIC: [8] Use of undefined constant SITE_ROOT - assumed 'SITE_ROOT' G:\wamp\www\rrzh\Application\Admin\Conf\config.php 第 7 行.
NOTIC: [8] Use of undefined constant SITE_ROOT - assumed 'SITE_ROOT' G:\wamp\www\rrzh\Application\Admin\Conf\config.php 第 8 行.

[ 2015-05-05T15:03:32+08:00 ] ::1 /rrzh/index.php/Admin/Index/login
NOTIC: [8] Use of undefined constant SITE_ROOT - assumed 'SITE_ROOT' G:\wamp\www\rrzh\Application\Admin\Conf\config.php 第 7 行.
NOTIC: [8] Use of undefined constant SITE_ROOT - assumed 'SITE_ROOT' G:\wamp\www\rrzh\Application\Admin\Conf\config.php 第 8 行.

[ 2015-05-05T15:03:39+08:00 ] ::1 /rrzh/index.php/Admin/Index/SubmLogin
NOTIC: [8] Use of undefined constant SITE_ROOT - assumed 'SITE_ROOT' G:\wamp\www\rrzh\Application\Admin\Conf\config.php 第 7 行.
NOTIC: [8] Use of undefined constant SITE_ROOT - assumed 'SITE_ROOT' G:\wamp\www\rrzh\Application\Admin\Conf\config.php 第 8 行.
INFO: [ app_begin ] --START--
INFO: Run Behavior\ReadHtmlCache [ RunTime:0.002447s ]
INFO: [ app_begin ] --END-- [ RunTime:0.002845s ]
NOTIC: [8192] mysql_connect(): The mysql extension is deprecated and will be removed in the future: use mysqli or PDO instead G:\wamp\www\rrzh\ThinkPHP\Library\Think\Db\Driver\Mysql.class.php 第 52 行.
SQL: SHOW COLUMNS FROM `rz_admin` [ RunTime:0.010495s ]
SQL: SELECT * FROM `rz_admin` WHERE ( aname='wyf' ) LIMIT 1   [ RunTime:0.001337s ]

[ 2015-05-05T15:03:39+08:00 ] ::1 /rrzh/index.php/Admin/Index/index
NOTIC: [8] Use of undefined constant SITE_ROOT - assumed 'SITE_ROOT' G:\wamp\www\rrzh\Application\Admin\Conf\config.php 第 7 行.
NOTIC: [8] Use of undefined constant SITE_ROOT - assumed 'SITE_ROOT' G:\wamp\www\rrzh\Application\Admin\Conf\config.php 第 8 行.

[ 2015-05-05T15:03:42+08:00 ] ::1 /rrzh/index.php/Admin/System/SetColumn
NOTIC: [8] Use of undefined constant SITE_ROOT - assumed 'SITE_ROOT' G:\wamp\www\rrzh\Application\Admin\Conf\config.php 第 7 行.
NOTIC: [8] Use of undefined constant SITE_ROOT - assumed 'SITE_ROOT' G:\wamp\www\rrzh\Application\Admin\Conf\config.php 第 8 行.

[ 2015-05-05T15:03:43+08:00 ] ::1 /rrzh/index.php/Admin/Index/noAuth.html
NOTIC: [8] Use of undefined constant SITE_ROOT - assumed 'SITE_ROOT' G:\wamp\www\rrzh\Application\Admin\Conf\config.php 第 7 行.
NOTIC: [8] Use of undefined constant SITE_ROOT - assumed 'SITE_ROOT' G:\wamp\www\rrzh\Application\Admin\Conf\config.php 第 8 行.

[ 2015-05-05T15:03:45+08:00 ] ::1 /rrzh/index.php/Admin/System/AdminList
NOTIC: [8] Use of undefined constant SITE_ROOT - assumed 'SITE_ROOT' G:\wamp\www\rrzh\Application\Admin\Conf\config.php 第 7 行.
NOTIC: [8] Use of undefined constant SITE_ROOT - assumed 'SITE_ROOT' G:\wamp\www\rrzh\Application\Admin\Conf\config.php 第 8 行.

[ 2015-05-05T15:03:45+08:00 ] ::1 /rrzh/index.php/Admin/Index/noAuth.html
NOTIC: [8] Use of undefined constant SITE_ROOT - assumed 'SITE_ROOT' G:\wamp\www\rrzh\Application\Admin\Conf\config.php 第 7 行.
NOTIC: [8] Use of undefined constant SITE_ROOT - assumed 'SITE_ROOT' G:\wamp\www\rrzh\Application\Admin\Conf\config.php 第 8 行.

[ 2015-05-05T15:03:48+08:00 ] ::1 /rrzh/index.php/Admin/Index/index
NOTIC: [8] Use of undefined constant SITE_ROOT - assumed 'SITE_ROOT' G:\wamp\www\rrzh\Application\Admin\Conf\config.php 第 7 行.
NOTIC: [8] Use of undefined constant SITE_ROOT - assumed 'SITE_ROOT' G:\wamp\www\rrzh\Application\Admin\Conf\config.php 第 8 行.

[ 2015-05-05T15:03:49+08:00 ] ::1 /rrzh/index.php/Admin/Index/UpdateOwnInfo
NOTIC: [8] Use of undefined constant SITE_ROOT - assumed 'SITE_ROOT' G:\wamp\www\rrzh\Application\Admin\Conf\config.php 第 7 行.
NOTIC: [8] Use of undefined constant SITE_ROOT - assumed 'SITE_ROOT' G:\wamp\www\rrzh\Application\Admin\Conf\config.php 第 8 行.

[ 2015-05-05T15:03:51+08:00 ] ::1 /rrzh/index.php/Admin/File/allFile
NOTIC: [8] Use of undefined constant SITE_ROOT - assumed 'SITE_ROOT' G:\wamp\www\rrzh\Application\Admin\Conf\config.php 第 7 行.
NOTIC: [8] Use of undefined constant SITE_ROOT - assumed 'SITE_ROOT' G:\wamp\www\rrzh\Application\Admin\Conf\config.php 第 8 行.

[ 2015-05-05T15:03:54+08:00 ] ::1 /rrzh/index.php/Admin/Expert/allExpert
NOTIC: [8] Use of undefined constant SITE_ROOT - assumed 'SITE_ROOT' G:\wamp\www\rrzh\Application\Admin\Conf\config.php 第 7 行.
NOTIC: [8] Use of undefined constant SITE_ROOT - assumed 'SITE_ROOT' G:\wamp\www\rrzh\Application\Admin\Conf\config.php 第 8 行.

[ 2015-05-05T15:03:57+08:00 ] ::1 /rrzh/index.php/Admin/Essay/BuildEssay
NOTIC: [8] Use of undefined constant SITE_ROOT - assumed 'SITE_ROOT' G:\wamp\www\rrzh\Application\Admin\Conf\config.php 第 7 行.
NOTIC: [8] Use of undefined constant SITE_ROOT - assumed 'SITE_ROOT' G:\wamp\www\rrzh\Application\Admin\Conf\config.php 第 8 行.

[ 2015-05-05T15:03:58+08:00 ] ::1 /rrzh/index.php/Admin/Essay/AllEssay
NOTIC: [8] Use of undefined constant SITE_ROOT - assumed 'SITE_ROOT' G:\wamp\www\rrzh\Application\Admin\Conf\config.php 第 7 行.
NOTIC: [8] Use of undefined constant SITE_ROOT - assumed 'SITE_ROOT' G:\wamp\www\rrzh\Application\Admin\Conf\config.php 第 8 行.

[ 2015-05-05T15:04:01+08:00 ] ::1 /rrzh/index.php/Admin/Homepage/UpdateSlider
NOTIC: [8] Use of undefined constant SITE_ROOT - assumed 'SITE_ROOT' G:\wamp\www\rrzh\Application\Admin\Conf\config.php 第 7 行.
NOTIC: [8] Use of undefined constant SITE_ROOT - assumed 'SITE_ROOT' G:\wamp\www\rrzh\Application\Admin\Conf\config.php 第 8 行.

[ 2015-05-05T15:04:03+08:00 ] ::1 /rrzh/index.php/Admin/Other/allLink
NOTIC: [8] Use of undefined constant SITE_ROOT - assumed 'SITE_ROOT' G:\wamp\www\rrzh\Application\Admin\Conf\config.php 第 7 行.
NOTIC: [8] Use of undefined constant SITE_ROOT - assumed 'SITE_ROOT' G:\wamp\www\rrzh\Application\Admin\Conf\config.php 第 8 行.

[ 2015-05-05T15:04:05+08:00 ] ::1 /rrzh/index.php/Admin/System/SetColumn
NOTIC: [8] Use of undefined constant SITE_ROOT - assumed 'SITE_ROOT' G:\wamp\www\rrzh\Application\Admin\Conf\config.php 第 7 行.
NOTIC: [8] Use of undefined constant SITE_ROOT - assumed 'SITE_ROOT' G:\wamp\www\rrzh\Application\Admin\Conf\config.php 第 8 行.

[ 2015-05-05T15:04:05+08:00 ] ::1 /rrzh/index.php/Admin/Index/noAuth.html
NOTIC: [8] Use of undefined constant SITE_ROOT - assumed 'SITE_ROOT' G:\wamp\www\rrzh\Application\Admin\Conf\config.php 第 7 行.
NOTIC: [8] Use of undefined constant SITE_ROOT - assumed 'SITE_ROOT' G:\wamp\www\rrzh\Application\Admin\Conf\config.php 第 8 行.

[ 2015-05-05T15:04:09+08:00 ] ::1 /rrzh/index.php/Admin/Other/allInfo
NOTIC: [8] Use of undefined constant SITE_ROOT - assumed 'SITE_ROOT' G:\wamp\www\rrzh\Application\Admin\Conf\config.php 第 7 行.
NOTIC: [8] Use of undefined constant SITE_ROOT - assumed 'SITE_ROOT' G:\wamp\www\rrzh\Application\Admin\Conf\config.php 第 8 行.

[ 2015-05-05T15:09:43+08:00 ] ::1 /rrzh/index.php/Admin/Other/allInfo
NOTIC: [8] Use of undefined constant SITE_ROOT - assumed 'SITE_ROOT' G:\wamp\www\rrzh\Application\Admin\Conf\config.php 第 7 行.
NOTIC: [8] Use of undefined constant SITE_ROOT - assumed 'SITE_ROOT' G:\wamp\www\rrzh\Application\Admin\Conf\config.php 第 8 行.

[ 2015-05-05T15:09:43+08:00 ] ::1 /rrzh/index.php/Admin/Index/noAuth.html
NOTIC: [8] Use of undefined constant SITE_ROOT - assumed 'SITE_ROOT' G:\wamp\www\rrzh\Application\Admin\Conf\config.php 第 7 行.
NOTIC: [8] Use of undefined constant SITE_ROOT - assumed 'SITE_ROOT' G:\wamp\www\rrzh\Application\Admin\Conf\config.php 第 8 行.

[ 2015-05-05T15:09:49+08:00 ] ::1 /rrzh/index.php/Admin/System/SetColumn
NOTIC: [8] Use of undefined constant SITE_ROOT - assumed 'SITE_ROOT' G:\wamp\www\rrzh\Application\Admin\Conf\config.php 第 7 行.
NOTIC: [8] Use of undefined constant SITE_ROOT - assumed 'SITE_ROOT' G:\wamp\www\rrzh\Application\Admin\Conf\config.php 第 8 行.

[ 2015-05-05T15:09:49+08:00 ] ::1 /rrzh/index.php/Admin/Index/noAuth.html
NOTIC: [8] Use of undefined constant SITE_ROOT - assumed 'SITE_ROOT' G:\wamp\www\rrzh\Application\Admin\Conf\config.php 第 7 行.
NOTIC: [8] Use of undefined constant SITE_ROOT - assumed 'SITE_ROOT' G:\wamp\www\rrzh\Application\Admin\Conf\config.php 第 8 行.

[ 2015-05-05T15:09:50+08:00 ] ::1 /rrzh/index.php/Admin/System/AdminList
NOTIC: [8] Use of undefined constant SITE_ROOT - assumed 'SITE_ROOT' G:\wamp\www\rrzh\Application\Admin\Conf\config.php 第 7 行.
NOTIC: [8] Use of undefined constant SITE_ROOT - assumed 'SITE_ROOT' G:\wamp\www\rrzh\Application\Admin\Conf\config.php 第 8 行.

[ 2015-05-05T15:09:50+08:00 ] ::1 /rrzh/index.php/Admin/Index/noAuth.html
NOTIC: [8] Use of undefined constant SITE_ROOT - assumed 'SITE_ROOT' G:\wamp\www\rrzh\Application\Admin\Conf\config.php 第 7 行.
NOTIC: [8] Use of undefined constant SITE_ROOT - assumed 'SITE_ROOT' G:\wamp\www\rrzh\Application\Admin\Conf\config.php 第 8 行.

[ 2015-05-05T15:09:52+08:00 ] ::1 /rrzh/index.php/Admin/Index/index
NOTIC: [8] Use of undefined constant SITE_ROOT - assumed 'SITE_ROOT' G:\wamp\www\rrzh\Application\Admin\Conf\config.php 第 7 行.
NOTIC: [8] Use of undefined constant SITE_ROOT - assumed 'SITE_ROOT' G:\wamp\www\rrzh\Application\Admin\Conf\config.php 第 8 行.

[ 2015-05-05T15:11:26+08:00 ] ::1 /rrzh/index.php/Admin/Index/index
NOTIC: [8] Use of undefined constant SITE_ROOT - assumed 'SITE_ROOT' G:\wamp\www\rrzh\Application\Admin\Conf\config.php 第 7 行.
NOTIC: [8] Use of undefined constant SITE_ROOT - assumed 'SITE_ROOT' G:\wamp\www\rrzh\Application\Admin\Conf\config.php 第 8 行.

[ 2015-05-05T15:11:54+08:00 ] ::1 /rrzh/index.php/Admin/Index/index
NOTIC: [8] Use of undefined constant SITE_ROOT - assumed 'SITE_ROOT' G:\wamp\www\rrzh\Application\Admin\Conf\config.php 第 7 行.
NOTIC: [8] Use of undefined constant SITE_ROOT - assumed 'SITE_ROOT' G:\wamp\www\rrzh\Application\Admin\Conf\config.php 第 8 行.

[ 2015-05-05T15:12:03+08:00 ] ::1 /rrzh/index.php/Admin/Expert/allExpert
NOTIC: [8] Use of undefined constant SITE_ROOT - assumed 'SITE_ROOT' G:\wamp\www\rrzh\Application\Admin\Conf\config.php 第 7 行.
NOTIC: [8] Use of undefined constant SITE_ROOT - assumed 'SITE_ROOT' G:\wamp\www\rrzh\Application\Admin\Conf\config.php 第 8 行.

[ 2015-05-05T15:12:05+08:00 ] ::1 /rrzh/index.php/Admin/Essay/BuildEssay
NOTIC: [8] Use of undefined constant SITE_ROOT - assumed 'SITE_ROOT' G:\wamp\www\rrzh\Application\Admin\Conf\config.php 第 7 行.
NOTIC: [8] Use of undefined constant SITE_ROOT - assumed 'SITE_ROOT' G:\wamp\www\rrzh\Application\Admin\Conf\config.php 第 8 行.

[ 2015-05-05T15:12:07+08:00 ] ::1 /rrzh/index.php/Admin/Essay/AllEssay
NOTIC: [8] Use of undefined constant SITE_ROOT - assumed 'SITE_ROOT' G:\wamp\www\rrzh\Application\Admin\Conf\config.php 第 7 行.
NOTIC: [8] Use of undefined constant SITE_ROOT - assumed 'SITE_ROOT' G:\wamp\www\rrzh\Application\Admin\Conf\config.php 第 8 行.

[ 2015-05-05T15:12:11+08:00 ] ::1 /rrzh/index.php/Admin/Homepage/UpdateSlider
NOTIC: [8] Use of undefined constant SITE_ROOT - assumed 'SITE_ROOT' G:\wamp\www\rrzh\Application\Admin\Conf\config.php 第 7 行.
NOTIC: [8] Use of undefined constant SITE_ROOT - assumed 'SITE_ROOT' G:\wamp\www\rrzh\Application\Admin\Conf\config.php 第 8 行.

[ 2015-05-05T15:12:15+08:00 ] ::1 /rrzh/index.php/Admin/Other/allLink
NOTIC: [8] Use of undefined constant SITE_ROOT - assumed 'SITE_ROOT' G:\wamp\www\rrzh\Application\Admin\Conf\config.php 第 7 行.
NOTIC: [8] Use of undefined constant SITE_ROOT - assumed 'SITE_ROOT' G:\wamp\www\rrzh\Application\Admin\Conf\config.php 第 8 行.

[ 2015-05-05T15:12:15+08:00 ] ::1 /rrzh/index.php/Admin/Index/noAuth.html
NOTIC: [8] Use of undefined constant SITE_ROOT - assumed 'SITE_ROOT' G:\wamp\www\rrzh\Application\Admin\Conf\config.php 第 7 行.
NOTIC: [8] Use of undefined constant SITE_ROOT - assumed 'SITE_ROOT' G:\wamp\www\rrzh\Application\Admin\Conf\config.php 第 8 行.

[ 2015-05-05T15:12:19+08:00 ] ::1 /rrzh/index.php/Admin/System/SetColumn
NOTIC: [8] Use of undefined constant SITE_ROOT - assumed 'SITE_ROOT' G:\wamp\www\rrzh\Application\Admin\Conf\config.php 第 7 行.
NOTIC: [8] Use of undefined constant SITE_ROOT - assumed 'SITE_ROOT' G:\wamp\www\rrzh\Application\Admin\Conf\config.php 第 8 行.

[ 2015-05-05T15:12:20+08:00 ] ::1 /rrzh/index.php/Admin/Index/noAuth.html
NOTIC: [8] Use of undefined constant SITE_ROOT - assumed 'SITE_ROOT' G:\wamp\www\rrzh\Application\Admin\Conf\config.php 第 7 行.
NOTIC: [8] Use of undefined constant SITE_ROOT - assumed 'SITE_ROOT' G:\wamp\www\rrzh\Application\Admin\Conf\config.php 第 8 行.

[ 2015-05-05T15:12:22+08:00 ] ::1 /rrzh/index.php/Admin/Index/UpdateOwnInfo
NOTIC: [8] Use of undefined constant SITE_ROOT - assumed 'SITE_ROOT' G:\wamp\www\rrzh\Application\Admin\Conf\config.php 第 7 行.
NOTIC: [8] Use of undefined constant SITE_ROOT - assumed 'SITE_ROOT' G:\wamp\www\rrzh\Application\Admin\Conf\config.php 第 8 行.

[ 2015-05-05T15:12:26+08:00 ] ::1 /rrzh/index.php/Admin/Index/logout
NOTIC: [8] Use of undefined constant SITE_ROOT - assumed 'SITE_ROOT' G:\wamp\www\rrzh\Application\Admin\Conf\config.php 第 7 行.
NOTIC: [8] Use of undefined constant SITE_ROOT - assumed 'SITE_ROOT' G:\wamp\www\rrzh\Application\Admin\Conf\config.php 第 8 行.

[ 2015-05-05T15:12:26+08:00 ] ::1 /rrzh/index.php/Admin/Index/login
NOTIC: [8] Use of undefined constant SITE_ROOT - assumed 'SITE_ROOT' G:\wamp\www\rrzh\Application\Admin\Conf\config.php 第 7 行.
NOTIC: [8] Use of undefined constant SITE_ROOT - assumed 'SITE_ROOT' G:\wamp\www\rrzh\Application\Admin\Conf\config.php 第 8 行.

[ 2015-05-05T15:12:33+08:00 ] ::1 /rrzh/index.php/Admin/Index/SubmLogin
NOTIC: [8] Use of undefined constant SITE_ROOT - assumed 'SITE_ROOT' G:\wamp\www\rrzh\Application\Admin\Conf\config.php 第 7 行.
NOTIC: [8] Use of undefined constant SITE_ROOT - assumed 'SITE_ROOT' G:\wamp\www\rrzh\Application\Admin\Conf\config.php 第 8 行.
INFO: [ app_begin ] --START--
INFO: Run Behavior\ReadHtmlCache [ RunTime:0.002251s ]
INFO: [ app_begin ] --END-- [ RunTime:0.002647s ]
NOTIC: [8192] mysql_connect(): The mysql extension is deprecated and will be removed in the future: use mysqli or PDO instead G:\wamp\www\rrzh\ThinkPHP\Library\Think\Db\Driver\Mysql.class.php 第 52 行.
SQL: SHOW COLUMNS FROM `rz_admin` [ RunTime:0.010788s ]
SQL: SELECT * FROM `rz_admin` WHERE ( aname='admin' ) LIMIT 1   [ RunTime:0.001319s ]

[ 2015-05-05T15:12:33+08:00 ] ::1 /rrzh/index.php/Admin/Index/index
NOTIC: [8] Use of undefined constant SITE_ROOT - assumed 'SITE_ROOT' G:\wamp\www\rrzh\Application\Admin\Conf\config.php 第 7 行.
NOTIC: [8] Use of undefined constant SITE_ROOT - assumed 'SITE_ROOT' G:\wamp\www\rrzh\Application\Admin\Conf\config.php 第 8 行.

[ 2015-05-05T15:12:35+08:00 ] ::1 /rrzh/index.php/Admin/System/AdminList
NOTIC: [8] Use of undefined constant SITE_ROOT - assumed 'SITE_ROOT' G:\wamp\www\rrzh\Application\Admin\Conf\config.php 第 7 行.
NOTIC: [8] Use of undefined constant SITE_ROOT - assumed 'SITE_ROOT' G:\wamp\www\rrzh\Application\Admin\Conf\config.php 第 8 行.

[ 2015-05-05T15:13:36+08:00 ] ::1 /rrzh/index.php/Admin/System/BuildAdmin
NOTIC: [8] Use of undefined constant SITE_ROOT - assumed 'SITE_ROOT' G:\wamp\www\rrzh\Application\Admin\Conf\config.php 第 7 行.
NOTIC: [8] Use of undefined constant SITE_ROOT - assumed 'SITE_ROOT' G:\wamp\www\rrzh\Application\Admin\Conf\config.php 第 8 行.

[ 2015-05-05T15:13:37+08:00 ] ::1 /rrzh/index.php/Admin/System/AdminList.html
NOTIC: [8] Use of undefined constant SITE_ROOT - assumed 'SITE_ROOT' G:\wamp\www\rrzh\Application\Admin\Conf\config.php 第 7 行.
NOTIC: [8] Use of undefined constant SITE_ROOT - assumed 'SITE_ROOT' G:\wamp\www\rrzh\Application\Admin\Conf\config.php 第 8 行.

[ 2015-05-05T15:15:01+08:00 ] ::1 /rrzh/index.php/Admin/System/AdminList
NOTIC: [8] Use of undefined constant SITE_ROOT - assumed 'SITE_ROOT' G:\wamp\www\rrzh\Application\Admin\Conf\config.php 第 7 行.
NOTIC: [8] Use of undefined constant SITE_ROOT - assumed 'SITE_ROOT' G:\wamp\www\rrzh\Application\Admin\Conf\config.php 第 8 行.

[ 2015-05-05T15:15:04+08:00 ] ::1 /rrzh/index.php/Admin/Essay/AllEssay
NOTIC: [8] Use of undefined constant SITE_ROOT - assumed 'SITE_ROOT' G:\wamp\www\rrzh\Application\Admin\Conf\config.php 第 7 行.
NOTIC: [8] Use of undefined constant SITE_ROOT - assumed 'SITE_ROOT' G:\wamp\www\rrzh\Application\Admin\Conf\config.php 第 8 行.

[ 2015-05-05T15:15:06+08:00 ] ::1 /rrzh/index.php/Admin/Essay/SITE_ROOT/index.php/Index/ShowEssay/eid/41
NOTIC: [8] Use of undefined constant SITE_ROOT - assumed 'SITE_ROOT' G:\wamp\www\rrzh\Application\Admin\Conf\config.php 第 7 行.
NOTIC: [8] Use of undefined constant SITE_ROOT - assumed 'SITE_ROOT' G:\wamp\www\rrzh\Application\Admin\Conf\config.php 第 8 行.
ERR: 非法操作:site_root

[ 2015-05-05T15:17:08+08:00 ] ::1 /rrzh/index.php/Admin/Essay/AllEssay
NOTIC: [8] Use of undefined constant SITE_ROOT - assumed 'SITE_ROOT' G:\wamp\www\rrzh\Application\Admin\Conf\config.php 第 7 行.
NOTIC: [8] Use of undefined constant SITE_ROOT - assumed 'SITE_ROOT' G:\wamp\www\rrzh\Application\Admin\Conf\config.php 第 8 行.

[ 2015-05-05T15:17:11+08:00 ] ::1 /rrzh/index.php/Home/EssayDetail/e/41
ERR: 无法加载控制器:EssayDetail

[ 2015-05-05T15:17:28+08:00 ] ::1 /rrzh/index.php/Home/EssayDetail/e/41
ERR: 无法加载控制器:EssayDetail

[ 2015-05-05T15:17:33+08:00 ] ::1 /rrzh/index.php/Home/EssayDetail/e/41
ERR: 无法加载控制器:EssayDetail

[ 2015-05-05T15:18:12+08:00 ] ::1 /rrzh/index.php/Admin/Essay/AllEssay
NOTIC: [8] Use of undefined constant SITE_ROOT - assumed 'SITE_ROOT' G:\wamp\www\rrzh\Application\Admin\Conf\config.php 第 7 行.
NOTIC: [8] Use of undefined constant SITE_ROOT - assumed 'SITE_ROOT' G:\wamp\www\rrzh\Application\Admin\Conf\config.php 第 8 行.

[ 2015-05-05T15:18:41+08:00 ] ::1 /rrzh/index.php/Admin/Essay/allessay?filteby=title&kw=%E5%AD%A9%E5%AD%90
NOTIC: [8] Use of undefined constant SITE_ROOT - assumed 'SITE_ROOT' G:\wamp\www\rrzh\Application\Admin\Conf\config.php 第 7 行.
NOTIC: [8] Use of undefined constant SITE_ROOT - assumed 'SITE_ROOT' G:\wamp\www\rrzh\Application\Admin\Conf\config.php 第 8 行.

[ 2015-05-05T15:18:53+08:00 ] ::1 /rrzh/index.php/Admin/Essay/allessay/code/gsjg
NOTIC: [8] Use of undefined constant SITE_ROOT - assumed 'SITE_ROOT' G:\wamp\www\rrzh\Application\Admin\Conf\config.php 第 7 行.
NOTIC: [8] Use of undefined constant SITE_ROOT - assumed 'SITE_ROOT' G:\wamp\www\rrzh\Application\Admin\Conf\config.php 第 8 行.

[ 2015-05-05T15:18:58+08:00 ] ::1 /rrzh/index.php/Admin/Essay/allessay/code/gsjg
NOTIC: [8] Use of undefined constant SITE_ROOT - assumed 'SITE_ROOT' G:\wamp\www\rrzh\Application\Admin\Conf\config.php 第 7 行.
NOTIC: [8] Use of undefined constant SITE_ROOT - assumed 'SITE_ROOT' G:\wamp\www\rrzh\Application\Admin\Conf\config.php 第 8 行.

[ 2015-05-05T15:18:59+08:00 ] ::1 /rrzh/index.php/Admin/Essay/allessay?filteby=title&kw=
NOTIC: [8] Use of undefined constant SITE_ROOT - assumed 'SITE_ROOT' G:\wamp\www\rrzh\Application\Admin\Conf\config.php 第 7 行.
NOTIC: [8] Use of undefined constant SITE_ROOT - assumed 'SITE_ROOT' G:\wamp\www\rrzh\Application\Admin\Conf\config.php 第 8 行.

[ 2015-05-05T15:19:09+08:00 ] ::1 /rrzh/index.php/Admin/Essay/allessay?filteby=title&kw=&order=build
NOTIC: [8] Use of undefined constant SITE_ROOT - assumed 'SITE_ROOT' G:\wamp\www\rrzh\Application\Admin\Conf\config.php 第 7 行.
NOTIC: [8] Use of undefined constant SITE_ROOT - assumed 'SITE_ROOT' G:\wamp\www\rrzh\Application\Admin\Conf\config.php 第 8 行.

[ 2015-05-05T15:19:11+08:00 ] ::1 /rrzh/index.php/Admin/Essay/allessay?filteby=title&kw=&order=read
NOTIC: [8] Use of undefined constant SITE_ROOT - assumed 'SITE_ROOT' G:\wamp\www\rrzh\Application\Admin\Conf\config.php 第 7 行.
NOTIC: [8] Use of undefined constant SITE_ROOT - assumed 'SITE_ROOT' G:\wamp\www\rrzh\Application\Admin\Conf\config.php 第 8 行.

[ 2015-05-05T15:19:13+08:00 ] ::1 /rrzh/index.php/Admin/Essay/allessay?filteby=title&kw=&order=revise
NOTIC: [8] Use of undefined constant SITE_ROOT - assumed 'SITE_ROOT' G:\wamp\www\rrzh\Application\Admin\Conf\config.php 第 7 行.
NOTIC: [8] Use of undefined constant SITE_ROOT - assumed 'SITE_ROOT' G:\wamp\www\rrzh\Application\Admin\Conf\config.php 第 8 行.

